[2017-11-07 00:09:41.574] [DEBUG] logInfo - POST /message/feedback 200
[2017-11-07 00:09:42.079] [DEBUG] logInfo - POST /message/feedback 200
[2017-11-07 00:09:42.518] [DEBUG] logInfo - POST /message/feedback 200
[2017-11-07 00:09:42.684] [DEBUG] logInfo - POST /message/feedback 200
[2017-11-07 00:09:42.932] [DEBUG] logInfo - POST /message/feedback 200
[2017-11-07 00:09:43.381] [DEBUG] logInfo - POST /message/feedback 200
[2017-11-07 00:09:43.697] [DEBUG] logInfo - POST /message/feedback 200
[2017-11-07 00:09:43.890] [DEBUG] logInfo - POST /message/feedback 200
[2017-11-07 00:09:44.073] [DEBUG] logInfo - POST /message/feedback 200
[2017-11-07 00:09:44.236] [DEBUG] logInfo - POST /message/feedback 200
[2017-11-07 00:09:44.447] [DEBUG] logInfo - POST /message/feedback 200
[2017-11-07 08:06:04.011] [INFO] /dao/dao.js - ---连接数据库 类型:default 参数:{"host":"127.0.0.1","user":"root","password":"890503","database":"poem","port":3306,"multipleStatements":true}
[2017-11-07 08:18:59.945] [DEBUG] logInfo - POST /message/feedback 200
[2017-11-07 08:19:00.591] [DEBUG] logInfo - POST /message/feedback 200
[2017-11-07 08:19:00.836] [DEBUG] logInfo - POST /message/feedback 200
[2017-11-07 08:19:01.035] [DEBUG] logInfo - POST /message/feedback 200
[2017-11-07 08:19:01.225] [DEBUG] logInfo - POST /message/feedback 200
[2017-11-07 08:19:01.556] [DEBUG] logInfo - POST /message/feedback 200
[2017-11-07 08:19:01.754] [DEBUG] logInfo - POST /message/feedback 200
[2017-11-07 08:19:01.931] [DEBUG] logInfo - POST /message/feedback 200
[2017-11-07 08:19:02.117] [DEBUG] logInfo - POST /message/feedback 200
[2017-11-07 08:19:02.300] [DEBUG] logInfo - POST /message/feedback 200
[2017-11-07 08:19:02.469] [DEBUG] logInfo - POST /message/feedback 200
[2017-11-07 09:08:29.923] [DEBUG] logInfo - POST /poem/newestallpoem 200
[2017-11-07 09:08:30.329] [DEBUG] logInfo - GET /pimage/file/50fca5a28ff53e7b26338bc02d144c2d 200
[2017-11-07 09:08:30.333] [DEBUG] logInfo - GET /pimage/file/04ebfc8602015b0b4033e18c56548735 200
[2017-11-07 09:08:30.342] [DEBUG] logInfo - GET /pimage/file/e1dc2d16cd7a666714a2ea9e986d05f8 200
[2017-11-07 09:09:20.382] [DEBUG] logInfo - POST /poem/newestallpoem 200
[2017-11-07 09:09:38.682] [DEBUG] logInfo - POST /poem/newestallpoem 200
[2017-11-07 09:12:09.056] [DEBUG] logInfo - POST /poem/newestallpoem 200
[2017-11-07 09:12:34.678] [DEBUG] logInfo - POST /poem/newestallpoem 200
[2017-11-07 09:14:02.663] [DEBUG] logInfo - POST /poem/newestallpoem 200
[2017-11-07 09:22:44.315] [DEBUG] logInfo - POST /poem/newestallpoem 200
[2017-11-07 09:32:52.996] [DEBUG] logInfo - POST /user/login 200
[2017-11-07 09:32:53.212] [DEBUG] logInfo - POST /poem/newestallpoem 200
[2017-11-07 09:32:53.214] [DEBUG] logInfo - POST /user/info 200
[2017-11-07 09:34:04.930] [DEBUG] logInfo - POST /message/messages 200
[2017-11-07 09:40:54.111] [DEBUG] logInfo - POST /message/feedback 200
[2017-11-07 09:41:12.087] [DEBUG] logInfo - POST /message/feedback 200
[2017-11-07 09:41:49.485] [DEBUG] logInfo - POST /message/messages 200
[2017-11-07 09:41:59.869] [DEBUG] logInfo - POST /message/messages 200
[2017-11-07 09:42:17.610] [DEBUG] logInfo - POST /message/messages 200
[2017-11-07 09:42:58.719] [DEBUG] logInfo - POST /message/messages 200
[2017-11-07 09:44:42.071] [DEBUG] logInfo - POST /message/messages 200
[2017-11-07 09:45:33.811] [DEBUG] logInfo - POST /message/messages 200
[2017-11-07 09:46:55.896] [DEBUG] logInfo - POST /message/messages 200
[2017-11-07 09:47:17.345] [DEBUG] logInfo - POST /message/messages 200
[2017-11-07 09:48:21.177] [DEBUG] logInfo - POST /message/messages 200
[2017-11-07 09:48:29.519] [DEBUG] logInfo - POST /message/messages 200
[2017-11-07 09:49:41.844] [DEBUG] logInfo - POST /message/messages 200
[2017-11-07 09:49:56.261] [DEBUG] logInfo - POST /message/messages 200
[2017-11-07 09:56:33.503] [DEBUG] logInfo - POST /message/messages 200
[2017-11-07 09:56:47.719] [DEBUG] /dao/messageDao.js - 
[2017-11-07 09:56:47.728] [DEBUG] logInfo - POST /message/pushuser 200
[2017-11-07 09:56:47.730] [DEBUG] logInfo - POST /admin/pushuser 200
[2017-11-07 10:01:28.499] [INFO] /dao/dao.js - ---连接数据库 类型:default 参数:{"host":"127.0.0.1","user":"root","password":"890503","database":"poem","port":3306,"multipleStatements":true}
[2017-11-07 10:01:45.360] [DEBUG] /dao/messageDao.js - 
[2017-11-07 10:01:45.375] [DEBUG] logInfo - POST /message/pushuser 200
[2017-11-07 10:01:45.380] [DEBUG] logInfo - POST /admin/pushuser 200
[2017-11-07 10:05:23.327] [DEBUG] /dao/messageDao.js - 
[2017-11-07 10:05:23.331] [DEBUG] logInfo - POST /message/pushuser 200
[2017-11-07 10:05:23.333] [DEBUG] logInfo - POST /admin/pushuser 200
[2017-11-07 10:07:24.944] [DEBUG] /dao/messageDao.js - 
[2017-11-07 10:07:24.952] [DEBUG] logInfo - POST /message/pushuser 200
[2017-11-07 10:07:24.954] [DEBUG] logInfo - POST /admin/pushuser 200
[2017-11-07 10:08:17.931] [INFO] /dao/dao.js - ---连接数据库 类型:default 参数:{"host":"127.0.0.1","user":"root","password":"890503","database":"poem","port":3306,"multipleStatements":true}
[2017-11-07 10:09:00.001] [INFO] /dao/dao.js - ---连接数据库 类型:default 参数:{"host":"127.0.0.1","user":"root","password":"890503","database":"poem","port":3306,"multipleStatements":true}
[2017-11-07 10:09:18.618] [DEBUG] /dao/messageDao.js - {}
[2017-11-07 10:09:18.631] [DEBUG] logInfo - POST /message/pushuser 200
[2017-11-07 10:09:18.635] [DEBUG] logInfo - POST /admin/pushuser 200
[2017-11-07 10:10:17.311] [INFO] /dao/dao.js - ---连接数据库 类型:default 参数:{"host":"127.0.0.1","user":"root","password":"890503","database":"poem","port":3306,"multipleStatements":true}
[2017-11-07 10:10:27.108] [DEBUG] /dao/messageDao.js - {}
[2017-11-07 10:10:27.120] [DEBUG] logInfo - POST /message/pushuser 200
[2017-11-07 10:10:27.124] [DEBUG] logInfo - POST /admin/pushuser 200
[2017-11-07 10:11:05.602] [INFO] /dao/dao.js - ---连接数据库 类型:default 参数:{"host":"127.0.0.1","user":"root","password":"890503","database":"poem","port":3306,"multipleStatements":true}
[2017-11-07 10:11:15.166] [DEBUG] /dao/messageDao.js - {"a":1}
[2017-11-07 10:11:15.175] [DEBUG] logInfo - POST /message/pushuser 200
[2017-11-07 10:11:15.180] [DEBUG] logInfo - POST /admin/pushuser 200
[2017-11-07 10:11:59.772] [INFO] /dao/dao.js - ---连接数据库 类型:default 参数:{"host":"127.0.0.1","user":"root","password":"890503","database":"poem","port":3306,"multipleStatements":true}
[2017-11-07 10:12:07.878] [DEBUG] /dao/messageDao.js - {"a":1}
[2017-11-07 10:12:07.888] [DEBUG] logInfo - POST /message/pushuser 200
[2017-11-07 10:12:07.892] [DEBUG] logInfo - POST /admin/pushuser 200
[2017-11-07 10:12:19.898] [INFO] /dao/dao.js - ---连接数据库 类型:default 参数:{"host":"127.0.0.1","user":"root","password":"890503","database":"poem","port":3306,"multipleStatements":true}
[2017-11-07 10:12:28.201] [DEBUG] /dao/messageDao.js - {"a":1}
[2017-11-07 10:12:28.212] [DEBUG] logInfo - POST /message/pushuser 200
[2017-11-07 10:12:28.216] [DEBUG] logInfo - POST /admin/pushuser 200
[2017-11-07 10:12:50.447] [INFO] /dao/dao.js - ---连接数据库 类型:default 参数:{"host":"127.0.0.1","user":"root","password":"890503","database":"poem","port":3306,"multipleStatements":true}
[2017-11-07 10:12:58.174] [DEBUG] logInfo - POST /message/pushuser 200
[2017-11-07 10:12:58.180] [DEBUG] logInfo - POST /admin/pushuser 200
[2017-11-07 10:13:07.779] [DEBUG] /dao/messageDao.js - {"userid":"","head":"","pseudonym":""}
[2017-11-07 10:13:07.784] [DEBUG] logInfo - POST /message/pushuser 200
[2017-11-07 10:13:07.786] [DEBUG] logInfo - POST /admin/pushuser 200
[2017-11-07 10:15:23.392] [INFO] /dao/dao.js - ---连接数据库 类型:default 参数:{"host":"127.0.0.1","user":"root","password":"890503","database":"poem","port":3306,"multipleStatements":true}
[2017-11-07 10:15:40.771] [DEBUG] /dao/messageDao.js - string
[2017-11-07 10:15:40.771] [DEBUG] /dao/messageDao.js - {"userid":"","head":"","pseudonym":""}
[2017-11-07 10:15:40.782] [DEBUG] logInfo - POST /message/pushuser 200
[2017-11-07 10:15:40.786] [DEBUG] logInfo - POST /admin/pushuser 200
[2017-11-07 10:22:08.957] [INFO] /dao/dao.js - ---连接数据库 类型:default 参数:{"host":"127.0.0.1","user":"root","password":"890503","database":"poem","port":3306,"multipleStatements":true}
[2017-11-07 10:23:13.380] [INFO] /dao/dao.js - ---连接数据库 类型:default 参数:{"host":"127.0.0.1","user":"root","password":"890503","database":"poem","port":3306,"multipleStatements":true}
[2017-11-07 10:23:42.275] [DEBUG] /dao/messageDao.js - string
[2017-11-07 10:23:42.276] [DEBUG] /dao/messageDao.js - 
[2017-11-07 10:23:42.288] [DEBUG] logInfo - POST /message/pushuser 200
[2017-11-07 10:23:42.292] [DEBUG] logInfo - POST /admin/pushuser 200
[2017-11-07 10:24:23.099] [INFO] /dao/dao.js - ---连接数据库 类型:default 参数:{"host":"127.0.0.1","user":"root","password":"890503","database":"poem","port":3306,"multipleStatements":true}
[2017-11-07 10:24:30.821] [DEBUG] /dao/messageDao.js - string
[2017-11-07 10:24:30.822] [DEBUG] /dao/messageDao.js - {}
[2017-11-07 10:25:00.360] [INFO] /dao/dao.js - ---连接数据库 类型:default 参数:{"host":"127.0.0.1","user":"root","password":"890503","database":"poem","port":3306,"multipleStatements":true}
[2017-11-07 10:25:08.387] [DEBUG] /dao/messageDao.js - string
[2017-11-07 10:25:08.387] [DEBUG] /dao/messageDao.js - {}
[2017-11-07 10:25:08.394] [INFO] /routers/message.js - ---发送极光推送 msgid:37 pushid:1a1018970aa26f42422 os:ios
[2017-11-07 10:25:08.395] [INFO] /routers/message.js - ---title:1
[2017-11-07 10:25:08.395] [INFO] /routers/message.js - ---content:1
[2017-11-07 10:25:08.747] [DEBUG] logInfo - POST /message/pushuser 200
[2017-11-07 10:25:08.751] [DEBUG] logInfo - POST /admin/pushuser 200
[2017-11-07 10:25:16.303] [DEBUG] logInfo - POST /message/messages 200
[2017-11-07 10:25:16.470] [DEBUG] logInfo - POST /message/read 200
[2017-11-07 10:30:16.662] [DEBUG] logInfo - POST /message/messages 200
[2017-11-07 10:30:58.915] [DEBUG] logInfo - POST /poem/newestallpoem 200
[2017-11-07 10:30:59.206] [DEBUG] logInfo - POST /user/info 200
[2017-11-07 10:30:59.489] [DEBUG] logInfo - POST /message/messages 200
[2017-11-07 10:31:01.992] [DEBUG] logInfo - POST /message/messages 200
[2017-11-07 10:32:46.226] [DEBUG] /dao/messageDao.js - string
[2017-11-07 10:32:46.226] [DEBUG] /dao/messageDao.js - {}
[2017-11-07 10:32:46.230] [INFO] /routers/message.js - ---发送极光推送 msgid:38 pushid:1a1018970aa26f42422 os:ios
[2017-11-07 10:32:46.230] [INFO] /routers/message.js - ---title:asdad
[2017-11-07 10:32:46.231] [INFO] /routers/message.js - ---content:asd
[2017-11-07 10:32:46.596] [DEBUG] logInfo - POST /message/pushuser 200
[2017-11-07 10:32:46.599] [DEBUG] logInfo - POST /admin/pushuser 200
[2017-11-07 10:32:51.205] [DEBUG] logInfo - POST /message/messages 200
[2017-11-07 10:32:51.385] [DEBUG] logInfo - POST /message/read 200
[2017-11-07 10:40:45.840] [DEBUG] logInfo - POST /poem/newestallpoem 200
[2017-11-07 10:40:46.076] [DEBUG] logInfo - POST /user/info 200
[2017-11-07 10:40:46.535] [DEBUG] logInfo - POST /message/messages 200
[2017-11-07 10:40:49.698] [DEBUG] logInfo - POST /message/messages 200
[2017-11-07 10:41:27.471] [DEBUG] logInfo - POST /poem/newestallpoem 200
[2017-11-07 10:41:27.612] [DEBUG] logInfo - POST /user/info 200
[2017-11-07 10:41:27.997] [DEBUG] logInfo - POST /message/messages 200
[2017-11-07 10:41:31.098] [DEBUG] logInfo - POST /message/messages 200
[2017-11-07 10:44:17.944] [DEBUG] logInfo - POST /poem/newestallpoem 200
[2017-11-07 10:44:18.219] [DEBUG] logInfo - POST /user/info 200
[2017-11-07 10:44:18.701] [DEBUG] logInfo - POST /message/messages 200
[2017-11-07 10:47:36.881] [DEBUG] logInfo - POST /poem/newestallpoem 200
[2017-11-07 10:47:37.224] [DEBUG] logInfo - POST /user/info 200
[2017-11-07 10:47:37.632] [DEBUG] logInfo - POST /message/messages 200
[2017-11-07 10:48:16.568] [DEBUG] logInfo - POST /poem/newestallpoem 200
[2017-11-07 10:48:16.934] [DEBUG] logInfo - POST /user/info 200
[2017-11-07 10:48:28.050] [DEBUG] logInfo - POST /poem/newestallpoem 200
[2017-11-07 10:48:28.289] [DEBUG] logInfo - POST /user/info 200
[2017-11-07 10:48:28.771] [DEBUG] logInfo - POST /message/messages 200
[2017-11-07 11:51:00.799] [DEBUG] logInfo - POST /poem/newestallpoem 200
[2017-11-07 11:51:01.113] [DEBUG] logInfo - POST /user/info 200
[2017-11-07 11:51:01.513] [DEBUG] logInfo - POST /message/messages 200
[2017-11-07 11:52:02.219] [DEBUG] logInfo - POST /poem/newestallpoem 200
[2017-11-07 11:52:02.324] [DEBUG] logInfo - POST /user/info 200
[2017-11-07 11:52:02.797] [DEBUG] logInfo - POST /message/messages 200
[2017-11-07 11:54:52.862] [DEBUG] logInfo - POST /poem/newestallpoem 200
[2017-11-07 11:54:53.073] [DEBUG] logInfo - POST /user/info 200
[2017-11-07 11:54:53.299] [DEBUG] logInfo - POST /message/messages 200
[2017-11-07 11:55:18.318] [DEBUG] logInfo - POST /poem/newestallpoem 200
[2017-11-07 11:55:18.460] [DEBUG] logInfo - POST /user/info 200
[2017-11-07 11:55:19.136] [DEBUG] logInfo - POST /message/messages 200
[2017-11-07 11:57:38.217] [DEBUG] logInfo - POST /poem/newestallpoem 200
[2017-11-07 11:57:38.555] [DEBUG] logInfo - POST /user/info 200
[2017-11-07 11:57:38.924] [DEBUG] logInfo - POST /message/messages 200
[2017-11-07 12:22:39.325] [DEBUG] logInfo - POST /poem/newestallpoem 200
[2017-11-07 12:22:40.249] [DEBUG] logInfo - POST /user/info 200
[2017-11-07 12:22:41.149] [DEBUG] logInfo - POST /message/messages 200
[2017-11-07 12:35:46.613] [DEBUG] logInfo - POST /poem/newestallpoem 200
[2017-11-07 12:35:47.222] [DEBUG] logInfo - POST /user/info 200
[2017-11-07 12:35:48.129] [DEBUG] logInfo - POST /message/messages 200
[2017-11-07 12:37:22.591] [DEBUG] logInfo - POST /poem/newestallpoem 200
[2017-11-07 12:37:23.087] [DEBUG] logInfo - POST /user/info 200
[2017-11-07 12:37:23.510] [DEBUG] logInfo - POST /message/messages 200
[2017-11-07 12:44:24.510] [DEBUG] logInfo - POST /poem/newestallpoem 200
[2017-11-07 12:44:41.500] [DEBUG] logInfo - POST /poem/newestallpoem 200
[2017-11-07 12:44:41.933] [DEBUG] logInfo - POST /user/info 200
[2017-11-07 12:44:42.691] [DEBUG] logInfo - POST /message/messages 200
[2017-11-07 12:46:00.323] [DEBUG] logInfo - POST /poem/newestallpoem 200
[2017-11-07 12:46:00.815] [DEBUG] logInfo - POST /user/info 200
[2017-11-07 12:46:01.241] [DEBUG] logInfo - POST /message/messages 200
[2017-11-07 13:05:08.798] [INFO] /dao/dao.js - ---连接数据库 类型:default 参数:{"host":"127.0.0.1","user":"root","password":"890503","database":"poem","port":3306,"multipleStatements":true}
[2017-11-07 13:19:42.891] [DEBUG] logInfo - POST /user/info 200
[2017-11-07 13:19:43.001] [DEBUG] logInfo - POST /poem/newestallpoem 200
[2017-11-07 13:19:43.281] [DEBUG] logInfo - POST /message/messages 200
[2017-11-07 13:40:03.310] [INFO] /dao/dao.js - ---连接数据库 类型:default 参数:{"host":"127.0.0.1","user":"root","password":"890503","database":"poem","port":3306,"multipleStatements":true}
[2017-11-07 13:40:55.521] [DEBUG] /dao/messageDao.js - {}
[2017-11-07 13:40:55.544] [INFO] /routers/message.js - ---发送极光推送
[2017-11-07 13:40:55.545] [INFO] /routers/message.js - ---title:1
[2017-11-07 13:40:55.545] [INFO] /routers/message.js - ---content:1
[2017-11-07 13:40:55.545] [INFO] /routers/message.js - ---os:all
[2017-11-07 13:40:55.932] [DEBUG] logInfo - POST /message/pushall 200
[2017-11-07 13:40:55.937] [DEBUG] logInfo - POST /admin/pushall 200
[2017-11-07 13:41:13.630] [DEBUG] /dao/messageDao.js - string
[2017-11-07 13:41:13.630] [DEBUG] /dao/messageDao.js - {}
[2017-11-07 13:41:13.648] [INFO] /routers/message.js - ---发送极光推送 msgid:44 pushid:1a1018970aa26f42422 os:ios
[2017-11-07 13:41:13.649] [INFO] /routers/message.js - ---title:2
[2017-11-07 13:41:13.649] [INFO] /routers/message.js - ---content:2
[2017-11-07 13:41:13.869] [DEBUG] logInfo - POST /message/pushuser 200
[2017-11-07 13:41:13.871] [DEBUG] logInfo - POST /admin/pushuser 200
[2017-11-07 13:42:29.010] [DEBUG] logInfo - POST /chat/send 200
[2017-11-07 13:42:58.328] [DEBUG] /dao/messageDao.js - {}
[2017-11-07 13:42:58.336] [DEBUG] logInfo - POST /chat/send 200
[2017-11-07 13:52:52.229] [INFO] /dao/dao.js - ---连接数据库 类型:default 参数:{"host":"127.0.0.1","user":"root","password":"890503","database":"poem","port":3306,"multipleStatements":true}
[2017-11-07 13:53:04.986] [DEBUG] /dao/messageDao.js - string
[2017-11-07 13:53:04.986] [DEBUG] /dao/messageDao.js - {}
[2017-11-07 13:53:04.994] [INFO] /push/jpush.js - ---发送极光推送 msgid:45 pushid:1a1018970aa26f42422 os:ios
[2017-11-07 13:53:04.995] [INFO] /push/jpush.js - ---title:1
[2017-11-07 13:53:04.995] [INFO] /push/jpush.js - ---content:1
[2017-11-07 13:53:05.356] [DEBUG] logInfo - POST /message/pushuser 200
[2017-11-07 13:53:05.361] [DEBUG] logInfo - POST /admin/pushuser 200
[2017-11-07 13:53:13.605] [DEBUG] /dao/messageDao.js - {}
[2017-11-07 13:53:13.608] [INFO] /push/jpush.js - ---发送极光推送
[2017-11-07 13:53:13.608] [INFO] /push/jpush.js - ---title:ad
[2017-11-07 13:53:13.608] [INFO] /push/jpush.js - ---content:ad
[2017-11-07 13:53:13.608] [INFO] /push/jpush.js - ---os:ios
[2017-11-07 13:53:13.818] [DEBUG] logInfo - POST /message/pushall 200
[2017-11-07 13:53:13.820] [DEBUG] logInfo - POST /admin/pushall 200
[2017-11-07 14:02:06.348] [INFO] /dao/dao.js - ---连接数据库 类型:default 参数:{"host":"127.0.0.1","user":"root","password":"890503","database":"poem","port":3306,"multipleStatements":true}
[2017-11-07 14:02:18.013] [DEBUG] /dao/messageDao.js - {}
[2017-11-07 14:02:18.020] [INFO] /push/jpush.js - ---发送极光推送
[2017-11-07 14:02:18.020] [INFO] /push/jpush.js - ---title:1
[2017-11-07 14:02:18.020] [INFO] /push/jpush.js - ---content:1
[2017-11-07 14:02:18.020] [INFO] /push/jpush.js - ---os:all
[2017-11-07 14:02:18.405] [DEBUG] logInfo - POST /message/pushall 200
[2017-11-07 14:02:18.409] [DEBUG] logInfo - POST /admin/pushall 200
[2017-11-07 14:02:30.287] [DEBUG] /dao/messageDao.js - string
[2017-11-07 14:02:30.287] [DEBUG] /dao/messageDao.js - {}
[2017-11-07 14:02:55.459] [INFO] /dao/dao.js - ---连接数据库 类型:default 参数:{"host":"127.0.0.1","user":"root","password":"890503","database":"poem","port":3306,"multipleStatements":true}
[2017-11-07 14:03:09.538] [DEBUG] /dao/messageDao.js - string
[2017-11-07 14:03:09.538] [DEBUG] /dao/messageDao.js - {}
[2017-11-07 14:04:57.769] [INFO] /dao/dao.js - ---连接数据库 类型:default 参数:{"host":"127.0.0.1","user":"root","password":"890503","database":"poem","port":3306,"multipleStatements":true}
[2017-11-07 14:05:11.676] [DEBUG] /dao/messageDao.js - string
[2017-11-07 14:05:11.677] [DEBUG] /dao/messageDao.js - {}
[2017-11-07 14:05:11.683] [INFO] /push/jpush.js - ---发送极光推送 msgid:57 pushid:1a1018970aa26f42422 os:ios
[2017-11-07 14:05:11.684] [INFO] /push/jpush.js - ---title:asd
[2017-11-07 14:05:11.684] [INFO] /push/jpush.js - ---content:asdsad
[2017-11-07 14:05:12.035] [DEBUG] logInfo - POST /message/pushuser 200
[2017-11-07 14:05:12.042] [DEBUG] logInfo - POST /admin/pushuser 200
[2017-11-07 14:05:27.114] [DEBUG] /dao/messageDao.js - {}
[2017-11-07 14:07:30.966] [INFO] /dao/dao.js - ---连接数据库 类型:default 参数:{"host":"127.0.0.1","user":"root","password":"890503","database":"poem","port":3306,"multipleStatements":true}
[2017-11-07 14:07:37.315] [DEBUG] /dao/messageDao.js - {}
[2017-11-07 14:08:12.886] [INFO] /dao/dao.js - ---连接数据库 类型:default 参数:{"host":"127.0.0.1","user":"root","password":"890503","database":"poem","port":3306,"multipleStatements":true}
[2017-11-07 14:08:33.961] [DEBUG] /dao/messageDao.js - {}
[2017-11-07 14:08:33.982] [DEBUG] logInfo - POST /chat/send 200
[2017-11-07 14:08:33.986] [INFO] /push/jpush.js - ---发送极光推送 msgid:38 pushid:1a1018970aa26f42422 os:ios
[2017-11-07 14:08:33.986] [INFO] /push/jpush.js - ---title:您有一条私信
[2017-11-07 14:08:33.987] [INFO] /push/jpush.js - ---content:你好
[2017-11-07 14:08:51.841] [DEBUG] /dao/messageDao.js - {}
[2017-11-07 14:08:51.868] [DEBUG] logInfo - POST /chat/send 200
[2017-11-07 14:08:51.875] [INFO] /push/jpush.js - ---发送极光推送 msgid:39 pushid:1a1018970aa26f42422 os:ios
[2017-11-07 14:08:51.875] [INFO] /push/jpush.js - ---title:您有一条私信
[2017-11-07 14:08:51.876] [INFO] /push/jpush.js - ---content:在干嘛
[2017-11-07 19:47:53.959] [DEBUG] logInfo - POST /poem/newestallpoem 200
[2017-11-07 19:47:55.219] [DEBUG] logInfo - GET /pimage/file/04ebfc8602015b0b4033e18c56548735 200
[2017-11-07 19:47:55.223] [DEBUG] logInfo - GET /pimage/file/50fca5a28ff53e7b26338bc02d144c2d 200
[2017-11-07 19:47:55.234] [DEBUG] logInfo - GET /pimage/file/e1dc2d16cd7a666714a2ea9e986d05f8 200
[2017-11-07 19:49:11.085] [DEBUG] logInfo - POST /user/login 200
[2017-11-07 19:49:11.639] [DEBUG] logInfo - POST /poem/newestallpoem 200
[2017-11-07 19:49:11.641] [DEBUG] logInfo - POST /user/info 200
[2017-11-07 19:49:55.634] [DEBUG] logInfo - POST /poem/newestallpoem 200
[2017-11-07 19:49:56.004] [DEBUG] logInfo - POST /user/info 200
[2017-11-07 19:49:56.448] [DEBUG] logInfo - POST /message/pushid 200
[2017-11-07 19:49:56.500] [DEBUG] logInfo - POST /message/messages 200
[2017-11-07 19:49:56.916] [DEBUG] logInfo - POST /message/read 200
[2017-11-07 19:50:43.518] [DEBUG] /dao/messageDao.js - string
[2017-11-07 19:50:43.519] [DEBUG] /dao/messageDao.js - {}
[2017-11-07 19:50:43.533] [INFO] /push/jpush.js - ---发送极光推送 msgid:58 pushid:1507bfd3f7c397e76cd os:android
[2017-11-07 19:50:43.533] [INFO] /push/jpush.js - ---title:123
[2017-11-07 19:50:43.533] [INFO] /push/jpush.js - ---content:123
[2017-11-07 19:50:44.188] [DEBUG] logInfo - POST /message/pushuser 200
[2017-11-07 19:50:44.195] [DEBUG] logInfo - POST /admin/pushuser 200
[2017-11-07 19:50:52.883] [DEBUG] logInfo - POST /message/messages 200
[2017-11-07 19:50:53.203] [DEBUG] logInfo - POST /message/read 200
[2017-11-07 19:51:08.668] [DEBUG] /dao/messageDao.js - string
[2017-11-07 19:51:08.669] [DEBUG] /dao/messageDao.js - {}
[2017-11-07 19:51:08.674] [INFO] /push/jpush.js - ---发送极光推送 msgid:59 pushid:1507bfd3f7c397e76cd os:android
[2017-11-07 19:51:08.674] [INFO] /push/jpush.js - ---title:aaa
[2017-11-07 19:51:08.674] [INFO] /push/jpush.js - ---content:aaa
[2017-11-07 19:51:08.876] [DEBUG] logInfo - POST /message/pushuser 200
[2017-11-07 19:51:08.878] [DEBUG] logInfo - POST /admin/pushuser 200
[2017-11-07 19:51:16.668] [DEBUG] logInfo - POST /message/messages 200
[2017-11-07 19:51:17.018] [DEBUG] logInfo - POST /message/read 200
[2017-11-07 19:51:32.168] [DEBUG] /dao/messageDao.js - string
[2017-11-07 19:51:32.169] [DEBUG] /dao/messageDao.js - {}
[2017-11-07 19:51:32.177] [INFO] /push/jpush.js - ---发送极光推送 msgid:60 pushid:1507bfd3f7c397e76cd os:android
[2017-11-07 19:51:32.179] [INFO] /push/jpush.js - ---title:123
[2017-11-07 19:51:32.180] [INFO] /push/jpush.js - ---content:123
[2017-11-07 19:51:32.387] [DEBUG] logInfo - POST /message/pushuser 200
[2017-11-07 19:51:32.388] [DEBUG] logInfo - POST /admin/pushuser 200
[2017-11-07 19:51:56.002] [DEBUG] logInfo - POST /poem/newestallpoem 200
[2017-11-07 19:51:56.264] [DEBUG] logInfo - POST /user/info 200
[2017-11-07 19:51:56.699] [DEBUG] logInfo - POST /message/messages 200
[2017-11-07 19:51:56.723] [DEBUG] logInfo - POST /message/pushid 200
[2017-11-07 19:51:57.053] [DEBUG] logInfo - POST /message/read 200
[2017-11-07 19:52:09.615] [DEBUG] /dao/messageDao.js - string
[2017-11-07 19:52:09.616] [DEBUG] /dao/messageDao.js - {}
[2017-11-07 19:52:09.620] [INFO] /push/jpush.js - ---发送极光推送 msgid:61 pushid:1507bfd3f7c397e76cd os:android
[2017-11-07 19:52:09.620] [INFO] /push/jpush.js - ---title:1
[2017-11-07 19:52:09.621] [INFO] /push/jpush.js - ---content:1
[2017-11-07 19:52:09.927] [DEBUG] logInfo - POST /message/pushuser 200
[2017-11-07 19:52:09.929] [DEBUG] logInfo - POST /admin/pushuser 200
[2017-11-07 19:53:12.406] [DEBUG] logInfo - POST /message/messages 200
[2017-11-07 19:53:12.830] [DEBUG] logInfo - POST /message/read 200
[2017-11-07 19:53:13.177] [DEBUG] logInfo - POST /message/messages 200
[2017-11-07 19:53:13.209] [DEBUG] logInfo - POST /message/messages 200
[2017-11-07 19:53:13.267] [DEBUG] logInfo - POST /message/messages 200
[2017-11-07 19:53:39.400] [DEBUG] /dao/messageDao.js - {}
[2017-11-07 19:53:39.410] [DEBUG] logInfo - POST /chat/send 200
[2017-11-07 19:53:39.416] [INFO] /push/jpush.js - ---发送极光推送 msgid:40 pushid:1507bfd3f7c397e76cd os:android
[2017-11-07 19:53:39.416] [INFO] /push/jpush.js - ---title:您有一条私信
[2017-11-07 19:53:39.416] [INFO] /push/jpush.js - ---content:在干嘛
[2017-11-07 19:53:39.896] [DEBUG] logInfo - POST /message/messages 200
[2017-11-07 19:53:53.560] [DEBUG] logInfo - POST /message/messages 200
[2017-11-07 19:53:59.906] [DEBUG] logInfo - POST /message/messages 200
[2017-11-07 19:54:02.952] [DEBUG] logInfo - POST /message/messages 200
[2017-11-07 19:54:05.482] [DEBUG] logInfo - POST /message/messages 200
[2017-11-07 19:54:10.032] [DEBUG] logInfo - POST /message/messages 200
[2017-11-07 19:54:19.653] [DEBUG] /dao/messageDao.js - {}
[2017-11-07 19:54:19.681] [DEBUG] logInfo - POST /chat/send 200
[2017-11-07 19:54:19.684] [INFO] /push/jpush.js - ---发送极光推送 msgid:41 pushid:1507bfd3f7c397e76cd os:android
[2017-11-07 19:54:19.684] [INFO] /push/jpush.js - ---title:您有一条私信
[2017-11-07 19:54:19.684] [INFO] /push/jpush.js - ---content:在干嘛
[2017-11-07 19:54:19.964] [DEBUG] logInfo - POST /message/messages 200
[2017-11-07 19:56:03.938] [INFO] /dao/dao.js - ---连接数据库 类型:default 参数:{"host":"127.0.0.1","user":"root","password":"890503","database":"poem","port":3306,"multipleStatements":true}
[2017-11-07 19:56:21.474] [DEBUG] /dao/messageDao.js - {}
[2017-11-07 19:56:21.504] [DEBUG] logInfo - POST /chat/send 200
[2017-11-07 19:56:21.512] [INFO] /push/jpush.js - ---发送极光推送 msgid:42 pushid:1507bfd3f7c397e76cd os:android
[2017-11-07 19:56:21.512] [INFO] /push/jpush.js - ---title:您有一条私信
[2017-11-07 19:56:21.513] [INFO] /push/jpush.js - ---content:nihao
[2017-11-07 19:56:21.513] [INFO] /push/jpush.js - ---pushtype:news
[2017-11-07 19:56:21.914] [DEBUG] logInfo - POST /message/messages 200
[2017-11-07 19:57:59.989] [DEBUG] logInfo - POST /poem/newestallpoem 200
[2017-11-07 19:58:00.175] [DEBUG] logInfo - POST /user/info 200
[2017-11-07 19:58:00.874] [DEBUG] logInfo - POST /message/pushid 200
[2017-11-07 19:58:00.950] [DEBUG] logInfo - POST /message/messages 200
[2017-11-07 19:58:13.642] [DEBUG] /dao/messageDao.js - {}
[2017-11-07 19:58:13.655] [DEBUG] logInfo - POST /chat/send 200
[2017-11-07 19:58:13.658] [INFO] /push/jpush.js - ---发送极光推送 msgid:43 pushid:1507bfd3f7c397e76cd os:android
[2017-11-07 19:58:13.658] [INFO] /push/jpush.js - ---title:您有一条私信
[2017-11-07 19:58:13.658] [INFO] /push/jpush.js - ---content:nihao
[2017-11-07 19:58:13.659] [INFO] /push/jpush.js - ---pushtype:news
[2017-11-07 19:58:14.019] [DEBUG] logInfo - POST /message/messages 200
[2017-11-07 19:58:38.771] [DEBUG] /dao/messageDao.js - {}
[2017-11-07 19:58:38.775] [DEBUG] logInfo - POST /chat/send 200
[2017-11-07 19:58:38.777] [INFO] /push/jpush.js - ---发送极光推送 msgid:44 pushid:1507bfd3f7c397e76cd os:android
[2017-11-07 19:58:38.778] [INFO] /push/jpush.js - ---title:您有一条私信
[2017-11-07 19:58:38.778] [INFO] /push/jpush.js - ---content:nihao1
[2017-11-07 19:58:38.778] [INFO] /push/jpush.js - ---pushtype:news
[2017-11-07 19:58:40.007] [DEBUG] logInfo - POST /message/messages 200
[2017-11-07 20:06:33.772] [DEBUG] logInfo - POST /poem/newestallpoem 200
[2017-11-07 20:06:34.216] [DEBUG] logInfo - POST /user/info 200
[2017-11-07 20:06:34.653] [DEBUG] logInfo - POST /message/messages 200
[2017-11-07 20:06:34.687] [DEBUG] logInfo - POST /message/pushid 200
[2017-11-07 20:06:42.928] [DEBUG] logInfo - POST /message/messages 200
[2017-11-07 20:06:42.935] [DEBUG] logInfo - POST /message/messages 200
[2017-11-07 20:23:43.619] [INFO] /dao/dao.js - ---连接数据库 类型:default 参数:{"host":"127.0.0.1","user":"root","password":"890503","database":"poem","port":3306,"multipleStatements":true}
[2017-11-07 20:23:58.418] [DEBUG] /dao/messageDao.js - {}
[2017-11-07 20:23:58.457] [DEBUG] logInfo - POST /chat/send 200
[2017-11-07 20:23:58.465] [INFO] /push/jpush.js - ---发送极光推送 msgid:45 pushid:1507bfd3f7c397e76cd os:android
[2017-11-07 20:23:58.465] [INFO] /push/jpush.js - ---title:您有一条私信
[2017-11-07 20:23:58.465] [INFO] /push/jpush.js - ---content:nihao1
[2017-11-07 20:23:58.466] [INFO] /push/jpush.js - ---pushtype:news
[2017-11-07 20:23:59.293] [DEBUG] logInfo - POST /message/messages 200
[2017-11-07 20:23:59.303] [DEBUG] logInfo - POST /message/messages 200
[2017-11-07 20:24:25.040] [DEBUG] /dao/messageDao.js - {}
[2017-11-07 20:24:25.044] [DEBUG] logInfo - POST /chat/send 200
[2017-11-07 20:24:25.049] [INFO] /push/jpush.js - ---发送极光推送 msgid:46 pushid:1507bfd3f7c397e76cd os:android
[2017-11-07 20:24:25.049] [INFO] /push/jpush.js - ---title:您有一条私信
[2017-11-07 20:24:25.050] [INFO] /push/jpush.js - ---content:nihao1
[2017-11-07 20:24:25.050] [INFO] /push/jpush.js - ---pushtype:news
[2017-11-07 20:24:25.438] [DEBUG] logInfo - POST /message/messages 200
[2017-11-07 20:24:25.440] [DEBUG] logInfo - POST /message/messages 200
[2017-11-07 20:25:03.420] [DEBUG] logInfo - POST /poem/newestallpoem 200
[2017-11-07 20:25:03.770] [DEBUG] logInfo - POST /user/info 200
[2017-11-07 20:25:04.391] [DEBUG] logInfo - POST /message/messages 200
[2017-11-07 20:25:04.407] [DEBUG] logInfo - POST /message/pushid 200
[2017-11-07 20:25:14.987] [DEBUG] logInfo - POST /poem/newestallpoem 200
[2017-11-07 20:25:15.437] [DEBUG] logInfo - POST /user/info 200
[2017-11-07 20:25:15.814] [DEBUG] logInfo - POST /message/pushid 200
[2017-11-07 20:25:15.917] [DEBUG] logInfo - POST /message/messages 200
[2017-11-07 20:25:21.868] [DEBUG] logInfo - POST /message/messages 200
[2017-11-07 20:25:21.873] [DEBUG] logInfo - POST /message/messages 200
[2017-11-07 20:25:21.878] [DEBUG] logInfo - POST /message/messages 200
[2017-11-07 20:25:21.887] [DEBUG] logInfo - POST /message/messages 200
[2017-11-07 20:25:46.057] [DEBUG] logInfo - POST /message/messages 200
[2017-11-07 20:25:46.060] [DEBUG] logInfo - POST /message/messages 200
[2017-11-07 20:25:46.068] [DEBUG] logInfo - POST /message/messages 200
[2017-11-07 20:25:46.086] [DEBUG] logInfo - POST /message/messages 200
[2017-11-07 20:25:49.162] [DEBUG] logInfo - POST /message/messages 200
[2017-11-07 20:25:49.207] [DEBUG] logInfo - POST /message/messages 200
[2017-11-07 20:25:49.231] [DEBUG] logInfo - POST /message/messages 200
[2017-11-07 20:25:49.251] [DEBUG] logInfo - POST /message/messages 200
[2017-11-07 20:25:52.542] [DEBUG] logInfo - POST /message/messages 200
[2017-11-07 20:25:52.569] [DEBUG] logInfo - POST /message/messages 200
[2017-11-07 20:25:52.572] [DEBUG] logInfo - POST /message/messages 200
[2017-11-07 20:25:52.598] [DEBUG] logInfo - POST /message/messages 200
[2017-11-07 20:26:03.440] [DEBUG] /dao/messageDao.js - {}
[2017-11-07 20:26:03.444] [DEBUG] logInfo - POST /chat/send 200
[2017-11-07 20:26:03.445] [INFO] /push/jpush.js - ---发送极光推送 msgid:47 pushid:1507bfd3f7c397e76cd os:android
[2017-11-07 20:26:03.446] [INFO] /push/jpush.js - ---title:您有一条私信
[2017-11-07 20:26:03.446] [INFO] /push/jpush.js - ---content:nihao1
[2017-11-07 20:26:03.446] [INFO] /push/jpush.js - ---pushtype:news
[2017-11-07 20:26:03.749] [DEBUG] logInfo - POST /message/messages 200
[2017-11-07 20:26:03.754] [DEBUG] logInfo - POST /message/messages 200
[2017-11-07 20:26:03.755] [DEBUG] logInfo - POST /message/messages 200
[2017-11-07 20:26:03.769] [DEBUG] logInfo - POST /message/messages 200
[2017-11-07 20:26:30.685] [DEBUG] logInfo - POST /message/messages 200
[2017-11-07 20:26:30.706] [DEBUG] logInfo - POST /message/messages 200
[2017-11-07 20:26:30.719] [DEBUG] logInfo - POST /message/messages 200
[2017-11-07 20:26:30.746] [DEBUG] logInfo - POST /message/messages 200
[2017-11-07 20:28:32.140] [DEBUG] logInfo - POST /poem/newestallpoem 200
[2017-11-07 20:28:32.343] [DEBUG] logInfo - POST /poem/newestallpoem 200
[2017-11-07 20:28:32.730] [DEBUG] logInfo - POST /poem/newestallpoem 200
[2017-11-07 20:28:32.944] [DEBUG] logInfo - POST /poem/newestallpoem 200
[2017-11-07 20:28:35.770] [DEBUG] logInfo - POST /poem/info 200
[2017-11-07 20:28:35.780] [DEBUG] logInfo - POST /poem/getloves 200
[2017-11-07 20:28:35.795] [DEBUG] logInfo - POST /poem/newestcomment 200
[2017-11-07 20:28:35.821] [DEBUG] logInfo - POST /poem/getloves 200
[2017-11-07 20:28:35.823] [DEBUG] logInfo - POST /poem/info 200
[2017-11-07 20:28:35.845] [DEBUG] logInfo - POST /poem/newestcomment 200
[2017-11-07 20:28:35.875] [DEBUG] logInfo - POST /poem/getloves 200
[2017-11-07 20:28:35.880] [DEBUG] logInfo - POST /poem/info 200
[2017-11-07 20:28:35.884] [DEBUG] logInfo - POST /poem/newestcomment 200
[2017-11-07 20:28:35.921] [DEBUG] logInfo - POST /poem/getloves 200
[2017-11-07 20:28:35.928] [DEBUG] logInfo - POST /poem/newestcomment 200
[2017-11-07 20:28:35.930] [DEBUG] logInfo - POST /poem/info 200
[2017-11-07 20:28:44.739] [DEBUG] /dao/messageDao.js - string
[2017-11-07 20:28:44.739] [DEBUG] /dao/messageDao.js - {}
[2017-11-07 20:28:44.743] [INFO] /push/jpush.js - ---发送极光推送 msgid:62 pushid:1507bfd3f7c397e76cd os:android
[2017-11-07 20:28:44.743] [INFO] /push/jpush.js - ---title:官方推送
[2017-11-07 20:28:44.743] [INFO] /push/jpush.js - ---content:感谢大家
[2017-11-07 20:28:44.744] [INFO] /push/jpush.js - ---pushtype:news
[2017-11-07 20:28:45.111] [DEBUG] logInfo - POST /message/pushuser 200
[2017-11-07 20:28:45.114] [DEBUG] logInfo - POST /admin/pushuser 200
[2017-11-07 20:31:42.881] [DEBUG] /dao/messageDao.js - {}
[2017-11-07 20:31:42.885] [DEBUG] logInfo - POST /chat/send 200
[2017-11-07 20:31:42.887] [INFO] /push/jpush.js - ---发送极光推送 msgid:48 pushid:1507bfd3f7c397e76cd os:android
[2017-11-07 20:31:42.887] [INFO] /push/jpush.js - ---title:您有一条私信
[2017-11-07 20:31:42.887] [INFO] /push/jpush.js - ---content:nihao1
[2017-11-07 20:31:42.887] [INFO] /push/jpush.js - ---pushtype:news
[2017-11-07 20:31:46.978] [DEBUG] /dao/messageDao.js - {}
[2017-11-07 20:31:46.981] [DEBUG] logInfo - POST /chat/send 200
[2017-11-07 20:31:46.983] [INFO] /push/jpush.js - ---发送极光推送 msgid:49 pushid:1507bfd3f7c397e76cd os:android
[2017-11-07 20:31:46.984] [INFO] /push/jpush.js - ---title:您有一条私信
[2017-11-07 20:31:46.984] [INFO] /push/jpush.js - ---content:nihao1
[2017-11-07 20:31:46.984] [INFO] /push/jpush.js - ---pushtype:news
[2017-11-07 20:32:21.205] [DEBUG] logInfo - POST /poem/newestallpoem 200
[2017-11-07 20:32:26.635] [DEBUG] logInfo - POST /poem/newestallpoem 200
[2017-11-07 20:32:32.328] [DEBUG] logInfo - POST /poem/newestallpoem 200
[2017-11-07 20:32:38.191] [DEBUG] logInfo - POST /poem/newestallpoem 200
[2017-11-07 20:32:38.457] [DEBUG] logInfo - POST /user/info 200
[2017-11-07 20:32:38.994] [DEBUG] logInfo - POST /user/info 200
[2017-11-07 20:32:39.862] [DEBUG] logInfo - POST /user/info 200
[2017-11-07 20:32:41.261] [DEBUG] logInfo - POST /user/info 200
[2017-11-07 20:32:41.590] [DEBUG] logInfo - POST /message/pushid 200
[2017-11-07 20:32:41.726] [DEBUG] logInfo - POST /message/messages 200
[2017-11-07 20:32:41.746] [DEBUG] logInfo - POST /message/pushid 200
[2017-11-07 20:32:41.923] [DEBUG] logInfo - POST /message/messages 200
[2017-11-07 20:32:42.124] [DEBUG] logInfo - POST /message/messages 200
[2017-11-07 20:32:42.142] [DEBUG] logInfo - POST /message/pushid 200
[2017-11-07 20:32:42.229] [DEBUG] logInfo - POST /message/pushid 200
[2017-11-07 20:32:42.336] [DEBUG] logInfo - POST /message/messages 200
[2017-11-07 20:32:42.649] [DEBUG] logInfo - POST /message/read 200
[2017-11-07 20:32:42.954] [DEBUG] logInfo - POST /message/read 200
[2017-11-07 20:32:43.248] [DEBUG] logInfo - POST /message/read 200
[2017-11-07 20:32:43.549] [DEBUG] logInfo - POST /message/read 200
[2017-11-07 20:33:07.762] [DEBUG] /dao/messageDao.js - string
[2017-11-07 20:33:07.762] [DEBUG] /dao/messageDao.js - {}
[2017-11-07 20:33:07.765] [INFO] /push/jpush.js - ---发送极光推送 msgid:63 pushid:1507bfd3f7c397e76cd os:android
[2017-11-07 20:33:07.765] [INFO] /push/jpush.js - ---title:官方
[2017-11-07 20:33:07.766] [INFO] /push/jpush.js - ---content:官方通知
[2017-11-07 20:33:07.766] [INFO] /push/jpush.js - ---pushtype:news
[2017-11-07 20:33:08.012] [DEBUG] logInfo - POST /message/pushuser 200
[2017-11-07 20:33:08.014] [DEBUG] logInfo - POST /admin/pushuser 200
[2017-11-07 20:36:29.765] [INFO] /dao/dao.js - ---连接数据库 类型:default 参数:{"host":"127.0.0.1","user":"root","password":"890503","database":"poem","port":3306,"multipleStatements":true}
[2017-11-07 20:36:37.472] [DEBUG] logInfo - POST /message/messages 200
[2017-11-07 20:36:37.479] [DEBUG] logInfo - POST /message/messages 200
[2017-11-07 20:36:37.487] [DEBUG] logInfo - POST /message/messages 200
[2017-11-07 20:36:37.490] [DEBUG] logInfo - POST /message/messages 200
[2017-11-07 20:36:37.798] [DEBUG] logInfo - POST /message/read 200
[2017-11-07 20:36:38.099] [DEBUG] logInfo - POST /message/read 200
[2017-11-07 20:36:38.393] [DEBUG] logInfo - POST /message/read 200
[2017-11-07 20:36:38.683] [DEBUG] logInfo - POST /message/read 200
[2017-11-07 20:39:17.814] [INFO] /dao/dao.js - ---连接数据库 类型:default 参数:{"host":"127.0.0.1","user":"root","password":"890503","database":"poem","port":3306,"multipleStatements":true}
[2017-11-07 20:39:46.528] [DEBUG] logInfo - POST /message/pushall 200
[2017-11-07 20:39:46.535] [DEBUG] logInfo - POST /admin/pushall 200
[2017-11-07 20:43:57.729] [INFO] /dao/dao.js - ---连接数据库 类型:default 参数:{"host":"127.0.0.1","user":"root","password":"890503","database":"poem","port":3306,"multipleStatements":true}
[2017-11-07 20:44:27.234] [DEBUG] logInfo - POST /message/pushall 200
[2017-11-07 20:44:27.239] [DEBUG] logInfo - POST /admin/pushall 200
[2017-11-07 20:46:19.983] [INFO] /dao/dao.js - ---连接数据库 类型:default 参数:{"host":"127.0.0.1","user":"root","password":"890503","database":"poem","port":3306,"multipleStatements":true}
[2017-11-07 20:46:36.975] [DEBUG] logInfo - POST /message/pushall 200
[2017-11-07 20:46:36.980] [DEBUG] logInfo - POST /admin/pushall 200
[2017-11-07 20:47:05.774] [DEBUG] /dao/messageDao.js - {}
[2017-11-07 20:47:05.778] [INFO] /push/jpush.js - ---发送极光推送
[2017-11-07 20:47:05.779] [INFO] /push/jpush.js - ---title:android
[2017-11-07 20:47:05.779] [INFO] /push/jpush.js - ---content:android
[2017-11-07 20:47:05.779] [INFO] /push/jpush.js - ---os:android
[2017-11-07 20:47:05.780] [INFO] /push/jpush.js - ---notification:[object Object],[object Object]
[2017-11-07 20:47:06.543] [DEBUG] logInfo - POST /message/messages 200
[2017-11-07 20:47:06.550] [DEBUG] logInfo - POST /message/messages 200
[2017-11-07 20:47:06.562] [DEBUG] logInfo - POST /message/messages 200
[2017-11-07 20:47:06.574] [DEBUG] logInfo - POST /message/messages 200
[2017-11-07 20:47:06.586] [DEBUG] logInfo - POST /message/pushall 200
[2017-11-07 20:47:06.594] [DEBUG] logInfo - POST /admin/pushall 200
[2017-11-07 20:47:06.864] [DEBUG] logInfo - POST /message/read 200
[2017-11-07 20:47:07.177] [DEBUG] logInfo - POST /message/read 200
[2017-11-07 20:47:07.482] [DEBUG] logInfo - POST /message/read 200
[2017-11-07 20:47:07.768] [DEBUG] logInfo - POST /message/read 200
[2017-11-07 20:48:10.421] [INFO] /dao/dao.js - ---连接数据库 类型:default 参数:{"host":"127.0.0.1","user":"root","password":"890503","database":"poem","port":3306,"multipleStatements":true}
[2017-11-07 20:48:20.624] [DEBUG] /dao/messageDao.js - {}
[2017-11-07 20:48:20.630] [INFO] /push/jpush.js - ---发送极光推送
[2017-11-07 20:48:20.630] [INFO] /push/jpush.js - ---title:all
[2017-11-07 20:48:20.630] [INFO] /push/jpush.js - ---content:all
[2017-11-07 20:48:20.630] [INFO] /push/jpush.js - ---os:all
[2017-11-07 20:48:20.631] [INFO] /push/jpush.js - ---notification:[object Object],[object Object]
[2017-11-07 20:48:21.078] [DEBUG] logInfo - POST /message/pushall 200
[2017-11-07 20:48:21.091] [DEBUG] logInfo - POST /admin/pushall 200
[2017-11-07 20:48:21.097] [DEBUG] logInfo - POST /message/messages 200
[2017-11-07 20:48:21.112] [DEBUG] logInfo - POST /message/messages 200
[2017-11-07 20:48:21.117] [DEBUG] logInfo - POST /message/messages 200
[2017-11-07 20:48:21.140] [DEBUG] logInfo - POST /message/messages 200
[2017-11-07 20:48:21.508] [DEBUG] logInfo - POST /message/read 200
[2017-11-07 20:48:21.821] [DEBUG] logInfo - POST /message/read 200
[2017-11-07 20:48:22.112] [DEBUG] logInfo - POST /message/read 200
[2017-11-07 20:48:22.409] [DEBUG] logInfo - POST /message/read 200
[2017-11-07 20:48:46.491] [DEBUG] logInfo - POST /message/messages 200
[2017-11-07 20:48:46.493] [DEBUG] logInfo - POST /message/messages 200
[2017-11-07 20:48:46.506] [DEBUG] logInfo - POST /message/messages 200
[2017-11-07 20:48:46.527] [DEBUG] logInfo - POST /message/messages 200
[2017-11-07 20:48:49.148] [DEBUG] logInfo - POST /message/messages 200
[2017-11-07 20:48:49.193] [DEBUG] logInfo - POST /message/messages 200
[2017-11-07 20:48:49.202] [DEBUG] logInfo - POST /message/messages 200
[2017-11-07 20:48:49.203] [DEBUG] logInfo - POST /message/messages 200
[2017-11-07 20:48:51.527] [DEBUG] logInfo - POST /message/messages 200
[2017-11-07 20:48:51.535] [DEBUG] logInfo - POST /message/messages 200
[2017-11-07 20:48:51.578] [DEBUG] logInfo - POST /message/messages 200
[2017-11-07 20:48:51.583] [DEBUG] logInfo - POST /message/messages 200
[2017-11-07 20:49:06.912] [DEBUG] /dao/messageDao.js - {}
[2017-11-07 20:49:06.914] [INFO] /push/jpush.js - ---发送极光推送
[2017-11-07 20:49:06.915] [INFO] /push/jpush.js - ---title:all
[2017-11-07 20:49:06.915] [INFO] /push/jpush.js - ---content:all
[2017-11-07 20:49:06.915] [INFO] /push/jpush.js - ---os:all
[2017-11-07 20:49:06.915] [INFO] /push/jpush.js - ---notification:[object Object],[object Object]
[2017-11-07 20:49:07.541] [DEBUG] logInfo - POST /message/pushall 200
[2017-11-07 20:49:07.543] [DEBUG] logInfo - POST /admin/pushall 200
[2017-11-07 20:49:07.671] [DEBUG] logInfo - POST /message/messages 200
[2017-11-07 20:49:07.680] [DEBUG] logInfo - POST /message/messages 200
[2017-11-07 20:49:07.687] [DEBUG] logInfo - POST /message/messages 200
[2017-11-07 20:49:07.710] [DEBUG] logInfo - POST /message/messages 200
[2017-11-07 20:49:08.022] [DEBUG] logInfo - POST /message/read 200
[2017-11-07 20:49:08.366] [DEBUG] logInfo - POST /message/read 200
[2017-11-07 20:49:08.663] [DEBUG] logInfo - POST /message/read 200
[2017-11-07 20:49:08.968] [DEBUG] logInfo - POST /message/read 200
[2017-11-07 20:52:47.970] [INFO] /dao/dao.js - ---连接数据库 类型:default 参数:{"host":"127.0.0.1","user":"root","password":"890503","database":"poem","port":3306,"multipleStatements":true}
[2017-11-07 20:53:02.281] [DEBUG] /dao/messageDao.js - {}
[2017-11-07 20:53:02.288] [INFO] /push/jpush.js - ---发送极光推送
[2017-11-07 20:54:12.956] [INFO] /dao/dao.js - ---连接数据库 类型:default 参数:{"host":"127.0.0.1","user":"root","password":"890503","database":"poem","port":3306,"multipleStatements":true}
[2017-11-07 20:54:30.507] [DEBUG] /dao/messageDao.js - {}
[2017-11-07 20:54:30.515] [INFO] /push/jpush.js - ---发送极光推送
[2017-11-07 20:54:30.516] [INFO] /push/jpush.js - ---title:all
[2017-11-07 20:54:30.516] [INFO] /push/jpush.js - ---content:all
[2017-11-07 20:54:30.516] [INFO] /push/jpush.js - ---os:all
[2017-11-07 20:54:30.517] [INFO] /push/jpush.js - ---notification:[object Object],[object Object]
[2017-11-07 20:54:31.772] [ERROR] /push/jpush.js - { Error
    at new APIRequestError (/Users/bingbing/Poem/PoemServer/node_modules/jpush-sdk/lib/JPush/JPushError.js:25:17)
    at Request._callback (/Users/bingbing/Poem/PoemServer/node_modules/jpush-sdk/lib/JPush/JPush.js:354:16)
    at Request.self.callback (/Users/bingbing/Poem/PoemServer/node_modules/request/request.js:186:22)
    at emitTwo (events.js:106:13)
    at Request.emit (events.js:191:7)
    at Request.<anonymous> (/Users/bingbing/Poem/PoemServer/node_modules/request/request.js:1081:10)
    at emitOne (events.js:96:13)
    at Request.emit (events.js:188:7)
    at IncomingMessage.<anonymous> (/Users/bingbing/Poem/PoemServer/node_modules/request/request.js:1001:12)
    at IncomingMessage.g (events.js:292:16)
  name: 'APIRequestError',
  message: 'Push Fail, HttpStatusCode: 400 result: {"error": {"message": "Missing parameter", "code": 1002}}',
  httpCode: 400,
  response: '{"error": {"message": "Missing parameter", "code": 1002}}',
  stack: 'Error\n    at new APIRequestError (/Users/bingbing/Poem/PoemServer/node_modules/jpush-sdk/lib/JPush/JPushError.js:25:17)\n    at Request._callback (/Users/bingbing/Poem/PoemServer/node_modules/jpush-sdk/lib/JPush/JPush.js:354:16)\n    at Request.self.callback (/Users/bingbing/Poem/PoemServer/node_modules/request/request.js:186:22)\n    at emitTwo (events.js:106:13)\n    at Request.emit (events.js:191:7)\n    at Request.<anonymous> (/Users/bingbing/Poem/PoemServer/node_modules/request/request.js:1081:10)\n    at emitOne (events.js:96:13)\n    at Request.emit (events.js:188:7)\n    at IncomingMessage.<anonymous> (/Users/bingbing/Poem/PoemServer/node_modules/request/request.js:1001:12)\n    at IncomingMessage.g (events.js:292:16)' }
[2017-11-07 20:54:31.784] [DEBUG] logInfo - POST /message/pushall 200
[2017-11-07 20:54:31.788] [DEBUG] logInfo - POST /admin/pushall 200
[2017-11-07 20:56:52.913] [INFO] /dao/dao.js - ---连接数据库 类型:default 参数:{"host":"127.0.0.1","user":"root","password":"890503","database":"poem","port":3306,"multipleStatements":true}
[2017-11-07 20:57:02.648] [DEBUG] /dao/messageDao.js - {}
[2017-11-07 20:57:02.655] [INFO] /push/jpush.js - ---发送极光推送
[2017-11-07 20:57:02.655] [INFO] /push/jpush.js - ---title:all
[2017-11-07 20:57:02.656] [INFO] /push/jpush.js - ---content:all
[2017-11-07 20:57:02.656] [INFO] /push/jpush.js - ---os:all
[2017-11-07 20:57:02.656] [INFO] /push/jpush.js - ---notification:[object Object],[object Object]
[2017-11-07 20:57:03.451] [ERROR] /push/jpush.js - { Error
    at new APIRequestError (/Users/bingbing/Poem/PoemServer/node_modules/jpush-sdk/lib/JPush/JPushError.js:25:17)
    at Request._callback (/Users/bingbing/Poem/PoemServer/node_modules/jpush-sdk/lib/JPush/JPush.js:354:16)
    at Request.self.callback (/Users/bingbing/Poem/PoemServer/node_modules/request/request.js:186:22)
    at emitTwo (events.js:106:13)
    at Request.emit (events.js:191:7)
    at Request.<anonymous> (/Users/bingbing/Poem/PoemServer/node_modules/request/request.js:1081:10)
    at emitOne (events.js:96:13)
    at Request.emit (events.js:188:7)
    at IncomingMessage.<anonymous> (/Users/bingbing/Poem/PoemServer/node_modules/request/request.js:1001:12)
    at IncomingMessage.g (events.js:292:16)
  name: 'APIRequestError',
  message: 'Push Fail, HttpStatusCode: 400 result: {"error": {"message": "Missing parameter", "code": 1002}}',
  httpCode: 400,
  response: '{"error": {"message": "Missing parameter", "code": 1002}}',
  stack: 'Error\n    at new APIRequestError (/Users/bingbing/Poem/PoemServer/node_modules/jpush-sdk/lib/JPush/JPushError.js:25:17)\n    at Request._callback (/Users/bingbing/Poem/PoemServer/node_modules/jpush-sdk/lib/JPush/JPush.js:354:16)\n    at Request.self.callback (/Users/bingbing/Poem/PoemServer/node_modules/request/request.js:186:22)\n    at emitTwo (events.js:106:13)\n    at Request.emit (events.js:191:7)\n    at Request.<anonymous> (/Users/bingbing/Poem/PoemServer/node_modules/request/request.js:1081:10)\n    at emitOne (events.js:96:13)\n    at Request.emit (events.js:188:7)\n    at IncomingMessage.<anonymous> (/Users/bingbing/Poem/PoemServer/node_modules/request/request.js:1001:12)\n    at IncomingMessage.g (events.js:292:16)' }
[2017-11-07 20:57:03.464] [DEBUG] logInfo - POST /message/pushall 200
[2017-11-07 20:57:03.470] [DEBUG] logInfo - POST /admin/pushall 200
[2017-11-07 21:01:42.367] [INFO] /dao/dao.js - ---连接数据库 类型:default 参数:{"host":"127.0.0.1","user":"root","password":"890503","database":"poem","port":3306,"multipleStatements":true}
[2017-11-07 21:02:01.945] [DEBUG] /dao/messageDao.js - {}
[2017-11-07 21:02:01.950] [INFO] /push/jpush.js - ---发送极光推送
[2017-11-07 21:02:29.415] [INFO] /dao/dao.js - ---连接数据库 类型:default 参数:{"host":"127.0.0.1","user":"root","password":"890503","database":"poem","port":3306,"multipleStatements":true}
[2017-11-07 21:02:43.009] [DEBUG] /dao/messageDao.js - {}
[2017-11-07 21:02:43.014] [INFO] /push/jpush.js - ---发送极光推送
[2017-11-07 21:02:43.014] [INFO] /push/jpush.js - ---title:all
[2017-11-07 21:02:43.015] [INFO] /push/jpush.js - ---content:all
[2017-11-07 21:02:43.015] [INFO] /push/jpush.js - ---os:all
[2017-11-07 21:02:43.379] [DEBUG] logInfo - POST /message/pushall 200
[2017-11-07 21:02:43.388] [DEBUG] logInfo - POST /admin/pushall 200
[2017-11-07 21:02:43.419] [DEBUG] logInfo - POST /message/messages 200
[2017-11-07 21:02:43.472] [DEBUG] logInfo - POST /message/messages 200
[2017-11-07 21:02:43.515] [DEBUG] logInfo - POST /message/messages 200
[2017-11-07 21:02:43.531] [DEBUG] logInfo - POST /message/messages 200
[2017-11-07 21:02:44.006] [DEBUG] logInfo - POST /message/read 200
[2017-11-07 21:02:44.490] [DEBUG] logInfo - POST /message/read 200
[2017-11-07 21:02:44.963] [DEBUG] logInfo - POST /message/read 200
[2017-11-07 21:02:45.470] [DEBUG] logInfo - POST /message/read 200
[2017-11-07 21:03:02.056] [DEBUG] /dao/messageDao.js - {}
[2017-11-07 21:03:02.058] [INFO] /push/jpush.js - ---发送极光推送
[2017-11-07 21:03:02.058] [INFO] /push/jpush.js - ---title:all
[2017-11-07 21:03:02.059] [INFO] /push/jpush.js - ---content:all
[2017-11-07 21:03:02.059] [INFO] /push/jpush.js - ---os:all
[2017-11-07 21:03:02.407] [DEBUG] logInfo - POST /message/messages 200
[2017-11-07 21:03:02.418] [DEBUG] logInfo - POST /message/messages 200
[2017-11-07 21:03:02.423] [DEBUG] logInfo - POST /message/messages 200
[2017-11-07 21:03:02.426] [DEBUG] logInfo - POST /message/messages 200
[2017-11-07 21:03:02.455] [DEBUG] logInfo - POST /message/pushall 200
[2017-11-07 21:03:02.458] [DEBUG] logInfo - POST /admin/pushall 200
[2017-11-07 21:03:02.850] [DEBUG] logInfo - POST /message/read 200
[2017-11-07 21:03:03.210] [DEBUG] logInfo - POST /message/read 200
[2017-11-07 21:03:03.509] [DEBUG] logInfo - POST /message/read 200
[2017-11-07 21:03:03.814] [DEBUG] logInfo - POST /message/read 200
[2017-11-07 21:03:26.386] [DEBUG] /dao/messageDao.js - {}
[2017-11-07 21:03:26.389] [INFO] /push/jpush.js - ---发送极光推送
[2017-11-07 21:03:26.389] [INFO] /push/jpush.js - ---title:android
[2017-11-07 21:03:26.390] [INFO] /push/jpush.js - ---content:android
[2017-11-07 21:03:26.390] [INFO] /push/jpush.js - ---os:android
[2017-11-07 21:03:28.068] [DEBUG] logInfo - POST /message/messages 200
[2017-11-07 21:03:28.071] [DEBUG] logInfo - POST /message/messages 200
[2017-11-07 21:03:28.079] [DEBUG] logInfo - POST /message/messages 200
[2017-11-07 21:03:28.082] [DEBUG] logInfo - POST /message/pushall 200
[2017-11-07 21:03:28.086] [DEBUG] logInfo - POST /admin/pushall 200
[2017-11-07 21:03:28.095] [DEBUG] logInfo - POST /message/messages 200
[2017-11-07 21:03:28.432] [DEBUG] logInfo - POST /message/read 200
[2017-11-07 21:03:28.741] [DEBUG] logInfo - POST /message/read 200
[2017-11-07 21:03:29.058] [DEBUG] logInfo - POST /message/read 200
[2017-11-07 21:03:29.348] [DEBUG] logInfo - POST /message/read 200
[2017-11-07 21:03:43.035] [DEBUG] /dao/messageDao.js - {}
[2017-11-07 21:03:43.037] [INFO] /push/jpush.js - ---发送极光推送
[2017-11-07 21:03:43.037] [INFO] /push/jpush.js - ---title:ios
[2017-11-07 21:03:43.038] [INFO] /push/jpush.js - ---content:ios
[2017-11-07 21:03:43.038] [INFO] /push/jpush.js - ---os:all
[2017-11-07 21:03:43.294] [DEBUG] logInfo - POST /message/messages 200
[2017-11-07 21:03:43.295] [DEBUG] logInfo - POST /message/messages 200
[2017-11-07 21:03:43.297] [DEBUG] logInfo - POST /message/messages 200
[2017-11-07 21:03:43.300] [DEBUG] logInfo - POST /message/messages 200
[2017-11-07 21:03:43.338] [DEBUG] logInfo - POST /message/pushall 200
[2017-11-07 21:03:43.342] [DEBUG] logInfo - POST /admin/pushall 200
[2017-11-07 21:03:43.698] [DEBUG] logInfo - POST /message/read 200
[2017-11-07 21:03:44.037] [DEBUG] logInfo - POST /message/read 200
[2017-11-07 21:03:44.357] [DEBUG] logInfo - POST /message/read 200
[2017-11-07 21:03:44.658] [DEBUG] logInfo - POST /message/read 200
[2017-11-07 21:04:59.097] [DEBUG] /dao/messageDao.js - {}
[2017-11-07 21:04:59.100] [INFO] /push/jpush.js - ---发送极光推送
[2017-11-07 21:04:59.102] [INFO] /push/jpush.js - ---title:ios
[2017-11-07 21:04:59.102] [INFO] /push/jpush.js - ---content:ios
[2017-11-07 21:04:59.103] [INFO] /push/jpush.js - ---os:ios
[2017-11-07 21:04:59.640] [DEBUG] logInfo - POST /message/pushall 200
[2017-11-07 21:04:59.641] [DEBUG] logInfo - POST /admin/pushall 200
[2017-11-07 21:05:21.920] [DEBUG] /dao/messageDao.js - {}
[2017-11-07 21:05:21.922] [INFO] /push/jpush.js - ---发送极光推送
[2017-11-07 21:05:21.923] [INFO] /push/jpush.js - ---title:ios1
[2017-11-07 21:05:21.923] [INFO] /push/jpush.js - ---content:ios1
[2017-11-07 21:05:21.923] [INFO] /push/jpush.js - ---os:ios
[2017-11-07 21:05:22.330] [DEBUG] logInfo - POST /message/pushall 200
[2017-11-07 21:05:22.332] [DEBUG] logInfo - POST /admin/pushall 200
[2017-11-07 21:05:34.178] [DEBUG] logInfo - POST /message/messages 200
[2017-11-07 21:05:34.182] [DEBUG] logInfo - POST /message/messages 200
[2017-11-07 21:05:34.189] [DEBUG] logInfo - POST /message/messages 200
[2017-11-07 21:05:34.204] [DEBUG] logInfo - POST /message/messages 200
[2017-11-07 21:05:44.975] [DEBUG] logInfo - POST /poem/newestallpoem 200
[2017-11-07 21:05:45.437] [DEBUG] logInfo - POST /message/messages 200
[2017-11-07 21:05:45.448] [DEBUG] logInfo - POST /message/messages 200
[2017-11-07 21:05:45.482] [DEBUG] logInfo - POST /message/messages 200
[2017-11-07 21:05:45.483] [DEBUG] logInfo - POST /message/messages 200
[2017-11-07 21:05:45.504] [DEBUG] logInfo - POST /message/messages 200
[2017-11-07 21:05:45.534] [DEBUG] logInfo - POST /user/info 200
[2017-11-07 21:05:46.200] [DEBUG] logInfo - POST /message/messages 200
[2017-11-07 21:05:46.227] [DEBUG] logInfo - POST /message/pushid 200
[2017-11-07 21:05:46.892] [DEBUG] logInfo - POST /message/messages 200
[2017-11-07 21:05:46.911] [DEBUG] logInfo - POST /message/messages 200
[2017-11-07 21:05:46.931] [DEBUG] logInfo - POST /message/messages 200
[2017-11-07 21:05:46.942] [DEBUG] logInfo - POST /message/messages 200
[2017-11-07 21:05:46.947] [DEBUG] logInfo - POST /message/messages 200
[2017-11-07 21:05:49.594] [DEBUG] logInfo - POST /message/messages 200
[2017-11-07 21:05:49.595] [DEBUG] logInfo - POST /message/messages 200
[2017-11-07 21:05:49.599] [DEBUG] logInfo - POST /message/messages 200
[2017-11-07 21:05:49.626] [DEBUG] logInfo - POST /message/messages 200
[2017-11-07 21:05:49.660] [DEBUG] logInfo - POST /message/messages 200
[2017-11-07 21:05:52.382] [DEBUG] logInfo - POST /message/messages 200
[2017-11-07 21:05:52.389] [DEBUG] logInfo - POST /message/messages 200
[2017-11-07 21:05:52.390] [DEBUG] logInfo - POST /message/messages 200
[2017-11-07 21:05:52.392] [DEBUG] logInfo - POST /message/messages 200
[2017-11-07 21:05:52.409] [DEBUG] logInfo - POST /message/messages 200
[2017-11-07 21:06:00.123] [DEBUG] /dao/messageDao.js - {}
[2017-11-07 21:06:00.126] [DEBUG] logInfo - POST /chat/send 200
[2017-11-07 21:06:00.127] [INFO] /push/jpush.js - ---发送极光推送 msgid:50 pushid:1507bfd3f7c397e76cd os:android
[2017-11-07 21:06:00.128] [INFO] /push/jpush.js - ---title:您有一条私信
[2017-11-07 21:06:00.128] [INFO] /push/jpush.js - ---content:nihao1
[2017-11-07 21:06:00.128] [INFO] /push/jpush.js - ---pushtype:news
[2017-11-07 21:06:00.128] [INFO] /push/jpush.js - ---notification:[object Object]
[2017-11-07 21:06:00.536] [DEBUG] logInfo - POST /message/messages 200
[2017-11-07 21:06:00.538] [DEBUG] logInfo - POST /message/messages 200
[2017-11-07 21:06:00.539] [DEBUG] logInfo - POST /message/messages 200
[2017-11-07 21:06:00.540] [DEBUG] logInfo - POST /message/messages 200
[2017-11-07 21:06:00.552] [DEBUG] logInfo - POST /message/messages 200
[2017-11-07 21:07:03.701] [INFO] /dao/dao.js - ---连接数据库 类型:default 参数:{"host":"127.0.0.1","user":"root","password":"890503","database":"poem","port":3306,"multipleStatements":true}
[2017-11-07 21:07:08.660] [DEBUG] /dao/messageDao.js - {}
[2017-11-07 21:07:08.685] [DEBUG] logInfo - POST /chat/send 200
[2017-11-07 21:07:08.691] [INFO] /push/jpush.js - ---发送极光推送 msgid:51 pushid:1507bfd3f7c397e76cd os:android
[2017-11-07 21:07:08.692] [INFO] /push/jpush.js - ---title:您有一条私信
[2017-11-07 21:07:08.692] [INFO] /push/jpush.js - ---content:nihao1
[2017-11-07 21:07:08.692] [INFO] /push/jpush.js - ---pushtype:news
[2017-11-07 21:07:08.693] [INFO] /push/jpush.js - ---extras:[object Object]
[2017-11-07 21:07:09.180] [DEBUG] logInfo - POST /message/messages 200
[2017-11-07 21:07:09.183] [DEBUG] logInfo - POST /message/messages 200
[2017-11-07 21:07:09.192] [DEBUG] logInfo - POST /message/messages 200
[2017-11-07 21:07:09.201] [DEBUG] logInfo - POST /message/messages 200
[2017-11-07 21:07:09.232] [DEBUG] logInfo - POST /message/messages 200
[2017-11-07 21:07:36.014] [INFO] /dao/dao.js - ---连接数据库 类型:default 参数:{"host":"127.0.0.1","user":"root","password":"890503","database":"poem","port":3306,"multipleStatements":true}
[2017-11-07 21:07:38.764] [DEBUG] /dao/messageDao.js - {}
[2017-11-07 21:07:38.782] [DEBUG] logInfo - POST /chat/send 200
[2017-11-07 21:07:38.787] [INFO] /push/jpush.js - ---发送极光推送 msgid:52 pushid:1507bfd3f7c397e76cd os:android
[2017-11-07 21:07:38.787] [INFO] /push/jpush.js - ---title:您有一条私信
[2017-11-07 21:07:38.787] [INFO] /push/jpush.js - ---content:nihao1
[2017-11-07 21:07:38.787] [INFO] /push/jpush.js - ---pushtype:news
[2017-11-07 21:07:38.788] [INFO] /push/jpush.js - ---extras:
[2017-11-07 21:07:38.788] [INFO] /push/jpush.js - { type: 'news' }
[2017-11-07 21:07:39.258] [DEBUG] logInfo - POST /message/messages 200
[2017-11-07 21:07:39.263] [DEBUG] logInfo - POST /message/messages 200
[2017-11-07 21:07:39.269] [DEBUG] logInfo - POST /message/messages 200
[2017-11-07 21:07:39.279] [DEBUG] logInfo - POST /message/messages 200
[2017-11-07 21:07:39.285] [DEBUG] logInfo - POST /message/messages 200
[2017-11-07 21:08:22.072] [INFO] /dao/dao.js - ---连接数据库 类型:default 参数:{"host":"127.0.0.1","user":"root","password":"890503","database":"poem","port":3306,"multipleStatements":true}
[2017-11-07 21:08:23.720] [DEBUG] /dao/messageDao.js - {}
[2017-11-07 21:08:23.740] [DEBUG] logInfo - POST /chat/send 200
[2017-11-07 21:08:23.748] [INFO] /push/jpush.js - ---发送极光推送 msgid:53 pushid:1507bfd3f7c397e76cd os:android
[2017-11-07 21:08:23.749] [INFO] /push/jpush.js - ---title:您有一条私信
[2017-11-07 21:08:23.749] [INFO] /push/jpush.js - ---content:nihao1
[2017-11-07 21:08:23.749] [INFO] /push/jpush.js - ---pushtype:chat
[2017-11-07 21:08:23.750] [INFO] /push/jpush.js - ---extras:
[2017-11-07 21:08:23.750] [INFO] /push/jpush.js - { type: 'chat' }
[2017-11-07 21:08:24.175] [DEBUG] logInfo - POST /message/messages 200
[2017-11-07 21:08:24.182] [DEBUG] logInfo - POST /message/messages 200
[2017-11-07 21:08:24.189] [DEBUG] logInfo - POST /message/messages 200
[2017-11-07 21:08:24.192] [DEBUG] logInfo - POST /message/messages 200
[2017-11-07 21:08:24.198] [DEBUG] logInfo - POST /message/messages 200
[2017-11-07 21:08:37.307] [DEBUG] logInfo - POST /message/messages 200
[2017-11-07 21:08:37.317] [DEBUG] logInfo - POST /message/messages 200
[2017-11-07 21:08:37.327] [DEBUG] logInfo - POST /message/messages 200
[2017-11-07 21:08:37.333] [DEBUG] logInfo - POST /message/messages 200
[2017-11-07 21:08:37.397] [DEBUG] logInfo - POST /message/messages 200
[2017-11-07 21:18:27.480] [DEBUG] logInfo - POST /chat/chats 200
[2017-11-07 21:18:57.171] [DEBUG] logInfo - POST /chat/chats 200
[2017-11-07 21:19:16.402] [DEBUG] /dao/messageDao.js - {}
[2017-11-07 21:19:16.409] [DEBUG] logInfo - POST /chat/send 200
[2017-11-07 21:19:16.414] [INFO] /push/jpush.js - ---发送极光推送 msgid:54 pushid:1507bfd3f7c397e76cd os:android
[2017-11-07 21:19:16.415] [INFO] /push/jpush.js - ---title:您有一条私信
[2017-11-07 21:19:16.415] [INFO] /push/jpush.js - ---content:nihao1
[2017-11-07 21:19:16.415] [INFO] /push/jpush.js - ---pushtype:chat
[2017-11-07 21:19:16.416] [INFO] /push/jpush.js - ---extras:
[2017-11-07 21:19:16.416] [INFO] /push/jpush.js - { type: 'chat' }
[2017-11-07 21:19:16.870] [DEBUG] logInfo - POST /message/messages 200
[2017-11-07 21:19:16.872] [DEBUG] logInfo - POST /message/messages 200
[2017-11-07 21:19:16.892] [DEBUG] logInfo - POST /message/messages 200
[2017-11-07 21:19:16.893] [DEBUG] logInfo - POST /message/messages 200
[2017-11-07 21:19:16.915] [DEBUG] logInfo - POST /message/messages 200
[2017-11-07 21:19:31.983] [DEBUG] logInfo - POST /chat/chats 200
[2017-11-07 21:22:38.444] [DEBUG] logInfo - POST /poem/newestallpoem 200
[2017-11-07 21:22:38.577] [DEBUG] logInfo - POST /poem/newestallpoem 200
[2017-11-07 21:22:38.690] [DEBUG] logInfo - POST /poem/newestallpoem 200
[2017-11-07 21:22:38.815] [DEBUG] logInfo - POST /poem/newestallpoem 200
[2017-11-07 21:22:38.941] [DEBUG] logInfo - POST /poem/newestallpoem 200
[2017-11-07 21:37:20.993] [INFO] /dao/dao.js - ---连接数据库 类型:default 参数:{"host":"127.0.0.1","user":"root","password":"890503","database":"poem","port":3306,"multipleStatements":true}
[2017-11-07 21:37:23.314] [DEBUG] logInfo - POST /chat/chats 200
[2017-11-07 21:38:13.206] [INFO] /dao/dao.js - ---连接数据库 类型:default 参数:{"host":"127.0.0.1","user":"root","password":"890503","database":"poem","port":3306,"multipleStatements":true}
[2017-11-07 21:38:15.297] [DEBUG] logInfo - POST /chat/chats 200
[2017-11-07 21:45:19.379] [DEBUG] logInfo - POST /poem/newestallpoem 200
[2017-11-07 21:45:25.047] [DEBUG] logInfo - POST /poem/newestallpoem 200
[2017-11-07 21:45:30.485] [DEBUG] logInfo - POST /poem/newestallpoem 200
[2017-11-07 21:45:36.165] [DEBUG] logInfo - POST /poem/newestallpoem 200
[2017-11-07 21:45:41.829] [DEBUG] logInfo - POST /poem/newestallpoem 200
[2017-11-07 21:45:41.931] [DEBUG] logInfo - POST /user/info 200
[2017-11-07 21:45:42.500] [DEBUG] logInfo - POST /user/info 200
[2017-11-07 21:45:43.315] [DEBUG] logInfo - POST /user/info 200
[2017-11-07 21:45:43.885] [DEBUG] logInfo - POST /user/info 200
[2017-11-07 21:45:44.546] [DEBUG] logInfo - POST /user/info 200
[2017-11-07 21:45:45.364] [DEBUG] logInfo - POST /message/messages 200
[2017-11-07 21:45:45.389] [DEBUG] logInfo - POST /message/pushid 200
[2017-11-07 21:45:45.512] [DEBUG] logInfo - POST /message/messages 200
[2017-11-07 21:45:45.527] [DEBUG] logInfo - POST /message/pushid 200
[2017-11-07 21:45:45.691] [DEBUG] logInfo - POST /message/messages 200
[2017-11-07 21:45:45.703] [DEBUG] logInfo - POST /message/pushid 200
[2017-11-07 21:45:45.805] [DEBUG] logInfo - POST /message/messages 200
[2017-11-07 21:45:45.818] [DEBUG] logInfo - POST /message/pushid 200
[2017-11-07 21:45:45.928] [DEBUG] logInfo - POST /message/messages 200
[2017-11-07 21:45:45.939] [DEBUG] logInfo - POST /message/pushid 200
[2017-11-07 21:47:24.400] [DEBUG] logInfo - POST /poem/newestallpoem 200
[2017-11-07 21:47:24.733] [DEBUG] logInfo - POST /poem/newestallpoem 200
[2017-11-07 21:47:25.104] [DEBUG] logInfo - POST /poem/newestallpoem 200
[2017-11-07 21:47:25.443] [DEBUG] logInfo - POST /poem/newestallpoem 200
[2017-11-07 21:47:25.694] [DEBUG] logInfo - POST /poem/newestallpoem 200
[2017-11-07 21:47:28.521] [DEBUG] logInfo - POST /poem/info 200
[2017-11-07 21:47:28.530] [DEBUG] logInfo - POST /poem/getloves 200
[2017-11-07 21:47:28.533] [DEBUG] logInfo - POST /poem/newestcomment 200
[2017-11-07 21:47:28.573] [DEBUG] logInfo - POST /poem/newestcomment 200
[2017-11-07 21:47:28.578] [DEBUG] logInfo - POST /poem/getloves 200
[2017-11-07 21:47:28.580] [DEBUG] logInfo - POST /poem/info 200
[2017-11-07 21:47:28.599] [DEBUG] logInfo - POST /poem/info 200
[2017-11-07 21:47:28.603] [DEBUG] logInfo - POST /poem/newestcomment 200
[2017-11-07 21:47:28.611] [DEBUG] logInfo - POST /poem/getloves 200
[2017-11-07 21:47:28.629] [DEBUG] logInfo - POST /poem/info 200
[2017-11-07 21:47:28.637] [DEBUG] logInfo - POST /poem/newestcomment 200
[2017-11-07 21:47:28.650] [DEBUG] logInfo - POST /poem/getloves 200
[2017-11-07 21:47:28.695] [DEBUG] logInfo - POST /poem/info 200
[2017-11-07 21:47:28.708] [DEBUG] logInfo - POST /poem/newestcomment 200
[2017-11-07 21:47:28.711] [DEBUG] logInfo - POST /poem/getloves 200
[2017-11-07 21:48:22.243] [DEBUG] /dao/messageDao.js - {}
[2017-11-07 21:48:22.247] [DEBUG] logInfo - POST /chat/send 200
[2017-11-07 21:48:22.250] [INFO] /push/jpush.js - ---发送极光推送 msgid:55 pushid:1507bfd3f7c397e76cd os:android
[2017-11-07 21:48:22.250] [INFO] /push/jpush.js - ---title:您有一条私信
[2017-11-07 21:48:22.250] [INFO] /push/jpush.js - ---content:nihao1
[2017-11-07 21:48:22.251] [INFO] /push/jpush.js - ---pushtype:chat
[2017-11-07 21:48:22.252] [INFO] /push/jpush.js - ---extras:
[2017-11-07 21:48:22.252] [INFO] /push/jpush.js - { type: 'chat' }
[2017-11-07 21:48:39.146] [DEBUG] logInfo - POST /poem/newestpoem 200
[2017-11-07 21:48:39.153] [DEBUG] logInfo - POST /user/otherinfo 200
[2017-11-07 21:48:39.173] [DEBUG] logInfo - POST /user/otherinfo 200
[2017-11-07 21:48:39.181] [DEBUG] logInfo - POST /poem/newestpoem 200
[2017-11-07 21:48:39.223] [DEBUG] logInfo - POST /user/otherinfo 200
[2017-11-07 21:48:39.226] [DEBUG] logInfo - POST /poem/newestpoem 200
[2017-11-07 21:48:39.255] [DEBUG] logInfo - POST /user/otherinfo 200
[2017-11-07 21:48:39.261] [DEBUG] logInfo - POST /poem/newestpoem 200
[2017-11-07 21:48:39.300] [DEBUG] logInfo - POST /user/otherinfo 200
[2017-11-07 21:48:39.302] [DEBUG] logInfo - POST /poem/newestpoem 200
[2017-11-07 21:48:46.519] [DEBUG] logInfo - POST /poem/info 200
[2017-11-07 21:48:46.520] [DEBUG] logInfo - POST /poem/getloves 200
[2017-11-07 21:48:46.573] [DEBUG] logInfo - POST /poem/newestcomment 200
[2017-11-07 21:48:46.610] [DEBUG] logInfo - POST /poem/info 200
[2017-11-07 21:48:46.615] [DEBUG] logInfo - POST /poem/getloves 200
[2017-11-07 21:48:46.638] [DEBUG] logInfo - POST /poem/newestcomment 200
[2017-11-07 21:48:46.679] [DEBUG] logInfo - POST /poem/newestcomment 200
[2017-11-07 21:48:46.686] [DEBUG] logInfo - POST /poem/info 200
[2017-11-07 21:48:46.690] [DEBUG] logInfo - POST /poem/getloves 200
[2017-11-07 21:48:46.726] [DEBUG] logInfo - POST /poem/newestcomment 200
[2017-11-07 21:48:46.743] [DEBUG] logInfo - POST /poem/info 200
[2017-11-07 21:48:46.761] [DEBUG] logInfo - POST /poem/info 200
[2017-11-07 21:48:46.764] [DEBUG] logInfo - POST /poem/getloves 200
[2017-11-07 21:48:46.787] [DEBUG] logInfo - POST /poem/getloves 200
[2017-11-07 21:48:46.807] [DEBUG] logInfo - POST /poem/newestcomment 200
[2017-11-07 21:48:49.118] [DEBUG] logInfo - POST /poem/newestcomment 200
[2017-11-07 21:51:37.876] [DEBUG] logInfo - POST /message/messages 200
[2017-11-07 21:51:38.081] [DEBUG] logInfo - POST /message/messages 200
[2017-11-07 21:51:38.422] [DEBUG] logInfo - POST /message/messages 200
[2017-11-07 21:51:38.726] [DEBUG] logInfo - POST /message/messages 200
[2017-11-07 21:51:39.056] [DEBUG] logInfo - POST /message/messages 200
[2017-11-07 21:51:39.488] [DEBUG] logInfo - POST /poem/newestallpoem 200
[2017-11-07 21:52:28.127] [DEBUG] logInfo - POST /message/messages 200
[2017-11-07 21:52:28.129] [DEBUG] logInfo - POST /poem/newestallpoem 200
[2017-11-07 21:52:28.138] [DEBUG] logInfo - POST /poem/newestallpoem 200
[2017-11-07 21:52:28.141] [DEBUG] logInfo - POST /poem/newestallpoem 200
[2017-11-07 21:52:28.144] [DEBUG] logInfo - POST /poem/info 200
[2017-11-07 21:52:28.153] [DEBUG] logInfo - POST /poem/newestcomment 200
[2017-11-07 21:52:28.154] [DEBUG] logInfo - POST /poem/getloves 200
[2017-11-07 21:52:45.462] [DEBUG] logInfo - POST /poem/newestallpoem 200
[2017-11-07 21:52:50.946] [DEBUG] logInfo - POST /poem/newestallpoem 200
[2017-11-07 21:52:56.355] [DEBUG] logInfo - POST /poem/newestallpoem 200
[2017-11-07 21:53:01.742] [DEBUG] logInfo - POST /poem/newestallpoem 200
[2017-11-07 21:53:07.183] [DEBUG] logInfo - POST /poem/newestallpoem 200
[2017-11-07 21:54:12.624] [DEBUG] logInfo - POST /user/login 200
[2017-11-07 21:54:39.680] [DEBUG] logInfo - POST /poem/newestallpoem 200
[2017-11-07 21:54:39.684] [DEBUG] logInfo - POST /user/info 200
[2017-11-07 21:54:39.710] [DEBUG] logInfo - POST /poem/newestallpoem 200
[2017-11-07 21:54:39.718] [DEBUG] logInfo - POST /user/info 200
[2017-11-07 21:54:39.769] [DEBUG] logInfo - POST /user/info 200
[2017-11-07 21:54:39.770] [DEBUG] logInfo - POST /poem/newestallpoem 200
[2017-11-07 21:54:39.810] [DEBUG] logInfo - POST /poem/newestallpoem 200
[2017-11-07 21:54:39.814] [DEBUG] logInfo - POST /user/info 200
[2017-11-07 21:54:39.863] [DEBUG] logInfo - POST /user/info 200
[2017-11-07 21:54:39.864] [DEBUG] logInfo - POST /poem/newestallpoem 200
[2017-11-07 21:54:39.891] [DEBUG] logInfo - POST /user/login 200
[2017-11-07 21:54:54.281] [DEBUG] logInfo - POST /poem/newestallpoem 200
[2017-11-07 21:54:54.649] [DEBUG] logInfo - POST /poem/newestallpoem 200
[2017-11-07 21:54:55.009] [DEBUG] logInfo - POST /poem/newestallpoem 200
[2017-11-07 21:54:55.148] [DEBUG] logInfo - POST /user/info 200
[2017-11-07 21:54:55.149] [DEBUG] logInfo - POST /poem/newestallpoem 200
[2017-11-07 21:54:55.212] [DEBUG] logInfo - POST /poem/newestallpoem 200
[2017-11-07 21:54:55.238] [DEBUG] logInfo - POST /user/info 200
[2017-11-07 21:54:55.286] [DEBUG] logInfo - POST /user/info 200
[2017-11-07 21:54:55.294] [DEBUG] logInfo - POST /poem/newestallpoem 200
[2017-11-07 21:54:55.318] [DEBUG] logInfo - POST /poem/newestallpoem 200
[2017-11-07 21:54:55.342] [DEBUG] logInfo - POST /user/info 200
[2017-11-07 21:54:55.359] [DEBUG] logInfo - POST /user/info 200
[2017-11-07 21:54:55.378] [DEBUG] logInfo - POST /poem/newestallpoem 200
[2017-11-07 21:54:55.593] [DEBUG] logInfo - POST /poem/newestallpoem 200
[2017-11-07 21:54:56.175] [DEBUG] logInfo - POST /poem/newestallpoem 200
[2017-11-07 21:55:26.999] [DEBUG] logInfo - POST /poem/newestallpoem 200
[2017-11-07 21:55:27.291] [DEBUG] logInfo - POST /poem/newestallpoem 200
[2017-11-07 21:55:27.539] [DEBUG] logInfo - POST /poem/newestallpoem 200
[2017-11-07 21:55:27.769] [DEBUG] logInfo - POST /poem/newestallpoem 200
[2017-11-07 21:55:28.012] [DEBUG] logInfo - POST /poem/newestallpoem 200
[2017-11-07 21:55:42.090] [DEBUG] logInfo - POST /user/login 200
[2017-11-07 21:55:42.755] [DEBUG] logInfo - POST /poem/newestallpoem 200
[2017-11-07 21:55:42.783] [DEBUG] logInfo - POST /user/info 200
[2017-11-07 21:55:43.182] [DEBUG] logInfo - POST /poem/newestallpoem 200
[2017-11-07 21:55:43.184] [DEBUG] logInfo - POST /user/info 200
[2017-11-07 21:55:43.447] [DEBUG] logInfo - POST /user/info 200
[2017-11-07 21:55:43.462] [DEBUG] logInfo - POST /poem/newestallpoem 200
[2017-11-07 21:55:43.746] [DEBUG] logInfo - POST /user/info 200
[2017-11-07 21:55:43.747] [DEBUG] logInfo - POST /poem/newestallpoem 200
[2017-11-07 21:55:44.056] [DEBUG] logInfo - POST /user/info 200
[2017-11-07 21:55:44.058] [DEBUG] logInfo - POST /poem/newestallpoem 200
[2017-11-07 21:56:03.388] [DEBUG] logInfo - POST /poem/newestallpoem 200
[2017-11-07 21:56:08.859] [DEBUG] logInfo - POST /poem/newestallpoem 200
[2017-11-07 21:56:14.337] [DEBUG] logInfo - POST /poem/newestallpoem 200
[2017-11-07 21:56:19.922] [DEBUG] logInfo - POST /poem/newestallpoem 200
[2017-11-07 21:56:23.778] [DEBUG] logInfo - POST /poem/newestallpoem 200
[2017-11-07 23:15:53.427] [DEBUG] logInfo - POST /poem/newestallpoem 200
[2017-11-07 23:15:53.993] [DEBUG] logInfo - POST /user/info 200
[2017-11-07 23:15:54.623] [DEBUG] logInfo - POST /message/messages 200
[2017-11-07 23:15:54.946] [DEBUG] logInfo - POST /message/read 200
[2017-11-07 23:26:28.055] [DEBUG] logInfo - POST /message/messages 200
[2017-11-07 23:26:29.808] [DEBUG] logInfo - POST /chat/chats 200
[2017-11-07 23:26:52.805] [DEBUG] logInfo - POST /poem/info 200
[2017-11-07 23:26:52.825] [DEBUG] logInfo - POST /poem/getloves 200
[2017-11-07 23:26:52.831] [DEBUG] logInfo - POST /poem/newestcomment 200
[2017-11-07 23:27:03.749] [DEBUG] logInfo - POST /message/messages 200
[2017-11-07 23:27:12.837] [DEBUG] logInfo - POST /chat/chats 200
[2017-11-07 23:27:55.851] [DEBUG] logInfo - POST /user/login 200
[2017-11-07 23:28:06.531] [DEBUG] logInfo - POST /message/messages 200
[2017-11-07 23:28:11.213] [DEBUG] logInfo - POST /chat/chats 200
[2017-11-07 23:32:44.965] [INFO] /dao/dao.js - ---连接数据库 类型:default 参数:{"host":"127.0.0.1","user":"root","password":"890503","database":"poem","port":3306,"multipleStatements":true}
[2017-11-07 23:32:51.146] [DEBUG] /dao/messageDao.js - {}
[2017-11-07 23:32:51.183] [DEBUG] logInfo - POST /chat/send 200
[2017-11-07 23:32:51.199] [INFO] /push/jpush.js - ---发送极光推送 msgid:56 pushid:1507bfd3f7c397e76cd os:android
[2017-11-07 23:32:51.199] [INFO] /push/jpush.js - ---title:您有一条私信
[2017-11-07 23:32:51.199] [INFO] /push/jpush.js - ---content:nihao1
[2017-11-07 23:32:51.200] [INFO] /push/jpush.js - ---pushtype:chat
[2017-11-07 23:32:51.200] [INFO] /push/jpush.js - ---extras:
[2017-11-07 23:32:51.200] [INFO] /push/jpush.js - { type: 'chat' }
[2017-11-07 23:33:05.772] [DEBUG] logInfo - POST /chat/chats 200
[2017-11-07 23:33:57.544] [DEBUG] /dao/messageDao.js - {}
[2017-11-07 23:33:57.578] [DEBUG] logInfo - POST /chat/send 200
[2017-11-07 23:33:57.581] [INFO] /push/jpush.js - ---发送极光推送 msgid:57 pushid:1507bfd3f7c397e76cd os:android
[2017-11-07 23:33:57.581] [INFO] /push/jpush.js - ---title:您有一条私信
[2017-11-07 23:33:57.582] [INFO] /push/jpush.js - ---content:nihao1
[2017-11-07 23:33:57.582] [INFO] /push/jpush.js - ---pushtype:chat
[2017-11-07 23:33:57.582] [INFO] /push/jpush.js - ---extras:
[2017-11-07 23:33:57.582] [INFO] /push/jpush.js - { type: 'chat' }
[2017-11-07 23:34:07.901] [DEBUG] logInfo - POST /chat/chats 200
[2017-11-07 23:35:23.886] [INFO] /dao/dao.js - ---连接数据库 类型:default 参数:{"host":"127.0.0.1","user":"root","password":"890503","database":"poem","port":3306,"multipleStatements":true}
[2017-11-07 23:35:28.041] [DEBUG] logInfo - POST /chat/chats 200
[2017-11-07 23:36:12.215] [INFO] /dao/dao.js - ---连接数据库 类型:default 参数:{"host":"127.0.0.1","user":"root","password":"890503","database":"poem","port":3306,"multipleStatements":true}
[2017-11-07 23:36:15.898] [DEBUG] logInfo - POST /chat/chats 200
[2017-11-07 23:37:52.669] [DEBUG] logInfo - POST /message/messages 200
[2017-11-07 23:37:56.109] [DEBUG] logInfo - POST /chat/chats 200
[2017-11-07 23:39:18.153] [DEBUG] logInfo - POST /message/messages 200
[2017-11-07 23:39:20.951] [DEBUG] logInfo - POST /chat/chats 200
[2017-11-07 23:39:33.898] [DEBUG] logInfo - POST /poem/newestallpoem 200
[2017-11-07 23:39:34.137] [DEBUG] logInfo - POST /user/info 200
[2017-11-07 23:39:35.046] [DEBUG] logInfo - POST /message/messages 200
[2017-11-07 23:39:37.439] [DEBUG] logInfo - POST /message/messages 200
[2017-11-07 23:39:38.639] [DEBUG] logInfo - POST /chat/chats 200
[2017-11-07 23:39:50.642] [DEBUG] logInfo - POST /message/messages 200
[2017-11-07 23:39:53.528] [DEBUG] logInfo - POST /chat/chats 200
[2017-11-07 23:40:40.421] [DEBUG] /dao/messageDao.js - {}
[2017-11-07 23:40:40.429] [DEBUG] logInfo - POST /chat/send 200
[2017-11-07 23:40:40.438] [INFO] /push/jpush.js - ---发送极光推送 msgid:58 pushid:1507bfd3f7c397e76cd os:android
[2017-11-07 23:40:40.439] [INFO] /push/jpush.js - ---title:您有一条私信
[2017-11-07 23:40:40.439] [INFO] /push/jpush.js - ---content:1
[2017-11-07 23:40:40.439] [INFO] /push/jpush.js - ---pushtype:chat
[2017-11-07 23:40:40.440] [INFO] /push/jpush.js - ---extras:
[2017-11-07 23:40:40.441] [INFO] /push/jpush.js - { type: 'chat' }
[2017-11-07 23:40:48.169] [DEBUG] logInfo - POST /message/messages 200
[2017-11-07 23:40:51.757] [DEBUG] logInfo - POST /chat/chats 200
[2017-11-07 23:41:06.702] [DEBUG] /dao/messageDao.js - {}
[2017-11-07 23:41:06.707] [DEBUG] logInfo - POST /chat/send 200
[2017-11-07 23:41:06.714] [INFO] /push/jpush.js - ---发送极光推送 msgid:59 pushid:1507bfd3f7c397e76cd os:android
[2017-11-07 23:41:06.715] [INFO] /push/jpush.js - ---title:您有一条私信
[2017-11-07 23:41:06.715] [INFO] /push/jpush.js - ---content:2
[2017-11-07 23:41:06.716] [INFO] /push/jpush.js - ---pushtype:chat
[2017-11-07 23:41:06.717] [INFO] /push/jpush.js - ---extras:
[2017-11-07 23:41:06.717] [INFO] /push/jpush.js - { type: 'chat' }
[2017-11-07 23:41:13.183] [DEBUG] logInfo - POST /message/messages 200
[2017-11-07 23:41:14.247] [DEBUG] logInfo - POST /chat/chats 200
[2017-11-07 23:48:12.835] [DEBUG] logInfo - POST /message/messages 200
[2017-11-07 23:48:14.161] [DEBUG] logInfo - POST /chat/chats 200
[2017-11-07 23:48:46.651] [DEBUG] logInfo - POST /poem/newestallpoem 200
[2017-11-07 23:48:47.062] [DEBUG] logInfo - POST /user/info 200
[2017-11-07 23:48:47.868] [DEBUG] logInfo - POST /message/messages 200
[2017-11-07 23:48:56.747] [DEBUG] logInfo - POST /message/messages 200
[2017-11-07 23:48:57.836] [DEBUG] logInfo - POST /chat/chats 200
[2017-11-07 23:55:29.369] [DEBUG] logInfo - POST /poem/newestallpoem 200
[2017-11-07 23:55:29.564] [DEBUG] logInfo - POST /user/info 200
[2017-11-07 23:55:30.190] [DEBUG] logInfo - POST /message/messages 200
[2017-11-07 23:55:51.397] [DEBUG] logInfo - POST /message/messages 200
[2017-11-07 23:55:52.338] [DEBUG] logInfo - POST /chat/chats 200
[2017-11-07 23:58:19.980] [DEBUG] logInfo - POST /poem/newestallpoem 200
[2017-11-07 23:58:20.213] [DEBUG] logInfo - POST /user/info 200
[2017-11-07 23:58:20.769] [DEBUG] logInfo - POST /message/messages 200
[2017-11-07 23:58:22.608] [DEBUG] logInfo - POST /message/messages 200
[2017-11-07 23:58:23.584] [DEBUG] logInfo - POST /chat/chats 200
