[2017-11-04 00:02:29.237] [DEBUG] logInfo - POST /poem/newestallpoem 200
[2017-11-04 00:02:29.314] [DEBUG] logInfo - POST /user/info 200
[2017-11-04 00:02:30.904] [DEBUG] logInfo - POST /message/pushid 200
[2017-11-04 00:02:31.017] [DEBUG] logInfo - POST /message/messages 200
[2017-11-04 00:03:43.468] [DEBUG] logInfo - POST /user/info 200
[2017-11-04 00:03:43.481] [DEBUG] logInfo - POST /poem/newestallpoem 200
[2017-11-04 00:03:43.544] [DEBUG] logInfo - POST /message/messages 200
[2017-11-04 00:03:44.793] [DEBUG] logInfo - POST /message/pushid 200
[2017-11-04 00:03:58.658] [DEBUG] logInfo - POST /poem/historyallpoem 200
[2017-11-04 00:05:09.191] [DEBUG] logInfo - POST /user/info 200
[2017-11-04 00:05:09.220] [DEBUG] logInfo - POST /poem/newestallpoem 200
[2017-11-04 00:05:09.227] [DEBUG] logInfo - POST /message/messages 200
[2017-11-04 00:05:09.230] [DEBUG] logInfo - POST /message/pushid 200
[2017-11-04 00:06:19.209] [DEBUG] logInfo - POST /poem/newestallpoem 200
[2017-11-04 00:06:19.301] [DEBUG] logInfo - POST /user/info 200
[2017-11-04 00:06:20.456] [DEBUG] logInfo - POST /message/pushid 200
[2017-11-04 00:06:20.493] [DEBUG] logInfo - POST /message/messages 200
[2017-11-04 00:07:21.003] [DEBUG] logInfo - POST /poem/newestallpoem 200
[2017-11-04 00:07:21.014] [DEBUG] logInfo - POST /user/info 200
[2017-11-04 00:07:21.085] [DEBUG] logInfo - POST /message/messages 200
[2017-11-04 00:07:21.637] [DEBUG] logInfo - POST /message/pushid 200
[2017-11-04 00:12:00.152] [DEBUG] logInfo - POST /poem/newestallpoem 200
[2017-11-04 00:15:35.023] [DEBUG] logInfo - POST /poem/newestallpoem 200
[2017-11-04 00:15:45.708] [DEBUG] logInfo - POST /user/login 200
[2017-11-04 00:15:45.891] [DEBUG] logInfo - POST /user/info 200
[2017-11-04 00:16:10.369] [DEBUG] logInfo - POST /poem/newestallpoem 200
[2017-11-04 00:16:10.386] [DEBUG] logInfo - POST /user/info 200
[2017-11-04 00:16:10.966] [DEBUG] logInfo - POST /message/messages 200
[2017-11-04 00:16:50.441] [DEBUG] logInfo - POST /poem/newestallpoem 200
[2017-11-04 00:16:50.948] [DEBUG] logInfo - POST /user/info 200
[2017-11-04 00:16:51.501] [DEBUG] logInfo - POST /message/messages 200
[2017-11-04 00:17:29.120] [DEBUG] logInfo - POST /user/login 200
[2017-11-04 00:17:29.320] [DEBUG] logInfo - POST /user/info 200
[2017-11-04 00:17:54.456] [DEBUG] logInfo - POST /poem/newestallpoem 200
[2017-11-04 00:17:54.468] [DEBUG] logInfo - POST /user/info 200
[2017-11-04 00:17:55.085] [DEBUG] logInfo - POST /message/messages 200
[2017-11-04 00:19:44.250] [DEBUG] logInfo - POST /poem/newestallpoem 200
[2017-11-04 00:19:44.947] [DEBUG] logInfo - GET /pimage/file/50fca5a28ff53e7b26338bc02d144c2d 200
[2017-11-04 00:19:44.970] [DEBUG] logInfo - GET /pimage/file/e1dc2d16cd7a666714a2ea9e986d05f8 200
[2017-11-04 00:20:08.375] [DEBUG] logInfo - POST /poem/newestallpoem 200
[2017-11-04 00:20:25.557] [DEBUG] logInfo - POST /poem/newestallpoem 200
[2017-11-04 00:21:13.699] [DEBUG] logInfo - POST /poem/newestallpoem 200
[2017-11-04 00:21:13.731] [DEBUG] logInfo - POST /user/info 200
[2017-11-04 00:21:14.344] [DEBUG] logInfo - POST /message/messages 200
[2017-11-04 00:21:39.347] [DEBUG] logInfo - POST /poem/newestallpoem 200
[2017-11-04 00:21:39.567] [DEBUG] logInfo - POST /user/info 200
[2017-11-04 00:21:40.857] [DEBUG] logInfo - POST /message/messages 200
[2017-11-04 00:31:41.459] [DEBUG] logInfo - POST /poem/newestallpoem 200
[2017-11-04 00:33:04.756] [DEBUG] logInfo - POST /user/login 200
[2017-11-04 00:33:04.896] [DEBUG] logInfo - POST /user/info 200
[2017-11-04 00:33:10.492] [DEBUG] logInfo - POST /poem/newestallpoem 200
[2017-11-04 00:33:10.507] [DEBUG] logInfo - POST /user/info 200
[2017-11-04 00:33:11.136] [DEBUG] logInfo - POST /message/messages 200
[2017-11-04 00:33:42.156] [DEBUG] logInfo - POST /poem/newestallpoem 200
[2017-11-04 00:33:42.234] [DEBUG] logInfo - POST /user/info 200
[2017-11-04 00:33:42.900] [DEBUG] logInfo - POST /message/messages 200
[2017-11-04 00:35:10.414] [DEBUG] logInfo - POST /poem/newestallpoem 200
[2017-11-04 00:35:10.444] [DEBUG] logInfo - POST /user/info 200
[2017-11-04 00:35:11.032] [DEBUG] logInfo - POST /message/messages 200
[2017-11-04 00:37:30.785] [DEBUG] logInfo - POST /poem/newestallpoem 200
[2017-11-04 00:37:30.801] [DEBUG] logInfo - POST /user/info 200
[2017-11-04 00:37:32.586] [DEBUG] logInfo - POST /message/messages 200
[2017-11-04 00:38:05.634] [DEBUG] logInfo - POST /user/info 200
[2017-11-04 00:38:05.825] [DEBUG] logInfo - POST /poem/newestallpoem 200
[2017-11-04 00:38:05.830] [DEBUG] logInfo - POST /message/messages 200
[2017-11-04 00:38:21.358] [DEBUG] logInfo - POST /poem/newestallpoem 200
[2017-11-04 00:38:21.569] [DEBUG] logInfo - POST /user/info 200
[2017-11-04 00:38:22.137] [DEBUG] logInfo - POST /message/messages 200
[2017-11-04 00:39:48.462] [DEBUG] logInfo - POST /user/info 200
[2017-11-04 00:39:48.512] [DEBUG] logInfo - POST /poem/newestallpoem 200
[2017-11-04 00:39:48.570] [DEBUG] logInfo - POST /message/messages 200
[2017-11-04 00:42:08.450] [DEBUG] logInfo - POST /user/info 200
[2017-11-04 00:42:08.503] [DEBUG] logInfo - POST /poem/newestallpoem 200
[2017-11-04 00:42:08.549] [DEBUG] logInfo - POST /message/messages 200
[2017-11-04 00:43:40.140] [DEBUG] logInfo - POST /user/info 200
[2017-11-04 00:43:40.531] [DEBUG] logInfo - POST /poem/newestallpoem 200
[2017-11-04 00:43:40.534] [DEBUG] logInfo - POST /message/messages 200
[2017-11-04 00:44:04.457] [DEBUG] logInfo - POST /poem/newestallpoem 200
[2017-11-04 00:44:04.495] [DEBUG] logInfo - POST /user/info 200
[2017-11-04 00:44:04.942] [DEBUG] logInfo - POST /message/messages 200
[2017-11-04 00:50:12.585] [DEBUG] logInfo - POST /poem/newestallpoem 200
[2017-11-04 00:50:12.683] [DEBUG] logInfo - POST /user/info 200
[2017-11-04 00:50:13.164] [DEBUG] logInfo - POST /message/messages 200
[2017-11-04 00:58:33.409] [DEBUG] logInfo - POST /user/info 200
[2017-11-04 00:58:33.448] [DEBUG] logInfo - POST /poem/newestallpoem 200
[2017-11-04 00:58:33.460] [DEBUG] logInfo - POST /message/messages 200
[2017-11-04 10:25:05.171] [DEBUG] logInfo - POST /user/info 200
[2017-11-04 10:25:05.410] [DEBUG] logInfo - POST /poem/newestallpoem 200
[2017-11-04 10:25:05.422] [DEBUG] logInfo - POST /message/messages 200
[2017-11-04 10:25:42.410] [DEBUG] logInfo - POST /poem/newestallpoem 200
[2017-11-04 10:25:45.817] [DEBUG] logInfo - POST /poem/info 200
[2017-11-04 10:25:45.824] [DEBUG] logInfo - POST /poem/getloves 200
[2017-11-04 10:25:45.951] [DEBUG] logInfo - POST /poem/newestcomment 200
[2017-11-04 10:25:46.463] [DEBUG] logInfo - POST /poem/newestcomment 200
[2017-11-04 10:25:46.478] [DEBUG] logInfo - POST /poem/newestcomment 200
[2017-11-04 12:52:55.753] [INFO] /dao/dao.js - ---连接数据库 类型:default 参数:{"host":"127.0.0.1","user":"root","password":"890503","database":"poem","port":3306,"multipleStatements":true}
[2017-11-04 13:19:50.134] [DEBUG] logInfo - POST /poem/newestallpoem 200
[2017-11-04 13:19:50.646] [DEBUG] logInfo - GET /pimage/file/50fca5a28ff53e7b26338bc02d144c2d 200
[2017-11-04 13:19:50.649] [DEBUG] logInfo - GET /pimage/file/e1dc2d16cd7a666714a2ea9e986d05f8 200
[2017-11-04 13:20:04.119] [DEBUG] logInfo - POST /poem/newestallpoem 200
[2017-11-04 13:21:31.643] [DEBUG] logInfo - POST /poem/newestallpoem 200
[2017-11-04 13:22:00.564] [DEBUG] logInfo - POST /poem/newestallpoem 200
[2017-11-04 13:31:30.045] [DEBUG] logInfo - POST /poem/newestallpoem 200
[2017-11-04 13:41:17.787] [DEBUG] logInfo - POST /poem/newestallpoem 200
[2017-11-04 13:42:42.989] [DEBUG] logInfo - POST /poem/newestallpoem 200
[2017-11-04 13:43:42.645] [DEBUG] logInfo - POST /user/login 200
[2017-11-04 13:43:42.738] [DEBUG] logInfo - POST /user/info 200
[2017-11-04 13:43:46.025] [DEBUG] logInfo - POST /poem/newestallpoem 200
