[2017-11-03 22:26:36.379] [INFO] /dao/dao.js - ---连接数据库 类型:default 参数:{"host":"127.0.0.1","user":"root","password":"890503","database":"poem","port":3306,"multipleStatements":true}
[2017-11-03 22:26:55.676] [INFO] /routers/message.js - ---发送极光推送 msgid:49 pushid:1507bfd3f7c397e76cd os: android
[2017-11-03 22:26:55.678] [INFO] /routers/message.js - ---title:1
[2017-11-03 22:26:55.679] [INFO] /routers/message.js - ---content:1
[2017-11-03 22:26:55.680] [ERROR] /routers/message.js - { Error
    at new InvalidArgumentError (/Users/bingbing/Poem/PoemServer/node_modules/jpush-sdk/lib/JPush/JPushError.js:34:17)
    at PushPayload.setPlatform (/Users/bingbing/Poem/PoemServer/node_modules/jpush-sdk/lib/JPush/PushPayload.js:41:15)
    at sendPush (/Users/bingbing/Poem/PoemServer/routers/message.js:67:19)
    at /Users/bingbing/Poem/PoemServer/routers/message.js:105:29
    at Query._callback (/Users/bingbing/Poem/PoemServer/dao/messageDao.js:21:17)
    at Query.Sequence.end (/Users/bingbing/Poem/PoemServer/node_modules/mysql/lib/protocol/sequences/Sequence.js:88:24)
    at Query._handleFinalResultPacket (/Users/bingbing/Poem/PoemServer/node_modules/mysql/lib/protocol/sequences/Query.js:139:8)
    at Query.EofPacket (/Users/bingbing/Poem/PoemServer/node_modules/mysql/lib/protocol/sequences/Query.js:123:8)
    at Protocol._parsePacket (/Users/bingbing/Poem/PoemServer/node_modules/mysql/lib/protocol/Protocol.js:279:23)
    at Parser.write (/Users/bingbing/Poem/PoemServer/node_modules/mysql/lib/protocol/Parser.js:76:12)
  name: 'InvalidArgumentError',
  message: 'Invalid device type \' android\', platform can only be set to \'android\', \'ios\' or \'winPhone\'',
  stack: 'Error\n    at new InvalidArgumentError (/Users/bingbing/Poem/PoemServer/node_modules/jpush-sdk/lib/JPush/JPushError.js:34:17)\n    at PushPayload.setPlatform (/Users/bingbing/Poem/PoemServer/node_modules/jpush-sdk/lib/JPush/PushPayload.js:41:15)\n    at sendPush (/Users/bingbing/Poem/PoemServer/routers/message.js:67:19)\n    at /Users/bingbing/Poem/PoemServer/routers/message.js:105:29\n    at Query._callback (/Users/bingbing/Poem/PoemServer/dao/messageDao.js:21:17)\n    at Query.Sequence.end (/Users/bingbing/Poem/PoemServer/node_modules/mysql/lib/protocol/sequences/Sequence.js:88:24)\n    at Query._handleFinalResultPacket (/Users/bingbing/Poem/PoemServer/node_modules/mysql/lib/protocol/sequences/Query.js:139:8)\n    at Query.EofPacket (/Users/bingbing/Poem/PoemServer/node_modules/mysql/lib/protocol/sequences/Query.js:123:8)\n    at Protocol._parsePacket (/Users/bingbing/Poem/PoemServer/node_modules/mysql/lib/protocol/Protocol.js:279:23)\n    at Parser.write (/Users/bingbing/Poem/PoemServer/node_modules/mysql/lib/protocol/Parser.js:76:12)' }
[2017-11-03 22:26:55.695] [DEBUG] logInfo - POST /message/pushuser 200
[2017-11-03 22:26:55.704] [DEBUG] logInfo - POST /admin/pushuser 200
[2017-11-03 22:33:24.193] [INFO] /dao/dao.js - ---连接数据库 类型:default 参数:{"host":"127.0.0.1","user":"root","password":"890503","database":"poem","port":3306,"multipleStatements":true}
[2017-11-03 22:33:35.709] [INFO] /routers/message.js - ---发送极光推送 msgid:50 pushid:1507bfd3f7c397e76cd os: android
[2017-11-03 22:33:35.710] [INFO] /routers/message.js - ---title:1
[2017-11-03 22:33:35.710] [INFO] /routers/message.js - ---content:1
[2017-11-03 22:33:35.712] [ERROR] /routers/message.js - { Error
    at new InvalidArgumentError (/Users/bingbing/Poem/PoemServer/node_modules/jpush-sdk/lib/JPush/JPushError.js:34:17)
    at PushPayload.setPlatform (/Users/bingbing/Poem/PoemServer/node_modules/jpush-sdk/lib/JPush/PushPayload.js:41:15)
    at sendPush (/Users/bingbing/Poem/PoemServer/routers/message.js:67:19)
    at /Users/bingbing/Poem/PoemServer/routers/message.js:105:29
    at Query._callback (/Users/bingbing/Poem/PoemServer/dao/messageDao.js:21:17)
    at Query.Sequence.end (/Users/bingbing/Poem/PoemServer/node_modules/mysql/lib/protocol/sequences/Sequence.js:88:24)
    at Query._handleFinalResultPacket (/Users/bingbing/Poem/PoemServer/node_modules/mysql/lib/protocol/sequences/Query.js:139:8)
    at Query.EofPacket (/Users/bingbing/Poem/PoemServer/node_modules/mysql/lib/protocol/sequences/Query.js:123:8)
    at Protocol._parsePacket (/Users/bingbing/Poem/PoemServer/node_modules/mysql/lib/protocol/Protocol.js:279:23)
    at Parser.write (/Users/bingbing/Poem/PoemServer/node_modules/mysql/lib/protocol/Parser.js:76:12)
  name: 'InvalidArgumentError',
  message: 'Invalid device type \' android\', platform can only be set to \'android\', \'ios\' or \'winPhone\'',
  stack: 'Error\n    at new InvalidArgumentError (/Users/bingbing/Poem/PoemServer/node_modules/jpush-sdk/lib/JPush/JPushError.js:34:17)\n    at PushPayload.setPlatform (/Users/bingbing/Poem/PoemServer/node_modules/jpush-sdk/lib/JPush/PushPayload.js:41:15)\n    at sendPush (/Users/bingbing/Poem/PoemServer/routers/message.js:67:19)\n    at /Users/bingbing/Poem/PoemServer/routers/message.js:105:29\n    at Query._callback (/Users/bingbing/Poem/PoemServer/dao/messageDao.js:21:17)\n    at Query.Sequence.end (/Users/bingbing/Poem/PoemServer/node_modules/mysql/lib/protocol/sequences/Sequence.js:88:24)\n    at Query._handleFinalResultPacket (/Users/bingbing/Poem/PoemServer/node_modules/mysql/lib/protocol/sequences/Query.js:139:8)\n    at Query.EofPacket (/Users/bingbing/Poem/PoemServer/node_modules/mysql/lib/protocol/sequences/Query.js:123:8)\n    at Protocol._parsePacket (/Users/bingbing/Poem/PoemServer/node_modules/mysql/lib/protocol/Protocol.js:279:23)\n    at Parser.write (/Users/bingbing/Poem/PoemServer/node_modules/mysql/lib/protocol/Parser.js:76:12)' }
[2017-11-03 22:33:35.737] [DEBUG] logInfo - POST /message/pushuser 200
[2017-11-03 22:33:35.755] [DEBUG] logInfo - POST /admin/pushuser 200
[2017-11-03 22:40:40.302] [INFO] /dao/dao.js - ---连接数据库 类型:default 参数:{"host":"127.0.0.1","user":"root","password":"890503","database":"poem","port":3306,"multipleStatements":true}
[2017-11-03 22:40:55.053] [INFO] /routers/message.js - ---发送极光推送 msgid:51 pushid:1507bfd3f7c397e76cd os: android
[2017-11-03 22:40:55.054] [INFO] /routers/message.js - ---title:1
[2017-11-03 22:40:55.055] [INFO] /routers/message.js - ---content:1
[2017-11-03 22:40:55.516] [DEBUG] logInfo - POST /message/pushuser 200
[2017-11-03 22:40:55.531] [DEBUG] logInfo - POST /admin/pushuser 200
[2017-11-03 22:40:55.554] [DEBUG] logInfo - POST /message/messages 200
[2017-11-03 22:40:56.183] [DEBUG] logInfo - POST /message/read 200
[2017-11-03 22:42:21.609] [INFO] /dao/dao.js - ---连接数据库 类型:default 参数:{"host":"127.0.0.1","user":"root","password":"890503","database":"poem","port":3306,"multipleStatements":true}
[2017-11-03 22:42:38.803] [INFO] /routers/message.js - ---发送极光推送 msgid:52 pushid:1507bfd3f7c397e76cd os: android
[2017-11-03 22:42:38.804] [INFO] /routers/message.js - ---title:asd
[2017-11-03 22:42:38.804] [INFO] /routers/message.js - ---content:asd
[2017-11-03 22:42:39.772] [DEBUG] logInfo - POST /message/pushuser 200
[2017-11-03 22:42:39.780] [DEBUG] logInfo - POST /admin/pushuser 200
[2017-11-03 22:42:39.822] [DEBUG] logInfo - POST /message/messages 200
[2017-11-03 22:42:40.376] [DEBUG] logInfo - POST /message/read 200
[2017-11-03 22:43:06.877] [INFO] /dao/dao.js - ---连接数据库 类型:default 参数:{"host":"127.0.0.1","user":"root","password":"890503","database":"poem","port":3306,"multipleStatements":true}
[2017-11-03 22:43:15.015] [INFO] /routers/message.js - ---发送极光推送 msgid:53 pushid:1507bfd3f7c397e76cd os: android
[2017-11-03 22:43:15.015] [INFO] /routers/message.js - ---title:a
[2017-11-03 22:43:15.016] [INFO] /routers/message.js - ---content:a
[2017-11-03 22:43:15.916] [DEBUG] logInfo - POST /message/pushuser 200
[2017-11-03 22:43:15.924] [DEBUG] logInfo - POST /admin/pushuser 200
[2017-11-03 22:43:15.983] [DEBUG] logInfo - POST /message/messages 200
[2017-11-03 22:43:16.318] [DEBUG] logInfo - POST /message/read 200
[2017-11-03 22:43:45.330] [INFO] /dao/dao.js - ---连接数据库 类型:default 参数:{"host":"127.0.0.1","user":"root","password":"890503","database":"poem","port":3306,"multipleStatements":true}
[2017-11-03 22:43:52.410] [INFO] /routers/message.js - ---发送极光推送 msgid:54 pushid:1507bfd3f7c397e76cd os: android
[2017-11-03 22:43:52.411] [INFO] /routers/message.js - ---title:a
[2017-11-03 22:43:52.411] [INFO] /routers/message.js - ---content:ad
[2017-11-03 22:43:52.412] [ERROR] /routers/message.js - { Error
    at new InvalidArgumentError (/Users/bingbing/Poem/PoemServer/node_modules/jpush-sdk/lib/JPush/JPushError.js:34:17)
    at PushPayload.setPlatform (/Users/bingbing/Poem/PoemServer/node_modules/jpush-sdk/lib/JPush/PushPayload.js:41:15)
    at sendPush (/Users/bingbing/Poem/PoemServer/routers/message.js:70:19)
    at /Users/bingbing/Poem/PoemServer/routers/message.js:108:29
    at Query._callback (/Users/bingbing/Poem/PoemServer/dao/messageDao.js:21:17)
    at Query.Sequence.end (/Users/bingbing/Poem/PoemServer/node_modules/mysql/lib/protocol/sequences/Sequence.js:88:24)
    at Query._handleFinalResultPacket (/Users/bingbing/Poem/PoemServer/node_modules/mysql/lib/protocol/sequences/Query.js:139:8)
    at Query.EofPacket (/Users/bingbing/Poem/PoemServer/node_modules/mysql/lib/protocol/sequences/Query.js:123:8)
    at Protocol._parsePacket (/Users/bingbing/Poem/PoemServer/node_modules/mysql/lib/protocol/Protocol.js:279:23)
    at Parser.write (/Users/bingbing/Poem/PoemServer/node_modules/mysql/lib/protocol/Parser.js:76:12)
  name: 'InvalidArgumentError',
  message: 'Invalid device type \' android\', platform can only be set to \'android\', \'ios\' or \'winPhone\'',
  stack: 'Error\n    at new InvalidArgumentError (/Users/bingbing/Poem/PoemServer/node_modules/jpush-sdk/lib/JPush/JPushError.js:34:17)\n    at PushPayload.setPlatform (/Users/bingbing/Poem/PoemServer/node_modules/jpush-sdk/lib/JPush/PushPayload.js:41:15)\n    at sendPush (/Users/bingbing/Poem/PoemServer/routers/message.js:70:19)\n    at /Users/bingbing/Poem/PoemServer/routers/message.js:108:29\n    at Query._callback (/Users/bingbing/Poem/PoemServer/dao/messageDao.js:21:17)\n    at Query.Sequence.end (/Users/bingbing/Poem/PoemServer/node_modules/mysql/lib/protocol/sequences/Sequence.js:88:24)\n    at Query._handleFinalResultPacket (/Users/bingbing/Poem/PoemServer/node_modules/mysql/lib/protocol/sequences/Query.js:139:8)\n    at Query.EofPacket (/Users/bingbing/Poem/PoemServer/node_modules/mysql/lib/protocol/sequences/Query.js:123:8)\n    at Protocol._parsePacket (/Users/bingbing/Poem/PoemServer/node_modules/mysql/lib/protocol/Protocol.js:279:23)\n    at Parser.write (/Users/bingbing/Poem/PoemServer/node_modules/mysql/lib/protocol/Parser.js:76:12)' }
[2017-11-03 22:43:52.436] [DEBUG] logInfo - POST /message/pushuser 200
[2017-11-03 22:43:52.444] [DEBUG] logInfo - POST /admin/pushuser 200
[2017-11-03 22:46:56.926] [INFO] /dao/dao.js - ---连接数据库 类型:default 参数:{"host":"127.0.0.1","user":"root","password":"890503","database":"poem","port":3306,"multipleStatements":true}
[2017-11-03 22:47:08.791] [INFO] /routers/message.js - ---发送极光推送 msgid:55 pushid:1507bfd3f7c397e76cd os: android
[2017-11-03 22:47:08.791] [INFO] /routers/message.js - ---title:ad
[2017-11-03 22:47:08.792] [INFO] /routers/message.js - ---content:asd
[2017-11-03 22:47:09.256] [DEBUG] logInfo - POST /message/pushuser 200
[2017-11-03 22:47:09.261] [DEBUG] logInfo - POST /admin/pushuser 200
[2017-11-03 22:47:57.352] [INFO] /dao/dao.js - ---连接数据库 类型:default 参数:{"host":"127.0.0.1","user":"root","password":"890503","database":"poem","port":3306,"multipleStatements":true}
[2017-11-03 22:48:07.311] [INFO] /routers/message.js - ---发送极光推送 msgid:56 pushid:1507bfd3f7c397e76cd os: android
[2017-11-03 22:48:07.311] [INFO] /routers/message.js - ---title:asd
[2017-11-03 22:48:07.312] [INFO] /routers/message.js - ---content:asd
[2017-11-03 22:48:07.730] [DEBUG] logInfo - POST /message/pushuser 200
[2017-11-03 22:48:07.737] [DEBUG] logInfo - POST /admin/pushuser 200
[2017-11-03 22:48:37.522] [DEBUG] logInfo - POST /message/messages 200
[2017-11-03 22:48:38.025] [DEBUG] logInfo - POST /message/read 200
[2017-11-03 22:48:38.029] [DEBUG] logInfo - POST /message/messages 200
[2017-11-03 22:50:16.990] [INFO] /dao/dao.js - ---连接数据库 类型:default 参数:{"host":"127.0.0.1","user":"root","password":"890503","database":"poem","port":3306,"multipleStatements":true}
[2017-11-03 22:50:26.188] [INFO] /routers/message.js - ---发送极光推送 msgid:57 pushid:1507bfd3f7c397e76cd os: android
[2017-11-03 22:50:26.190] [INFO] /routers/message.js - ---title:a
[2017-11-03 22:50:26.191] [INFO] /routers/message.js - ---content:a
[2017-11-03 22:50:26.685] [DEBUG] logInfo - POST /message/messages 200
[2017-11-03 22:50:26.824] [DEBUG] logInfo - POST /message/pushuser 200
[2017-11-03 22:50:26.828] [DEBUG] logInfo - POST /admin/pushuser 200
[2017-11-03 22:50:26.998] [DEBUG] logInfo - POST /message/read 200
[2017-11-03 22:50:55.347] [INFO] /dao/dao.js - ---连接数据库 类型:default 参数:{"host":"127.0.0.1","user":"root","password":"890503","database":"poem","port":3306,"multipleStatements":true}
[2017-11-03 22:51:01.697] [INFO] /routers/message.js - ---发送极光推送 msgid:58 pushid:1507bfd3f7c397e76cd os: android
[2017-11-03 22:51:01.698] [INFO] /routers/message.js - ---title:asd
[2017-11-03 22:51:01.698] [INFO] /routers/message.js - ---content:asd
[2017-11-03 22:51:02.046] [DEBUG] logInfo - POST /message/messages 200
[2017-11-03 22:51:02.124] [DEBUG] logInfo - POST /message/pushuser 200
[2017-11-03 22:51:02.129] [DEBUG] logInfo - POST /admin/pushuser 200
[2017-11-03 22:51:02.411] [DEBUG] logInfo - POST /message/read 200
[2017-11-03 22:54:11.752] [DEBUG] logInfo - POST /user/info 200
[2017-11-03 22:54:11.757] [DEBUG] logInfo - POST /user/info 200
[2017-11-03 22:54:11.763] [DEBUG] logInfo - POST /poem/newestallpoem 200
[2017-11-03 22:54:11.836] [DEBUG] logInfo - POST /message/pushid 200
[2017-11-03 22:54:14.490] [DEBUG] logInfo - POST /message/messages 200
[2017-11-03 22:54:46.145] [INFO] /routers/message.js - ---发送极光推送 msgid:59 pushid:1507bfd3f7c397e76cd os:android
[2017-11-03 22:54:46.146] [INFO] /routers/message.js - ---title:d
[2017-11-03 22:54:46.146] [INFO] /routers/message.js - ---content:d
[2017-11-03 22:54:47.009] [DEBUG] logInfo - POST /message/pushuser 200
[2017-11-03 22:54:47.011] [DEBUG] logInfo - POST /admin/pushuser 200
[2017-11-03 22:54:47.042] [DEBUG] logInfo - POST /message/messages 200
[2017-11-03 22:54:47.477] [DEBUG] logInfo - POST /message/read 200
[2017-11-03 22:55:59.564] [INFO] /dao/dao.js - ---连接数据库 类型:default 参数:{"host":"127.0.0.1","user":"root","password":"890503","database":"poem","port":3306,"multipleStatements":true}
[2017-11-03 23:00:28.010] [INFO] /dao/dao.js - ---连接数据库 类型:default 参数:{"host":"127.0.0.1","user":"root","password":"890503","database":"poem","port":3306,"multipleStatements":true}
[2017-11-03 23:01:34.764] [INFO] /routers/message.js - ---发送极光推送 msgid:60 pushid:1507bfd3f7c397e76cd os:android
[2017-11-03 23:01:34.765] [INFO] /routers/message.js - ---title:asd
[2017-11-03 23:01:34.766] [INFO] /routers/message.js - ---content:asd
[2017-11-03 23:01:35.117] [DEBUG] logInfo - POST /message/pushuser 200
[2017-11-03 23:01:35.121] [DEBUG] logInfo - POST /admin/pushuser 200
[2017-11-03 23:01:35.251] [DEBUG] logInfo - POST /message/messages 200
[2017-11-03 23:01:35.720] [DEBUG] logInfo - POST /message/read 200
[2017-11-03 23:02:24.604] [INFO] /routers/message.js - ---发送极光推送 msgid:61 pushid:1507bfd3f7c397e76cd os:android
[2017-11-03 23:02:24.604] [INFO] /routers/message.js - ---title:ad
[2017-11-03 23:02:24.605] [INFO] /routers/message.js - ---content:ad
[2017-11-03 23:02:24.842] [DEBUG] logInfo - POST /message/pushuser 200
[2017-11-03 23:02:24.857] [DEBUG] logInfo - POST /admin/pushuser 200
[2017-11-03 23:02:24.877] [DEBUG] logInfo - POST /message/messages 200
[2017-11-03 23:02:25.263] [DEBUG] logInfo - POST /message/read 200
[2017-11-03 23:04:13.471] [INFO] /routers/message.js - ---发送极光推送 msgid:62 pushid:1507bfd3f7c397e76cd os:android
[2017-11-03 23:04:13.472] [INFO] /routers/message.js - ---title:asd
[2017-11-03 23:04:13.473] [INFO] /routers/message.js - ---content:asd
[2017-11-03 23:04:13.820] [DEBUG] logInfo - POST /message/messages 200
[2017-11-03 23:04:13.896] [DEBUG] logInfo - POST /message/pushuser 200
[2017-11-03 23:04:13.899] [DEBUG] logInfo - POST /admin/pushuser 200
[2017-11-03 23:04:14.187] [DEBUG] logInfo - POST /message/read 200
[2017-11-03 23:04:29.353] [DEBUG] logInfo - POST /message/pushuser 200
[2017-11-03 23:04:29.357] [DEBUG] logInfo - POST /admin/pushuser 200
[2017-11-03 23:04:59.561] [INFO] /routers/message.js - ---发送极光推送 msgid:63 pushid:1507bfd3f7c397e76cd os:android
[2017-11-03 23:04:59.561] [INFO] /routers/message.js - ---title:asdasdasdasdasdasd
[2017-11-03 23:04:59.561] [INFO] /routers/message.js - ---content:asdasdasdasdasdasd
[2017-11-03 23:05:00.249] [DEBUG] logInfo - POST /message/pushuser 200
[2017-11-03 23:05:00.251] [DEBUG] logInfo - POST /admin/pushuser 200
[2017-11-03 23:05:00.348] [DEBUG] logInfo - POST /message/messages 200
[2017-11-03 23:05:00.682] [DEBUG] logInfo - POST /message/read 200
[2017-11-03 23:05:40.953] [INFO] /routers/message.js - ---发送极光推送 msgid:64 pushid:1507bfd3f7c397e76cd os:android
[2017-11-03 23:05:40.953] [INFO] /routers/message.js - ---title:asdadasdasdasdasdasda
[2017-11-03 23:05:40.953] [INFO] /routers/message.js - ---content:adasdasdasdasdasda
[2017-11-03 23:05:41.301] [DEBUG] logInfo - POST /message/pushuser 200
[2017-11-03 23:05:41.303] [DEBUG] logInfo - POST /admin/pushuser 200
[2017-11-03 23:05:41.355] [DEBUG] logInfo - POST /message/messages 200
[2017-11-03 23:05:41.658] [DEBUG] logInfo - POST /message/read 200
[2017-11-03 23:07:43.866] [INFO] /routers/message.js - ---发送极光推送
[2017-11-03 23:07:43.867] [INFO] /routers/message.js - ---title:sadasd
[2017-11-03 23:07:43.867] [INFO] /routers/message.js - ---content:asdasd
[2017-11-03 23:07:43.867] [INFO] /routers/message.js - ---os:all
[2017-11-03 23:07:44.146] [DEBUG] logInfo - POST /message/messages 200
[2017-11-03 23:07:44.307] [DEBUG] logInfo - POST /message/pushall 200
[2017-11-03 23:07:44.310] [DEBUG] logInfo - POST /admin/pushall 200
[2017-11-03 23:07:44.483] [DEBUG] logInfo - POST /message/read 200
[2017-11-03 23:07:54.341] [DEBUG] logInfo - POST /user/info 200
[2017-11-03 23:07:54.352] [DEBUG] logInfo - POST /poem/newestallpoem 200
[2017-11-03 23:07:54.382] [DEBUG] logInfo - POST /user/info 200
[2017-11-03 23:07:54.395] [DEBUG] logInfo - POST /message/pushid 200
[2017-11-03 23:07:56.000] [DEBUG] logInfo - POST /message/messages 200
[2017-11-03 23:07:58.858] [DEBUG] logInfo - POST /user/info 200
[2017-11-03 23:07:58.867] [DEBUG] logInfo - POST /poem/newestallpoem 200
[2017-11-03 23:07:58.872] [DEBUG] logInfo - POST /user/info 200
[2017-11-03 23:07:59.273] [DEBUG] logInfo - POST /message/messages 200
[2017-11-03 23:08:00.357] [DEBUG] logInfo - POST /message/pushid 200
[2017-11-03 23:08:11.434] [DEBUG] logInfo - POST /user/info 200
[2017-11-03 23:08:11.458] [DEBUG] logInfo - POST /poem/newestallpoem 200
[2017-11-03 23:08:11.461] [DEBUG] logInfo - POST /user/info 200
[2017-11-03 23:08:12.838] [DEBUG] logInfo - POST /message/messages 200
[2017-11-03 23:08:12.889] [DEBUG] logInfo - POST /message/pushid 200
[2017-11-03 23:08:38.153] [DEBUG] logInfo - POST /user/info 200
[2017-11-03 23:08:38.165] [DEBUG] logInfo - POST /poem/newestallpoem 200
[2017-11-03 23:08:38.314] [DEBUG] logInfo - POST /user/info 200
[2017-11-03 23:08:40.190] [DEBUG] logInfo - POST /message/pushid 200
[2017-11-03 23:08:40.196] [DEBUG] logInfo - POST /message/messages 200
[2017-11-03 23:09:30.157] [DEBUG] logInfo - POST /message/messages 200
[2017-11-03 23:09:30.210] [DEBUG] logInfo - POST /message/messages 200
[2017-11-03 23:09:30.220] [DEBUG] logInfo - POST /message/messages 200
[2017-11-03 23:09:30.250] [DEBUG] logInfo - POST /message/messages 200
[2017-11-03 23:09:30.260] [DEBUG] logInfo - POST /message/messages 200
[2017-11-03 23:09:36.241] [DEBUG] logInfo - POST /message/messages 200
[2017-11-03 23:09:36.252] [DEBUG] logInfo - POST /message/messages 200
[2017-11-03 23:09:36.352] [DEBUG] logInfo - POST /message/messages 200
[2017-11-03 23:09:36.354] [DEBUG] logInfo - POST /message/messages 200
[2017-11-03 23:09:36.360] [DEBUG] logInfo - POST /message/messages 200
[2017-11-03 23:09:44.499] [DEBUG] logInfo - POST /message/messages 200
[2017-11-03 23:09:44.516] [DEBUG] logInfo - POST /message/messages 200
[2017-11-03 23:09:44.517] [DEBUG] logInfo - POST /message/messages 200
[2017-11-03 23:09:44.581] [DEBUG] logInfo - POST /message/messages 200
[2017-11-03 23:09:44.586] [DEBUG] logInfo - POST /message/messages 200
[2017-11-03 23:10:09.904] [DEBUG] logInfo - POST /message/messages 200
[2017-11-03 23:10:09.954] [DEBUG] logInfo - POST /message/messages 200
[2017-11-03 23:10:09.972] [DEBUG] logInfo - POST /message/messages 200
[2017-11-03 23:10:09.974] [DEBUG] logInfo - POST /message/messages 200
[2017-11-03 23:10:09.998] [DEBUG] logInfo - POST /message/messages 200
[2017-11-03 23:10:25.761] [INFO] /routers/message.js - ---发送极光推送
[2017-11-03 23:10:25.761] [INFO] /routers/message.js - ---title:1
[2017-11-03 23:10:25.762] [INFO] /routers/message.js - ---content:1
[2017-11-03 23:10:25.762] [INFO] /routers/message.js - ---os:all
[2017-11-03 23:10:26.072] [DEBUG] logInfo - POST /message/pushall 200
[2017-11-03 23:10:26.074] [DEBUG] logInfo - POST /admin/pushall 200
[2017-11-03 23:10:26.099] [DEBUG] logInfo - POST /message/messages 200
[2017-11-03 23:10:26.100] [DEBUG] logInfo - POST /message/messages 200
[2017-11-03 23:10:26.149] [DEBUG] logInfo - POST /message/messages 200
[2017-11-03 23:10:26.181] [DEBUG] logInfo - POST /message/messages 200
[2017-11-03 23:10:26.204] [DEBUG] logInfo - POST /message/messages 200
[2017-11-03 23:10:26.734] [DEBUG] logInfo - POST /message/read 200
[2017-11-03 23:10:27.022] [DEBUG] logInfo - POST /message/read 200
[2017-11-03 23:10:27.364] [DEBUG] logInfo - POST /message/read 200
[2017-11-03 23:10:27.708] [DEBUG] logInfo - POST /message/read 200
[2017-11-03 23:10:28.054] [DEBUG] logInfo - POST /message/read 200
[2017-11-03 23:10:29.721] [INFO] /routers/message.js - ---发送极光推送
[2017-11-03 23:10:29.721] [INFO] /routers/message.js - ---title:2
[2017-11-03 23:10:29.721] [INFO] /routers/message.js - ---content:2
[2017-11-03 23:10:29.722] [INFO] /routers/message.js - ---os:all
[2017-11-03 23:10:30.137] [DEBUG] logInfo - POST /message/messages 200
[2017-11-03 23:10:30.139] [DEBUG] logInfo - POST /message/messages 200
[2017-11-03 23:10:30.140] [DEBUG] logInfo - POST /message/messages 200
[2017-11-03 23:10:30.172] [DEBUG] logInfo - POST /message/messages 200
[2017-11-03 23:10:30.173] [DEBUG] logInfo - POST /message/messages 200
[2017-11-03 23:10:30.217] [DEBUG] logInfo - POST /message/pushall 200
[2017-11-03 23:10:30.218] [DEBUG] logInfo - POST /admin/pushall 200
[2017-11-03 23:10:30.622] [DEBUG] logInfo - POST /message/read 200
[2017-11-03 23:10:30.963] [DEBUG] logInfo - POST /message/read 200
[2017-11-03 23:10:31.308] [DEBUG] logInfo - POST /message/read 200
[2017-11-03 23:10:31.661] [DEBUG] logInfo - POST /message/read 200
[2017-11-03 23:10:32.005] [DEBUG] logInfo - POST /message/read 200
[2017-11-03 23:10:33.466] [INFO] /routers/message.js - ---发送极光推送
[2017-11-03 23:10:33.466] [INFO] /routers/message.js - ---title:3
[2017-11-03 23:10:33.466] [INFO] /routers/message.js - ---content:3
[2017-11-03 23:10:33.466] [INFO] /routers/message.js - ---os:all
[2017-11-03 23:10:33.877] [DEBUG] logInfo - POST /message/messages 200
[2017-11-03 23:10:33.897] [DEBUG] logInfo - POST /message/messages 200
[2017-11-03 23:10:33.899] [DEBUG] logInfo - POST /message/messages 200
[2017-11-03 23:10:33.903] [DEBUG] logInfo - POST /message/messages 200
[2017-11-03 23:10:33.906] [DEBUG] logInfo - POST /message/messages 200
[2017-11-03 23:10:33.926] [DEBUG] logInfo - POST /message/pushall 200
[2017-11-03 23:10:33.927] [DEBUG] logInfo - POST /admin/pushall 200
[2017-11-03 23:10:34.285] [DEBUG] logInfo - POST /message/read 200
[2017-11-03 23:10:34.626] [DEBUG] logInfo - POST /message/read 200
[2017-11-03 23:10:34.986] [DEBUG] logInfo - POST /message/read 200
[2017-11-03 23:10:35.304] [DEBUG] logInfo - POST /message/read 200
[2017-11-03 23:10:35.628] [DEBUG] logInfo - POST /message/read 200
[2017-11-03 23:10:37.190] [INFO] /routers/message.js - ---发送极光推送
[2017-11-03 23:10:37.191] [INFO] /routers/message.js - ---title:4
[2017-11-03 23:10:37.193] [INFO] /routers/message.js - ---content:4
[2017-11-03 23:10:37.193] [INFO] /routers/message.js - ---os:all
[2017-11-03 23:10:37.414] [DEBUG] logInfo - POST /message/pushall 200
[2017-11-03 23:10:37.415] [DEBUG] logInfo - POST /admin/pushall 200
[2017-11-03 23:10:37.537] [DEBUG] logInfo - POST /message/messages 200
[2017-11-03 23:10:37.593] [DEBUG] logInfo - POST /message/messages 200
[2017-11-03 23:10:37.594] [DEBUG] logInfo - POST /message/messages 200
[2017-11-03 23:10:37.595] [DEBUG] logInfo - POST /message/messages 200
[2017-11-03 23:10:37.599] [DEBUG] logInfo - POST /message/messages 200
[2017-11-03 23:10:37.905] [DEBUG] logInfo - POST /message/read 200
[2017-11-03 23:10:38.246] [DEBUG] logInfo - POST /message/read 200
[2017-11-03 23:10:38.586] [DEBUG] logInfo - POST /message/read 200
[2017-11-03 23:10:38.934] [DEBUG] logInfo - POST /message/read 200
[2017-11-03 23:10:39.297] [DEBUG] logInfo - POST /message/read 200
[2017-11-03 23:10:40.730] [INFO] /routers/message.js - ---发送极光推送
[2017-11-03 23:10:40.730] [INFO] /routers/message.js - ---title:5
[2017-11-03 23:10:40.731] [INFO] /routers/message.js - ---content:5
[2017-11-03 23:10:40.731] [INFO] /routers/message.js - ---os:all
[2017-11-03 23:10:40.942] [DEBUG] logInfo - POST /message/pushall 200
[2017-11-03 23:10:40.944] [DEBUG] logInfo - POST /admin/pushall 200
[2017-11-03 23:10:41.088] [DEBUG] logInfo - POST /message/messages 200
[2017-11-03 23:10:41.097] [DEBUG] logInfo - POST /message/messages 200
[2017-11-03 23:10:41.098] [DEBUG] logInfo - POST /message/messages 200
[2017-11-03 23:10:41.099] [DEBUG] logInfo - POST /message/messages 200
[2017-11-03 23:10:41.101] [DEBUG] logInfo - POST /message/messages 200
[2017-11-03 23:10:41.455] [DEBUG] logInfo - POST /message/read 200
[2017-11-03 23:10:41.874] [DEBUG] logInfo - POST /message/read 200
[2017-11-03 23:10:42.173] [DEBUG] logInfo - POST /message/read 200
[2017-11-03 23:10:42.524] [DEBUG] logInfo - POST /message/read 200
[2017-11-03 23:10:42.870] [DEBUG] logInfo - POST /message/read 200
[2017-11-03 23:10:44.664] [INFO] /routers/message.js - ---发送极光推送
[2017-11-03 23:10:44.664] [INFO] /routers/message.js - ---title:6
[2017-11-03 23:10:44.664] [INFO] /routers/message.js - ---content:6
[2017-11-03 23:10:44.664] [INFO] /routers/message.js - ---os:all
[2017-11-03 23:10:44.964] [DEBUG] logInfo - POST /message/pushall 200
[2017-11-03 23:10:44.965] [DEBUG] logInfo - POST /admin/pushall 200
[2017-11-03 23:10:45.108] [DEBUG] logInfo - POST /message/messages 200
[2017-11-03 23:10:45.109] [DEBUG] logInfo - POST /message/messages 200
[2017-11-03 23:10:45.126] [DEBUG] logInfo - POST /message/messages 200
[2017-11-03 23:10:45.133] [DEBUG] logInfo - POST /message/messages 200
[2017-11-03 23:10:45.159] [DEBUG] logInfo - POST /message/messages 200
[2017-11-03 23:10:45.480] [DEBUG] logInfo - POST /message/read 200
[2017-11-03 23:10:45.821] [DEBUG] logInfo - POST /message/read 200
[2017-11-03 23:10:46.146] [DEBUG] logInfo - POST /message/read 200
[2017-11-03 23:10:46.491] [DEBUG] logInfo - POST /message/read 200
[2017-11-03 23:10:46.842] [DEBUG] logInfo - POST /message/read 200
[2017-11-03 23:10:59.663] [DEBUG] logInfo - POST /user/info 200
[2017-11-03 23:10:59.668] [DEBUG] logInfo - POST /user/info 200
[2017-11-03 23:10:59.680] [DEBUG] logInfo - POST /poem/newestallpoem 200
[2017-11-03 23:11:00.812] [DEBUG] logInfo - POST /message/messages 200
[2017-11-03 23:11:02.142] [DEBUG] logInfo - POST /message/pushid 200
[2017-11-03 23:11:33.679] [DEBUG] logInfo - POST /message/messages 200
[2017-11-03 23:48:24.467] [DEBUG] logInfo - POST /user/info 200
[2017-11-03 23:48:24.513] [DEBUG] logInfo - POST /message/pushid 200
[2017-11-03 23:48:24.582] [DEBUG] logInfo - POST /message/messages 200
[2017-11-03 23:49:13.420] [DEBUG] logInfo - POST /user/info 200
[2017-11-03 23:49:13.498] [DEBUG] logInfo - POST /message/messages 200
[2017-11-03 23:49:13.557] [DEBUG] logInfo - POST /message/pushid 200
[2017-11-03 23:49:58.876] [DEBUG] logInfo - POST /user/info 200
[2017-11-03 23:49:58.979] [DEBUG] logInfo - POST /message/messages 200
[2017-11-03 23:49:59.020] [DEBUG] logInfo - POST /message/pushid 200
[2017-11-03 23:50:32.557] [DEBUG] logInfo - POST /poem/newestallpoem 200
[2017-11-03 23:50:33.447] [DEBUG] logInfo - POST /user/info 200
[2017-11-03 23:50:34.448] [DEBUG] logInfo - POST /message/messages 200
[2017-11-03 23:50:34.486] [DEBUG] logInfo - POST /message/pushid 200
[2017-11-03 23:50:57.104] [DEBUG] logInfo - POST /poem/newestallpoem 200
[2017-11-03 23:50:57.884] [DEBUG] logInfo - POST /user/info 200
[2017-11-03 23:50:58.717] [DEBUG] logInfo - POST /message/messages 200
[2017-11-03 23:50:58.740] [DEBUG] logInfo - POST /message/pushid 200
[2017-11-03 23:56:13.560] [DEBUG] logInfo - POST /poem/newestallpoem 200
[2017-11-03 23:56:14.732] [DEBUG] logInfo - POST /user/info 200
[2017-11-03 23:56:15.576] [DEBUG] logInfo - POST /message/messages 200
[2017-11-03 23:56:15.586] [DEBUG] logInfo - POST /message/pushid 200
[2017-11-03 23:56:33.691] [DEBUG] logInfo - POST /poem/newestallpoem 200
[2017-11-03 23:56:34.746] [DEBUG] logInfo - POST /user/info 200
[2017-11-03 23:56:36.755] [DEBUG] logInfo - POST /message/pushid 200
[2017-11-03 23:56:36.986] [DEBUG] logInfo - POST /message/messages 200
[2017-11-03 23:58:54.034] [DEBUG] logInfo - POST /poem/newestallpoem 200
[2017-11-03 23:58:56.727] [DEBUG] logInfo - POST /user/info 200
[2017-11-03 23:58:58.455] [DEBUG] logInfo - POST /message/messages 200
[2017-11-03 23:58:58.472] [DEBUG] logInfo - POST /message/pushid 200
[2017-11-03 23:59:09.554] [DEBUG] logInfo - POST /poem/newestallpoem 200
[2017-11-03 23:59:11.474] [DEBUG] logInfo - POST /user/info 200
[2017-11-03 23:59:13.195] [DEBUG] logInfo - POST /message/pushid 200
[2017-11-03 23:59:13.240] [DEBUG] logInfo - POST /message/messages 200
