2017-12-01 10:00:58 +0000  Initial pipeline context: <IDEDistributionProcessingPipelineContext: 0x7fabd9752a50; archive(resolved)='<IDEArchive: 0x7fabd5b5ba40>', distributionTask(resolved)='2', distributionMethod(resolved)='<IDEDistributionMethodiOSAppStoreExport: 0x7fabd812f880>', team(resolved)='<IDEProvisioningBasicTeam 0x7fabd9408ed0: teamID: ZERU4NU5ED, teamName: bingbing shen>'>
	Chain (11, self inclusive):
	<IDEDistributionProcessingPipelineContext: 0x7fabd9752a50; archive = '<IDEArchive: 0x7fabd5b5ba40>', distributionMethod='<IDEDistributionMethodiOSAppStoreExport: 0x7fabd812f880>', team='<IDEProvisioningBasicTeam 0x7fabd9408ed0: teamID: ZERU4NU5ED, teamName: bingbing shen>'>
	<IDEDistributionProcessingPipelineContext: 0x7fabd949a0e0; archive = '<IDEArchive: 0x7fabd5b5ba40>', distributionMethod='<IDEDistributionMethodiOSAppStoreExport: 0x7fabd812f880>', team='<IDEProvisioningBasicTeam 0x7fabd9408ed0: teamID: ZERU4NU5ED, teamName: bingbing shen>'>
	<IDEDistributionContext: 0x7fabd85d12a0; archive = '<IDEArchive: 0x7fabd5b5ba40>', distributionMethod='<IDEDistributionMethodiOSAppStoreExport: 0x7fabd812f880>', team='<IDEProvisioningBasicTeam 0x7fabd9408ed0: teamID: ZERU4NU5ED, teamName: bingbing shen>'>
	<IDEDistributionContext: 0x7fabd91d81e0; archive = '<IDEArchive: 0x7fabd5b5ba40>', distributionMethod='<IDEDistributionMethodiOSAppStoreExport: 0x7fabd812f880>', team='<IDEProvisioningBasicTeam 0x7fabd9408ed0: teamID: ZERU4NU5ED, teamName: bingbing shen>'>
	<IDEDistributionContext: 0x7fabd44fa760; archive = '<IDEArchive: 0x7fabd5b5ba40>', distributionMethod='<IDEDistributionMethodiOSAppStoreExport: 0x7fabd812f880>', team='<IDEProvisioningBasicTeam 0x7fabd9408ed0: teamID: ZERU4NU5ED, teamName: bingbing shen>'>
	<IDEDistributionContext: 0x7fabd4fa4f00; archive = '<IDEArchive: 0x7fabd5b5ba40>', distributionMethod='<IDEDistributionMethodiOSAppStoreExport: 0x7fabd812f880>', team='<IDEProvisioningBasicTeam 0x7fabd9408ed0: teamID: ZERU4NU5ED, teamName: bingbing shen>'>
	<IDEDistributionContext: 0x7fabd91bfde0; archive = '<IDEArchive: 0x7fabd5b5ba40>', distributionMethod='<IDEDistributionMethodiOSAppStoreExport: 0x7fabd812f880>', team='<IDEProvisioningBasicTeam 0x7fabd9408ed0: teamID: ZERU4NU5ED, teamName: bingbing shen>'>
	<IDEDistributionContext: 0x7fabd929e4c0; archive = '<IDEArchive: 0x7fabd5b5ba40>', distributionMethod='<IDEDistributionMethodiOSAppStoreExport: 0x7fabd812f880>', team='<IDEProvisioningBasicTeam 0x7fabd9408ed0: teamID: ZERU4NU5ED, teamName: bingbing shen>'>
	<IDEDistributionContext: 0x7fabd94cca90; archive = '<IDEArchive: 0x7fabd5b5ba40>', distributionMethod='<IDEDistributionMethodiOSAppStoreExport: 0x7fabd812f880>', team='<IDEProvisioningBasicTeam 0x7fabd9408ed0: teamID: ZERU4NU5ED, teamName: bingbing shen>'>
	<IDEDistributionContext: 0x7fabea3f0e40; archive = '<IDEArchive: 0x7fabd5b5ba40>', distributionMethod='<IDEDistributionMethodiOSAppStoreExport: 0x7fabd812f880>', team='(null)'>
	<IDEDistributionContext: 0x7fabd923e770; archive = '<IDEArchive: 0x7fabd5b5ba40>', distributionMethod='(null)', team='(null)'>
</IDEDistributionProcessingPipelineContext: 0x7fabd9752a50>
2017-12-01 10:00:58 +0000  Processing step: IDEDistributionCreateDestRootStep
2017-12-01 10:00:58 +0000  Processing step: IDEDistributionCopyItemStep
2017-12-01 10:00:58 +0000  Running /usr/bin/ditto '-V' '/Users/bbs/Library/Developer/Xcode/Archives/2017-12-01/PoemRN 2017-12-1 下午6.00.xcarchive/Products/Applications/PoemRN.app' '/var/folders/q2/hvdzjvrn7r10p1324bt7tq6h0000gn/T/XcodeDistPipeline.GZn/Root/Payload/PoemRN.app'
2017-12-01 10:00:58 +0000  >>> Copying /Users/bbs/Library/Developer/Xcode/Archives/2017-12-01/PoemRN 2017-12-1 下午6.00.xcarchive/Products/Applications/PoemRN.app 
2017-12-01 10:00:58 +0000  
2017-12-01 10:00:58 +0000  copying file ./_CodeSignature/CodeResources ... 
2017-12-01 10:00:58 +0000  43618 bytes for ./_CodeSignature/CodeResources
2017-12-01 10:00:58 +0000  copying file ./Octicons.ttf ... 
2017-12-01 10:00:58 +0000  27512 bytes for ./Octicons.ttf
copying file ./Feather.ttf ... 
2017-12-01 10:00:58 +0000  55288 bytes for ./Feather.ttf
2017-12-01 10:00:58 +0000  copying file ./LaunchImage-1100-Portrait-2436h@3x.png ... 
2017-12-01 10:00:58 +0000  30227 bytes for ./LaunchImage-1100-Portrait-2436h@3x.png
copying file ./LaunchImage@2x.png ... 
2017-12-01 10:00:58 +0000  7392 bytes for ./LaunchImage@2x.png
2017-12-01 10:00:58 +0000  copying file ./AppIcon20x20@2x.png ... 
2017-12-01 10:00:58 +0000  1369 bytes for ./AppIcon20x20@2x.png
copying file ./Entypo.ttf ... 
2017-12-01 10:00:58 +0000  65584 bytes for ./Entypo.ttf
2017-12-01 10:00:58 +0000  copying file ./AppIcon20x20@3x.png ... 
2017-12-01 10:00:58 +0000  1753 bytes for ./AppIcon20x20@3x.png
copying file ./MaterialCommunityIcons.ttf ... 
2017-12-01 10:00:58 +0000  292556 bytes for ./MaterialCommunityIcons.ttf
2017-12-01 10:00:58 +0000  copying file ./LaunchImage-568h@2x.png ... 
2017-12-01 10:00:58 +0000  8423 bytes for ./LaunchImage-568h@2x.png
copying file ./AppIcon60x60@2x.png ... 
2017-12-01 10:00:58 +0000  2349 bytes for ./AppIcon60x60@2x.png
2017-12-01 10:00:58 +0000  copying file ./AppIcon29x29@2x.png ... 
2017-12-01 10:00:58 +0000  1940 bytes for ./AppIcon29x29@2x.png
2017-12-01 10:00:58 +0000  copying file ./LaunchImage-1100-Landscape-2436h@3x.png ... 
2017-12-01 10:00:58 +0000  27236 bytes for ./LaunchImage-1100-Landscape-2436h@3x.png
copying file ./LaunchImage-800-667h@2x.png ... 
2017-12-01 10:00:58 +0000  10290 bytes for ./LaunchImage-800-667h@2x.png
copying file ./AppIcon40x40@3x.png ... 
2017-12-01 10:00:58 +0000  2055 bytes for ./AppIcon40x40@3x.png
2017-12-01 10:00:58 +0000  copying file ./Foundation.ttf ... 
2017-12-01 10:00:58 +0000  56976 bytes for ./Foundation.ttf
2017-12-01 10:00:58 +0000  copying file ./Ionicons.ttf ... 
2017-12-01 10:00:58 +0000  143936 bytes for ./Ionicons.ttf
2017-12-01 10:00:58 +0000  copying file ./AppIcon40x40@2x.png ... 
2017-12-01 10:00:58 +0000  1611 bytes for ./AppIcon40x40@2x.png
copying file ./AppIcon29x29@3x.png ... 
2017-12-01 10:00:58 +0000  2767 bytes for ./AppIcon29x29@3x.png
copying file ./AppIcon60x60@3x.png ... 
2017-12-01 10:00:58 +0000  3237 bytes for ./AppIcon60x60@3x.png
2017-12-01 10:00:58 +0000  copying file ./Base.lproj/LaunchScreen.nib ... 
2017-12-01 10:00:58 +0000  3101 bytes for ./Base.lproj/LaunchScreen.nib
2017-12-01 10:00:58 +0000  copying file ./FontAwesome.ttf ... 
2017-12-01 10:00:58 +0000  165548 bytes for ./FontAwesome.ttf
copying file ./archived-expanded-entitlements.xcent ... 
2017-12-01 10:00:58 +0000  246 bytes for ./archived-expanded-entitlements.xcent
copying file ./Zocial.ttf ... 
2017-12-01 10:00:58 +0000  25552 bytes for ./Zocial.ttf
2017-12-01 10:00:58 +0000  copying file ./Assets.car ... 
2017-12-01 10:00:58 +0000  82280 bytes for ./Assets.car
2017-12-01 10:00:58 +0000  copying file ./main.jsbundle.meta ... 
2017-12-01 10:00:58 +0000  21 bytes for ./main.jsbundle.meta
2017-12-01 10:00:58 +0000  copying file ./EvilIcons.ttf ... 
2017-12-01 10:00:58 +0000  13128 bytes for ./EvilIcons.ttf
copying file ./LaunchImage-800-Portrait-736h@3x.png ... 
2017-12-01 10:00:58 +0000  28761 bytes for ./LaunchImage-800-Portrait-736h@3x.png
copying file ./main.jsbundle ... 
2017-12-01 10:00:58 +0000  1595511 bytes for ./main.jsbundle
copying file ./LaunchImage-700@2x.png ... 
2017-12-01 10:00:58 +0000  14471 bytes for ./LaunchImage-700@2x.png
copying file ./Default-568.png ... 
2017-12-01 10:00:58 +0000  6015 bytes for ./Default-568.png
copying file ./LaunchImage-700-568h@2x.png ... 
2017-12-01 10:00:58 +0000  8423 bytes for ./LaunchImage-700-568h@2x.png
2017-12-01 10:00:58 +0000  copying file ./Frameworks/QBImagePicker.framework/de.lproj/QBImagePicker.strings ... 
2017-12-01 10:00:58 +0000  641 bytes for ./Frameworks/QBImagePicker.framework/de.lproj/QBImagePicker.strings
2017-12-01 10:00:58 +0000  copying file ./Frameworks/QBImagePicker.framework/_CodeSignature/CodeResources ... 
2017-12-01 10:00:58 +0000  6950 bytes for ./Frameworks/QBImagePicker.framework/_CodeSignature/CodeResources
2017-12-01 10:00:58 +0000  copying file ./Frameworks/QBImagePicker.framework/zh-Hans.lproj/QBImagePicker.strings ... 
2017-12-01 10:00:58 +0000  482 bytes for ./Frameworks/QBImagePicker.framework/zh-Hans.lproj/QBImagePicker.strings
2017-12-01 10:00:58 +0000  copying file ./Frameworks/QBImagePicker.framework/ja.lproj/QBImagePicker.strings ... 
2017-12-01 10:00:58 +0000  496 bytes for ./Frameworks/QBImagePicker.framework/ja.lproj/QBImagePicker.strings
2017-12-01 10:00:58 +0000  copying file ./Frameworks/QBImagePicker.framework/en.lproj/QBImagePicker.strings ... 
2017-12-01 10:00:58 +0000  593 bytes for ./Frameworks/QBImagePicker.framework/en.lproj/QBImagePicker.strings
2017-12-01 10:00:58 +0000  copying file ./Frameworks/QBImagePicker.framework/QBImagePicker.storyboardc/QiH-NZ-ZGN-view-sD2-zK-ryo.nib ... 
2017-12-01 10:00:58 +0000  10622 bytes for ./Frameworks/QBImagePicker.framework/QBImagePicker.storyboardc/QiH-NZ-ZGN-view-sD2-zK-ryo.nib
copying file ./Frameworks/QBImagePicker.framework/QBImagePicker.storyboardc/QBAlbumsViewController.nib ... 
2017-12-01 10:00:58 +0000  1793 bytes for ./Frameworks/QBImagePicker.framework/QBImagePicker.storyboardc/QBAlbumsViewController.nib
copying file ./Frameworks/QBImagePicker.framework/QBImagePicker.storyboardc/QBAssetsViewController.nib ... 
2017-12-01 10:00:58 +0000  1377 bytes for ./Frameworks/QBImagePicker.framework/QBImagePicker.storyboardc/QBAssetsViewController.nib
copying file ./Frameworks/QBImagePicker.framework/QBImagePicker.storyboardc/QL5-wR-LYt-view-66K-TS-Yoc.nib ... 
2017-12-01 10:00:58 +0000  6772 bytes for ./Frameworks/QBImagePicker.framework/QBImagePicker.storyboardc/QL5-wR-LYt-view-66K-TS-Yoc.nib
2017-12-01 10:00:58 +0000  copying file ./Frameworks/QBImagePicker.framework/QBImagePicker.storyboardc/QBAlbumsNavigationController.nib ... 
2017-12-01 10:00:58 +0000  2568 bytes for ./Frameworks/QBImagePicker.framework/QBImagePicker.storyboardc/QBAlbumsNavigationController.nib
copying file ./Frameworks/QBImagePicker.framework/QBImagePicker.storyboardc/Info.plist ... 
2017-12-01 10:00:58 +0000  289 bytes for ./Frameworks/QBImagePicker.framework/QBImagePicker.storyboardc/Info.plist
2017-12-01 10:00:58 +0000  copying file ./Frameworks/QBImagePicker.framework/es.lproj/QBImagePicker.strings ... 
2017-12-01 10:00:58 +0000  569 bytes for ./Frameworks/QBImagePicker.framework/es.lproj/QBImagePicker.strings
2017-12-01 10:00:58 +0000  copying file ./Frameworks/QBImagePicker.framework/pl.lproj/QBImagePicker.strings ... 
2017-12-01 10:00:58 +0000  625 bytes for ./Frameworks/QBImagePicker.framework/pl.lproj/QBImagePicker.strings
2017-12-01 10:00:58 +0000  copying file ./Frameworks/QBImagePicker.framework/QBImagePicker ... 
2017-12-01 10:00:58 +0000  947984 bytes for ./Frameworks/QBImagePicker.framework/QBImagePicker
2017-12-01 10:00:58 +0000  copying file ./Frameworks/QBImagePicker.framework/Info.plist ... 
746 bytes for ./Frameworks/QBImagePicker.framework/Info.plist
2017-12-01 10:00:58 +0000  copying file ./Frameworks/RSKImageCropper.framework/_CodeSignature/CodeResources ... 
2017-12-01 10:00:58 +0000  17453 bytes for ./Frameworks/RSKImageCropper.framework/_CodeSignature/CodeResources
2017-12-01 10:00:58 +0000  copying file ./Frameworks/RSKImageCropper.framework/RSKImageCropperStrings.bundle/de.lproj/RSKImageCropper.strings ... 
2017-12-01 10:00:58 +0000  1340 bytes for ./Frameworks/RSKImageCropper.framework/RSKImageCropperStrings.bundle/de.lproj/RSKImageCropper.strings
2017-12-01 10:00:58 +0000  copying file ./Frameworks/RSKImageCropper.framework/RSKImageCropperStrings.bundle/he.lproj/RSKImageCropper.strings ... 
2017-12-01 10:00:58 +0000  1351 bytes for ./Frameworks/RSKImageCropper.framework/RSKImageCropperStrings.bundle/he.lproj/RSKImageCropper.strings
2017-12-01 10:00:58 +0000  copying file ./Frameworks/RSKImageCropper.framework/RSKImageCropperStrings.bundle/ar.lproj/RSKImageCropper.strings ... 
2017-12-01 10:00:58 +0000  1339 bytes for ./Frameworks/RSKImageCropper.framework/RSKImageCropperStrings.bundle/ar.lproj/RSKImageCropper.strings
2017-12-01 10:00:58 +0000  copying file ./Frameworks/RSKImageCropper.framework/RSKImageCropperStrings.bundle/el.lproj/RSKImageCropper.strings ... 
2017-12-01 10:00:58 +0000  1370 bytes for ./Frameworks/RSKImageCropper.framework/RSKImageCropperStrings.bundle/el.lproj/RSKImageCropper.strings
2017-12-01 10:00:58 +0000  copying file ./Frameworks/RSKImageCropper.framework/RSKImageCropperStrings.bundle/zh-Hans.lproj/RSKImageCropper.strings ... 
2017-12-01 10:00:58 +0000  1327 bytes for ./Frameworks/RSKImageCropper.framework/RSKImageCropperStrings.bundle/zh-Hans.lproj/RSKImageCropper.strings
2017-12-01 10:00:58 +0000  copying file ./Frameworks/RSKImageCropper.framework/RSKImageCropperStrings.bundle/ja.lproj/RSKImageCropper.strings ... 
2017-12-01 10:00:58 +0000  1342 bytes for ./Frameworks/RSKImageCropper.framework/RSKImageCropperStrings.bundle/ja.lproj/RSKImageCropper.strings
2017-12-01 10:00:58 +0000  copying file ./Frameworks/RSKImageCropper.framework/RSKImageCropperStrings.bundle/en.lproj/RSKImageCropper.strings ... 
2017-12-01 10:00:58 +0000  1326 bytes for ./Frameworks/RSKImageCropper.framework/RSKImageCropperStrings.bundle/en.lproj/RSKImageCropper.strings
2017-12-01 10:00:58 +0000  copying file ./Frameworks/RSKImageCropper.framework/RSKImageCropperStrings.bundle/uk.lproj/RSKImageCropper.strings ... 
2017-12-01 10:00:58 +0000  1359 bytes for ./Frameworks/RSKImageCropper.framework/RSKImageCropperStrings.bundle/uk.lproj/RSKImageCropper.strings
2017-12-01 10:00:58 +0000  copying file ./Frameworks/RSKImageCropper.framework/RSKImageCropperStrings.bundle/nb.lproj/RSKImageCropper.strings ... 
2017-12-01 10:00:58 +0000  1325 bytes for ./Frameworks/RSKImageCropper.framework/RSKImageCropperStrings.bundle/nb.lproj/RSKImageCropper.strings
2017-12-01 10:00:58 +0000  copying file ./Frameworks/RSKImageCropper.framework/RSKImageCropperStrings.bundle/es.lproj/RSKImageCropper.strings ... 
2017-12-01 10:00:58 +0000  1327 bytes for ./Frameworks/RSKImageCropper.framework/RSKImageCropperStrings.bundle/es.lproj/RSKImageCropper.strings
2017-12-01 10:00:58 +0000  copying file ./Frameworks/RSKImageCropper.framework/RSKImageCropperStrings.bundle/sl.lproj/RSKImageCropper.strings ... 
2017-12-01 10:00:58 +0000  1336 bytes for ./Frameworks/RSKImageCropper.framework/RSKImageCropperStrings.bundle/sl.lproj/RSKImageCropper.strings
2017-12-01 10:00:58 +0000  copying file ./Frameworks/RSKImageCropper.framework/RSKImageCropperStrings.bundle/pt_BR.lproj/RSKImageCropper.strings ... 
2017-12-01 10:00:58 +0000  1337 bytes for ./Frameworks/RSKImageCropper.framework/RSKImageCropperStrings.bundle/pt_BR.lproj/RSKImageCropper.strings
2017-12-01 10:00:58 +0000  copying file ./Frameworks/RSKImageCropper.framework/RSKImageCropperStrings.bundle/da.lproj/RSKImageCropper.strings ... 
2017-12-01 10:00:58 +0000  1327 bytes for ./Frameworks/RSKImageCropper.framework/RSKImageCropperStrings.bundle/da.lproj/RSKImageCropper.strings
2017-12-01 10:00:58 +0000  copying file ./Frameworks/RSKImageCropper.framework/RSKImageCropperStrings.bundle/it.lproj/RSKImageCropper.strings ... 
2017-12-01 10:00:58 +0000  1334 bytes for ./Frameworks/RSKImageCropper.framework/RSKImageCropperStrings.bundle/it.lproj/RSKImageCropper.strings
2017-12-01 10:00:58 +0000  copying file ./Frameworks/RSKImageCropper.framework/RSKImageCropperStrings.bundle/pt_PT.lproj/RSKImageCropper.strings ... 
2017-12-01 10:00:58 +0000  1335 bytes for ./Frameworks/RSKImageCropper.framework/RSKImageCropperStrings.bundle/pt_PT.lproj/RSKImageCropper.strings
2017-12-01 10:00:58 +0000  copying file ./Frameworks/RSKImageCropper.framework/RSKImageCropperStrings.bundle/ms.lproj/RSKImageCropper.strings ... 
2017-12-01 10:00:58 +0000  1324 bytes for ./Frameworks/RSKImageCropper.framework/RSKImageCropperStrings.bundle/ms.lproj/RSKImageCropper.strings
2017-12-01 10:00:58 +0000  copying file ./Frameworks/RSKImageCropper.framework/RSKImageCropperStrings.bundle/sv.lproj/RSKImageCropper.strings ... 
2017-12-01 10:00:58 +0000  1333 bytes for ./Frameworks/RSKImageCropper.framework/RSKImageCropperStrings.bundle/sv.lproj/RSKImageCropper.strings
2017-12-01 10:00:58 +0000  copying file ./Frameworks/RSKImageCropper.framework/RSKImageCropperStrings.bundle/cs.lproj/RSKImageCropper.strings ... 
2017-12-01 10:00:58 +0000  1328 bytes for ./Frameworks/RSKImageCropper.framework/RSKImageCropperStrings.bundle/cs.lproj/RSKImageCropper.strings
2017-12-01 10:00:58 +0000  copying file ./Frameworks/RSKImageCropper.framework/RSKImageCropperStrings.bundle/hu.lproj/RSKImageCropper.strings ... 
2017-12-01 10:00:58 +0000  1345 bytes for ./Frameworks/RSKImageCropper.framework/RSKImageCropperStrings.bundle/hu.lproj/RSKImageCropper.strings
2017-12-01 10:00:58 +0000  copying file ./Frameworks/RSKImageCropper.framework/RSKImageCropperStrings.bundle/tr.lproj/RSKImageCropper.strings ... 
2017-12-01 10:00:58 +0000  1330 bytes for ./Frameworks/RSKImageCropper.framework/RSKImageCropperStrings.bundle/tr.lproj/RSKImageCropper.strings
2017-12-01 10:00:58 +0000  copying file ./Frameworks/RSKImageCropper.framework/RSKImageCropperStrings.bundle/pl.lproj/RSKImageCropper.strings ... 
2017-12-01 10:00:58 +0000  1325 bytes for ./Frameworks/RSKImageCropper.framework/RSKImageCropperStrings.bundle/pl.lproj/RSKImageCropper.strings
2017-12-01 10:00:58 +0000  copying file ./Frameworks/RSKImageCropper.framework/RSKImageCropperStrings.bundle/vi.lproj/RSKImageCropper.strings ... 
2017-12-01 10:00:58 +0000  1342 bytes for ./Frameworks/RSKImageCropper.framework/RSKImageCropperStrings.bundle/vi.lproj/RSKImageCropper.strings
2017-12-01 10:00:58 +0000  copying file ./Frameworks/RSKImageCropper.framework/RSKImageCropperStrings.bundle/ru.lproj/RSKImageCropper.strings ... 
2017-12-01 10:00:58 +0000  1358 bytes for ./Frameworks/RSKImageCropper.framework/RSKImageCropperStrings.bundle/ru.lproj/RSKImageCropper.strings
2017-12-01 10:00:58 +0000  copying file ./Frameworks/RSKImageCropper.framework/RSKImageCropperStrings.bundle/fr.lproj/RSKImageCropper.strings ... 
2017-12-01 10:00:58 +0000  1322 bytes for ./Frameworks/RSKImageCropper.framework/RSKImageCropperStrings.bundle/fr.lproj/RSKImageCropper.strings
2017-12-01 10:00:58 +0000  copying file ./Frameworks/RSKImageCropper.framework/RSKImageCropperStrings.bundle/fi.lproj/RSKImageCropper.strings ... 
2017-12-01 10:00:58 +0000  1330 bytes for ./Frameworks/RSKImageCropper.framework/RSKImageCropperStrings.bundle/fi.lproj/RSKImageCropper.strings
2017-12-01 10:00:58 +0000  copying file ./Frameworks/RSKImageCropper.framework/RSKImageCropperStrings.bundle/id.lproj/RSKImageCropper.strings ... 
2017-12-01 10:00:58 +0000  1333 bytes for ./Frameworks/RSKImageCropper.framework/RSKImageCropperStrings.bundle/id.lproj/RSKImageCropper.strings
2017-12-01 10:00:58 +0000  copying file ./Frameworks/RSKImageCropper.framework/RSKImageCropperStrings.bundle/nl.lproj/RSKImageCropper.strings ... 
2017-12-01 10:00:58 +0000  1339 bytes for ./Frameworks/RSKImageCropper.framework/RSKImageCropperStrings.bundle/nl.lproj/RSKImageCropper.strings
2017-12-01 10:00:58 +0000  copying file ./Frameworks/RSKImageCropper.framework/RSKImageCropperStrings.bundle/ro.lproj/RSKImageCropper.strings ... 
2017-12-01 10:00:58 +0000  1345 bytes for ./Frameworks/RSKImageCropper.framework/RSKImageCropperStrings.bundle/ro.lproj/RSKImageCropper.strings
2017-12-01 10:00:58 +0000  copying file ./Frameworks/RSKImageCropper.framework/RSKImageCropperStrings.bundle/hr.lproj/RSKImageCropper.strings ... 
2017-12-01 10:00:58 +0000  1335 bytes for ./Frameworks/RSKImageCropper.framework/RSKImageCropperStrings.bundle/hr.lproj/RSKImageCropper.strings
2017-12-01 10:00:58 +0000  copying file ./Frameworks/RSKImageCropper.framework/RSKImageCropperStrings.bundle/hi.lproj/RSKImageCropper.strings ... 
2017-12-01 10:00:58 +0000  1387 bytes for ./Frameworks/RSKImageCropper.framework/RSKImageCropperStrings.bundle/hi.lproj/RSKImageCropper.strings
2017-12-01 10:00:58 +0000  copying file ./Frameworks/RSKImageCropper.framework/RSKImageCropperStrings.bundle/ca.lproj/RSKImageCropper.strings ... 
2017-12-01 10:00:58 +0000  1337 bytes for ./Frameworks/RSKImageCropper.framework/RSKImageCropperStrings.bundle/ca.lproj/RSKImageCropper.strings
2017-12-01 10:00:58 +0000  copying file ./Frameworks/RSKImageCropper.framework/Info.plist ... 
2017-12-01 10:00:58 +0000  751 bytes for ./Frameworks/RSKImageCropper.framework/Info.plist
copying file ./Frameworks/RSKImageCropper.framework/RSKImageCropper ... 
2017-12-01 10:00:58 +0000  867392 bytes for ./Frameworks/RSKImageCropper.framework/RSKImageCropper
2017-12-01 10:00:58 +0000  copying file ./SimpleLineIcons.ttf ... 
2017-12-01 10:00:58 +0000  54056 bytes for ./SimpleLineIcons.ttf
copying file ./LaunchImage.png ... 
2017-12-01 10:00:58 +0000  3496 bytes for ./LaunchImage.png
2017-12-01 10:00:58 +0000  copying file ./embedded.mobileprovision ... 
2017-12-01 10:00:58 +0000  7607 bytes for ./embedded.mobileprovision
2017-12-01 10:00:58 +0000  copying file ./assets/app/images/notphoto.png ... 
2017-12-01 10:00:58 +0000  424 bytes for ./assets/app/images/notphoto.png
copying file ./assets/app/images/clear.png ... 
2017-12-01 10:00:58 +0000  309 bytes for ./assets/app/images/clear.png
copying file ./assets/app/images/zoom_in.png ... 
2017-12-01 10:00:58 +0000  705 bytes for ./assets/app/images/zoom_in.png
copying file ./assets/app/images/nothead.png ... 
2017-12-01 10:00:58 +0000  1701 bytes for ./assets/app/images/nothead.png
copying file ./assets/app/images/modify.png ... 
2017-12-01 10:00:58 +0000  204 bytes for ./assets/app/images/modify.png
copying file ./assets/app/images/official.png ... 
2017-12-01 10:00:58 +0000  2124 bytes for ./assets/app/images/official.png
2017-12-01 10:00:58 +0000  copying file ./assets/app/images/big_head.png ... 
2017-12-01 10:00:58 +0000  1495 bytes for ./assets/app/images/big_head.png
2017-12-01 10:00:58 +0000  copying file ./assets/node_modules/react-navigation/src/views/assets/back-icon@3x.png ... 
2017-12-01 10:00:58 +0000  732 bytes for ./assets/node_modules/react-navigation/src/views/assets/back-icon@3x.png
2017-12-01 10:00:58 +0000  copying file ./assets/node_modules/react-navigation/src/views/assets/back-icon@2x.png ... 
2017-12-01 10:00:58 +0000  534 bytes for ./assets/node_modules/react-navigation/src/views/assets/back-icon@2x.png
2017-12-01 10:00:58 +0000  copying file ./assets/node_modules/react-navigation/src/views/assets/back-icon.png ... 
2017-12-01 10:00:58 +0000  379 bytes for ./assets/node_modules/react-navigation/src/views/assets/back-icon.png
2017-12-01 10:00:58 +0000  copying file ./assets/node_modules/react-native-elements/src/rating/images/bell.png ... 
2017-12-01 10:00:58 +0000  2989 bytes for ./assets/node_modules/react-native-elements/src/rating/images/bell.png
copying file ./assets/node_modules/react-native-elements/src/rating/images/heart.png ... 
2017-12-01 10:00:58 +0000  1928 bytes for ./assets/node_modules/react-native-elements/src/rating/images/heart.png
copying file ./assets/node_modules/react-native-elements/src/rating/images/rocket.png ... 
2017-12-01 10:00:58 +0000  4050 bytes for ./assets/node_modules/react-native-elements/src/rating/images/rocket.png
2017-12-01 10:00:58 +0000  copying file ./assets/node_modules/react-native-elements/src/rating/images/star.png ... 
2017-12-01 10:00:58 +0000  1961 bytes for ./assets/node_modules/react-native-elements/src/rating/images/star.png
2017-12-01 10:00:58 +0000  copying file ./LaunchImage-800-Landscape-736h@3x.png ... 
2017-12-01 10:00:58 +0000  26384 bytes for ./LaunchImage-800-Landscape-736h@3x.png
2017-12-01 10:00:58 +0000  copying file ./Info.plist ... 
2017-12-01 10:00:58 +0000  2397 bytes for ./Info.plist
copying file ./PoemRN ... 
2017-12-01 10:00:58 +0000  68126800 bytes for ./PoemRN
2017-12-01 10:00:58 +0000  copying file ./HYZhongSongJ.ttf ... 
2017-12-01 10:00:58 +0000  4346968 bytes for ./HYZhongSongJ.ttf
copying file ./PkgInfo ... 
2017-12-01 10:00:58 +0000  8 bytes for ./PkgInfo
2017-12-01 10:00:58 +0000  copying file ./MaterialIcons.ttf ... 
2017-12-01 10:00:58 +0000  128180 bytes for ./MaterialIcons.ttf
2017-12-01 10:00:58 +0000  2017-12-01 10:00:58 +0000  

2017-12-01 10:00:58 +0000  /usr/bin/ditto exited with 02017-12-01 10:00:58 +0000  

2017-12-01 10:00:58 +0000  2017-12-01 10:00:58 +0000  Processing step: IDEDistributionEmbedProfileStep

2017-12-01 10:00:58 +0000  Skipping profile for item: <IDEDistributionItem: 0x7fabd991c360 'jp.questbeat.QBImagePicker' '<DVTFilePath:0x7fabd4a85e30:'/Users/bbs/Library/Developer/Xcode/Archives/2017-12-01/PoemRN 2017-12-1 下午6.00.xcarchive/Products/Applications/PoemRN.app/Frameworks/QBImagePicker.framework'>'>
2017-12-01 10:00:58 +0000  Skipping profile for item: <IDEDistributionItem: 0x7fabd8ce8710 'com.ruslanskorb.RSKImageCropper' '<DVTFilePath:0x7fabd3f22690:'/Users/bbs/Library/Developer/Xcode/Archives/2017-12-01/PoemRN 2017-12-1 下午6.00.xcarchive/Products/Applications/PoemRN.app/Frameworks/RSKImageCropper.framework'>'>
2017-12-01 10:00:58 +0000  Processing step: IDEDistributionItemRemovalStep
2017-12-01 10:00:58 +0000  Processing step: IDEDistributionAppThinningPlistStep
2017-12-01 10:00:58 +0000  Skipping step: IDEDistributionAppThinningPlistStep because it said so
2017-12-01 10:00:58 +0000  Processing step: IDEDistributionCompileBitcodeStep
2017-12-01 10:00:58 +0000  Skipping step: IDEDistributionCompileBitcodeStep because it said so
2017-12-01 10:00:58 +0000  Processing step: IDEDistributionCodeSlimmingStep
2017-12-01 10:00:59 +0000  Processing step: IDEDistributionCopyBCSymbolMapsStep
2017-12-01 10:00:59 +0000  Running /usr/bin/ditto '-V' '/Users/bbs/Library/Developer/Xcode/Archives/2017-12-01/PoemRN 2017-12-1 下午6.00.xcarchive/BCSymbolMaps/ED196DA0-2573-31A2-BF70-776E14060CAD.bcsymbolmap' '/var/folders/q2/hvdzjvrn7r10p1324bt7tq6h0000gn/T/XcodeDistPipeline.GZn/Root/BCSymbolMaps/ED196DA0-2573-31A2-BF70-776E14060CAD.bcsymbolmap'
2017-12-01 10:00:59 +0000  >>> Copying /Users/bbs/Library/Developer/Xcode/Archives/2017-12-01/PoemRN 2017-12-1 下午6.00.xcarchive/BCSymbolMaps/ED196DA0-2573-31A2-BF70-776E14060CAD.bcsymbolmap 
2017-12-01 10:00:59 +0000  copying file ./ED196DA0-2573-31A2-BF70-776E14060CAD.bcsymbolmap ... 
2017-12-01 10:00:59 +0000  27252 bytes for ./ED196DA0-2573-31A2-BF70-776E14060CAD.bcsymbolmap
2017-12-01 10:00:59 +0000  2017-12-01 10:00:59 +0000  

2017-12-01 10:00:59 +0000  /usr/bin/ditto exited with 02017-12-01 10:00:59 +0000  

2017-12-01 10:00:59 +0000  
2017-12-01 10:00:59 +0000  Running /usr/bin/ditto '-V' '/Users/bbs/Library/Developer/Xcode/Archives/2017-12-01/PoemRN 2017-12-1 下午6.00.xcarchive/BCSymbolMaps/133A2F62-B3CA-3D6B-A61A-0257E1E1D572.bcsymbolmap' '/var/folders/q2/hvdzjvrn7r10p1324bt7tq6h0000gn/T/XcodeDistPipeline.GZn/Root/BCSymbolMaps/133A2F62-B3CA-3D6B-A61A-0257E1E1D572.bcsymbolmap'
2017-12-01 10:00:59 +0000  >>> Copying /Users/bbs/Library/Developer/Xcode/Archives/2017-12-01/PoemRN 2017-12-1 下午6.00.xcarchive/BCSymbolMaps/133A2F62-B3CA-3D6B-A61A-0257E1E1D572.bcsymbolmap 
2017-12-01 10:00:59 +0000  copying file ./133A2F62-B3CA-3D6B-A61A-0257E1E1D572.bcsymbolmap ... 
2017-12-01 10:00:59 +0000  24053 bytes for ./133A2F62-B3CA-3D6B-A61A-0257E1E1D572.bcsymbolmap
2017-12-01 10:00:59 +0000  
2017-12-01 10:00:59 +0000  2017-12-01 10:00:59 +0000  /usr/bin/ditto exited with 0

2017-12-01 10:00:59 +0000  
2017-12-01 10:00:59 +0000  Running /usr/bin/ditto '-V' '/Users/bbs/Library/Developer/Xcode/Archives/2017-12-01/PoemRN 2017-12-1 下午6.00.xcarchive/BCSymbolMaps/B428FADC-8622-373A-BD0B-21D4DC4595EE.bcsymbolmap' '/var/folders/q2/hvdzjvrn7r10p1324bt7tq6h0000gn/T/XcodeDistPipeline.GZn/Root/BCSymbolMaps/B428FADC-8622-373A-BD0B-21D4DC4595EE.bcsymbolmap'
2017-12-01 10:00:59 +0000  >>> Copying /Users/bbs/Library/Developer/Xcode/Archives/2017-12-01/PoemRN 2017-12-1 下午6.00.xcarchive/BCSymbolMaps/B428FADC-8622-373A-BD0B-21D4DC4595EE.bcsymbolmap 
2017-12-01 10:00:59 +0000  copying file ./B428FADC-8622-373A-BD0B-21D4DC4595EE.bcsymbolmap ... 
2017-12-01 10:00:59 +0000  27851 bytes for ./B428FADC-8622-373A-BD0B-21D4DC4595EE.bcsymbolmap
2017-12-01 10:00:59 +0000  2017-12-01 10:00:59 +0000  

2017-12-01 10:00:59 +0000  /usr/bin/ditto exited with 0
2017-12-01 10:00:59 +0000  2017-12-01 10:00:59 +0000  

2017-12-01 10:00:59 +0000  Running /usr/bin/ditto '-V' '/Users/bbs/Library/Developer/Xcode/Archives/2017-12-01/PoemRN 2017-12-1 下午6.00.xcarchive/BCSymbolMaps/7D2997FE-A1B7-37C8-BA07-A8E5B6895EC7.bcsymbolmap' '/var/folders/q2/hvdzjvrn7r10p1324bt7tq6h0000gn/T/XcodeDistPipeline.GZn/Root/BCSymbolMaps/7D2997FE-A1B7-37C8-BA07-A8E5B6895EC7.bcsymbolmap'
2017-12-01 10:00:59 +0000  >>> Copying /Users/bbs/Library/Developer/Xcode/Archives/2017-12-01/PoemRN 2017-12-1 下午6.00.xcarchive/BCSymbolMaps/7D2997FE-A1B7-37C8-BA07-A8E5B6895EC7.bcsymbolmap 
2017-12-01 10:00:59 +0000  copying file ./7D2997FE-A1B7-37C8-BA07-A8E5B6895EC7.bcsymbolmap ... 
2017-12-01 10:00:59 +0000  24825 bytes for ./7D2997FE-A1B7-37C8-BA07-A8E5B6895EC7.bcsymbolmap
2017-12-01 10:00:59 +0000  2017-12-01 10:00:59 +0000  

2017-12-01 10:00:59 +0000  /usr/bin/ditto exited with 02017-12-01 10:00:59 +0000  
2017-12-01 10:00:59 +0000  

2017-12-01 10:00:59 +0000  Running /usr/bin/ditto '-V' '/Users/bbs/Library/Developer/Xcode/Archives/2017-12-01/PoemRN 2017-12-1 下午6.00.xcarchive/BCSymbolMaps/7A69FD3B-6D1D-3F24-AE2E-68C84E9A3209.bcsymbolmap' '/var/folders/q2/hvdzjvrn7r10p1324bt7tq6h0000gn/T/XcodeDistPipeline.GZn/Root/BCSymbolMaps/7A69FD3B-6D1D-3F24-AE2E-68C84E9A3209.bcsymbolmap'
2017-12-01 10:00:59 +0000  >>> Copying /Users/bbs/Library/Developer/Xcode/Archives/2017-12-01/PoemRN 2017-12-1 下午6.00.xcarchive/BCSymbolMaps/7A69FD3B-6D1D-3F24-AE2E-68C84E9A3209.bcsymbolmap 
2017-12-01 10:00:59 +0000  copying file ./7A69FD3B-6D1D-3F24-AE2E-68C84E9A3209.bcsymbolmap ... 
2017-12-01 10:00:59 +0000  2300124 bytes for ./7A69FD3B-6D1D-3F24-AE2E-68C84E9A3209.bcsymbolmap
2017-12-01 10:00:59 +0000  2017-12-01 10:00:59 +0000  /usr/bin/ditto exited with 0
2017-12-01 10:00:59 +0000  

2017-12-01 10:00:59 +0000  Running /usr/bin/ditto '-V' '/Users/bbs/Library/Developer/Xcode/Archives/2017-12-01/PoemRN 2017-12-1 下午6.00.xcarchive/BCSymbolMaps/17FE83D3-B85B-3833-8296-A7E442DFD68B.bcsymbolmap' '/var/folders/q2/hvdzjvrn7r10p1324bt7tq6h0000gn/T/XcodeDistPipeline.GZn/Root/BCSymbolMaps/17FE83D3-B85B-3833-8296-A7E442DFD68B.bcsymbolmap'
2017-12-01 10:00:59 +0000  >>> Copying /Users/bbs/Library/Developer/Xcode/Archives/2017-12-01/PoemRN 2017-12-1 下午6.00.xcarchive/BCSymbolMaps/17FE83D3-B85B-3833-8296-A7E442DFD68B.bcsymbolmap 
2017-12-01 10:00:59 +0000  copying file ./17FE83D3-B85B-3833-8296-A7E442DFD68B.bcsymbolmap ... 
2017-12-01 10:00:59 +0000  2357946 bytes for ./17FE83D3-B85B-3833-8296-A7E442DFD68B.bcsymbolmap
2017-12-01 10:00:59 +0000  2017-12-01 10:00:59 +0000  /usr/bin/ditto exited with 0

2017-12-01 10:00:59 +0000  2017-12-01 10:00:59 +0000  

2017-12-01 10:00:59 +0000  Processing step: IDEDistributionSymbolsStep
2017-12-01 10:00:59 +0000  Excluding symbols for QBImagePicker.framework
2017-12-01 10:00:59 +0000  Excluding symbols for RSKImageCropper.framework
2017-12-01 10:00:59 +0000  Excluding symbols for PoemRN.app
2017-12-01 10:00:59 +0000  Processing step: IDEDistributionCopyAppleProvidedContentStep
2017-12-01 10:00:59 +0000  Processing step: IDEDistributionAppThinningStep
2017-12-01 10:00:59 +0000  Skipping step: IDEDistributionAppThinningStep because it said so
2017-12-01 10:00:59 +0000  Processing step: IDEDistributionODRStep
2017-12-01 10:00:59 +0000  Processing step: IDEDistributionStripXattrsStep
2017-12-01 10:00:59 +0000  Skipping stripping extended attributes of item: <IDEDistributionItem: 0x7fabd991c360 'jp.questbeat.QBImagePicker' '<DVTFilePath:0x7fabd4a85e30:'/Users/bbs/Library/Developer/Xcode/Archives/2017-12-01/PoemRN 2017-12-1 下午6.00.xcarchive/Products/Applications/PoemRN.app/Frameworks/QBImagePicker.framework'>'>
2017-12-01 10:00:59 +0000  Skipping stripping extended attributes of item: <IDEDistributionItem: 0x7fabd8ce8710 'com.ruslanskorb.RSKImageCropper' '<DVTFilePath:0x7fabd3f22690:'/Users/bbs/Library/Developer/Xcode/Archives/2017-12-01/PoemRN 2017-12-1 下午6.00.xcarchive/Products/Applications/PoemRN.app/Frameworks/RSKImageCropper.framework'>'>
2017-12-01 10:00:59 +0000  Running /usr/bin/xattr '-crs' '/var/folders/q2/hvdzjvrn7r10p1324bt7tq6h0000gn/T/XcodeDistPipeline.GZn/Root/Payload/PoemRN.app'
2017-12-01 10:00:59 +0000  
2017-12-01 10:00:59 +0000  /usr/bin/xattr exited with 0
2017-12-01 10:00:59 +0000  
2017-12-01 10:00:59 +0000  2017-12-01 10:00:59 +0000  Processing step: IDEDistributionCodesignStep

2017-12-01 10:00:59 +0000  Applying entitlements delta for <IDEDistributionItem: 0x7fabd991c360 'jp.questbeat.QBImagePicker' '<DVTFilePath:0x7fabd4a85e30:'/Users/bbs/Library/Developer/Xcode/Archives/2017-12-01/PoemRN 2017-12-1 下午6.00.xcarchive/Products/Applications/PoemRN.app/Frameworks/QBImagePicker.framework'>'> from <IDEiCloudEntitlementsProcessor: 0x7fabe52eb730>: {
}
2017-12-01 10:00:59 +0000  Entitlements for <IDEDistributionItem: 0x7fabd991c360 'jp.questbeat.QBImagePicker' '<DVTFilePath:0x7fabd4a85e30:'/Users/bbs/Library/Developer/Xcode/Archives/2017-12-01/PoemRN 2017-12-1 下午6.00.xcarchive/Products/Applications/PoemRN.app/Frameworks/QBImagePicker.framework'>'>: {
}
2017-12-01 10:00:59 +0000  Writing entitlements for <IDEDistributionItem: 0x7fabd991c360 'jp.questbeat.QBImagePicker' '<DVTFilePath:0x7fabd4a85e30:'/Users/bbs/Library/Developer/Xcode/Archives/2017-12-01/PoemRN 2017-12-1 下午6.00.xcarchive/Products/Applications/PoemRN.app/Frameworks/QBImagePicker.framework'>'> to: /var/folders/q2/hvdzjvrn7r10p1324bt7tq6h0000gn/T/XcodeDistPipeline.GZn/entitlementspbgDzT
2017-12-01 10:00:59 +0000  Running /usr/bin/codesign '-vvv' '--force' '--sign' 'CA01D40EB011910DFFB112106C0C782E0CFD4E4D' '--preserve-metadata=identifier,flags' '--entitlements' '/var/folders/q2/hvdzjvrn7r10p1324bt7tq6h0000gn/T/XcodeDistPipeline.GZn/entitlementspbgDzT' '/var/folders/q2/hvdzjvrn7r10p1324bt7tq6h0000gn/T/XcodeDistPipeline.GZn/Root/Payload/PoemRN.app/Frameworks/QBImagePicker.framework'
2017-12-01 10:01:00 +0000  /var/folders/q2/hvdzjvrn7r10p1324bt7tq6h0000gn/T/XcodeDistPipeline.GZn/Root/Payload/PoemRN.app/Frameworks/QBImagePicker.framework: signed bundle with Mach-O universal (armv7 arm64) [jp.questbeat.QBImagePicker]
2017-12-01 10:01:00 +0000  2017-12-01 10:01:00 +0000  

2017-12-01 10:01:00 +0000  
2017-12-01 10:01:00 +0000  
2017-12-01 10:01:00 +0000  
2017-12-01 10:01:00 +0000  
2017-12-01 10:01:00 +0000  
2017-12-01 10:01:00 +0000  2017-12-01 10:01:00 +0000  

2017-12-01 10:01:00 +0000  
2017-12-01 10:01:00 +0000  
2017-12-01 10:01:00 +0000  
2017-12-01 10:01:00 +0000  /usr/bin/codesign exited with 0
2017-12-01 10:01:00 +0000  2017-12-01 10:01:00 +0000  

2017-12-01 10:01:00 +0000  Applying entitlements delta for <IDEDistributionItem: 0x7fabd8ce8710 'com.ruslanskorb.RSKImageCropper' '<DVTFilePath:0x7fabd3f22690:'/Users/bbs/Library/Developer/Xcode/Archives/2017-12-01/PoemRN 2017-12-1 下午6.00.xcarchive/Products/Applications/PoemRN.app/Frameworks/RSKImageCropper.framework'>'> from <IDEiCloudEntitlementsProcessor: 0x7fabd68efd10>: {
}
2017-12-01 10:01:00 +0000  Entitlements for <IDEDistributionItem: 0x7fabd8ce8710 'com.ruslanskorb.RSKImageCropper' '<DVTFilePath:0x7fabd3f22690:'/Users/bbs/Library/Developer/Xcode/Archives/2017-12-01/PoemRN 2017-12-1 下午6.00.xcarchive/Products/Applications/PoemRN.app/Frameworks/RSKImageCropper.framework'>'>: {
}
2017-12-01 10:01:00 +0000  Writing entitlements for <IDEDistributionItem: 0x7fabd8ce8710 'com.ruslanskorb.RSKImageCropper' '<DVTFilePath:0x7fabd3f22690:'/Users/bbs/Library/Developer/Xcode/Archives/2017-12-01/PoemRN 2017-12-1 下午6.00.xcarchive/Products/Applications/PoemRN.app/Frameworks/RSKImageCropper.framework'>'> to: /var/folders/q2/hvdzjvrn7r10p1324bt7tq6h0000gn/T/XcodeDistPipeline.GZn/entitlements2uPBVW
2017-12-01 10:01:00 +0000  Running /usr/bin/codesign '-vvv' '--force' '--sign' 'CA01D40EB011910DFFB112106C0C782E0CFD4E4D' '--preserve-metadata=identifier,flags' '--entitlements' '/var/folders/q2/hvdzjvrn7r10p1324bt7tq6h0000gn/T/XcodeDistPipeline.GZn/entitlements2uPBVW' '/var/folders/q2/hvdzjvrn7r10p1324bt7tq6h0000gn/T/XcodeDistPipeline.GZn/Root/Payload/PoemRN.app/Frameworks/RSKImageCropper.framework'
2017-12-01 10:01:00 +0000  /var/folders/q2/hvdzjvrn7r10p1324bt7tq6h0000gn/T/XcodeDistPipeline.GZn/Root/Payload/PoemRN.app/Frameworks/RSKImageCropper.framework: signed bundle with Mach-O universal (armv7 arm64) [com.ruslanskorb.RSKImageCropper]
2017-12-01 10:01:00 +0000  2017-12-01 10:01:00 +0000  

2017-12-01 10:01:00 +0000  
2017-12-01 10:01:00 +0000  
2017-12-01 10:01:00 +0000  
2017-12-01 10:01:00 +0000  2017-12-01 10:01:00 +0000  

2017-12-01 10:01:00 +0000  2017-12-01 10:01:00 +0000  

2017-12-01 10:01:00 +0000  
2017-12-01 10:01:00 +0000  
2017-12-01 10:01:00 +0000  
2017-12-01 10:01:00 +0000  
2017-12-01 10:01:00 +0000  
2017-12-01 10:01:00 +0000  2017-12-01 10:01:00 +0000  /usr/bin/codesign exited with 0

2017-12-01 10:01:00 +0000  
2017-12-01 10:01:00 +0000  Applying entitlements delta for <IDEDistributionItem: 0x7fabd97693f0 'com.sbb.poem' '<DVTFilePath:0x7fabd5f21370:'/Users/bbs/Library/Developer/Xcode/Archives/2017-12-01/PoemRN 2017-12-1 下午6.00.xcarchive/Products/Applications/PoemRN.app'>'> from <IDEiCloudEntitlementsProcessor: 0x7fabd5ff22e0>: {
}
2017-12-01 10:01:00 +0000  Entitlements for <IDEDistributionItem: 0x7fabd97693f0 'com.sbb.poem' '<DVTFilePath:0x7fabd5f21370:'/Users/bbs/Library/Developer/Xcode/Archives/2017-12-01/PoemRN 2017-12-1 下午6.00.xcarchive/Products/Applications/PoemRN.app'>'>: {
    "application-identifier" = "ZERU4NU5ED.com.sbb.poem";
    "aps-environment" = production;
    "beta-reports-active" = 1;
    "com.apple.developer.team-identifier" = ZERU4NU5ED;
    "get-task-allow" = 0;
}
2017-12-01 10:01:00 +0000  Writing entitlements for <IDEDistributionItem: 0x7fabd97693f0 'com.sbb.poem' '<DVTFilePath:0x7fabd5f21370:'/Users/bbs/Library/Developer/Xcode/Archives/2017-12-01/PoemRN 2017-12-1 下午6.00.xcarchive/Products/Applications/PoemRN.app'>'> to: /var/folders/q2/hvdzjvrn7r10p1324bt7tq6h0000gn/T/XcodeDistPipeline.GZn/entitlementscdPWHY
2017-12-01 10:01:00 +0000  Running /usr/bin/codesign '-vvv' '--force' '--sign' 'CA01D40EB011910DFFB112106C0C782E0CFD4E4D' '--preserve-metadata=identifier,flags' '--entitlements' '/var/folders/q2/hvdzjvrn7r10p1324bt7tq6h0000gn/T/XcodeDistPipeline.GZn/entitlementscdPWHY' '/var/folders/q2/hvdzjvrn7r10p1324bt7tq6h0000gn/T/XcodeDistPipeline.GZn/Root/Payload/PoemRN.app'
2017-12-01 10:01:01 +0000  /var/folders/q2/hvdzjvrn7r10p1324bt7tq6h0000gn/T/XcodeDistPipeline.GZn/Root/Payload/PoemRN.app: signed app bundle with Mach-O universal (armv7 arm64) [com.sbb.poem]
2017-12-01 10:01:01 +0000  2017-12-01 10:01:01 +0000  

2017-12-01 10:01:01 +0000  
2017-12-01 10:01:01 +0000  
2017-12-01 10:01:01 +0000  
2017-12-01 10:01:01 +0000  
2017-12-01 10:01:01 +0000  
2017-12-01 10:01:01 +0000  2017-12-01 10:01:01 +0000  

2017-12-01 10:01:01 +0000  
2017-12-01 10:01:01 +0000  
2017-12-01 10:01:01 +0000  
2017-12-01 10:01:01 +0000  
2017-12-01 10:01:01 +0000  
2017-12-01 10:01:01 +0000  
2017-12-01 10:01:01 +0000  2017-12-01 10:01:01 +0000  /usr/bin/codesign exited with 02017-12-01 10:01:01 +0000  


2017-12-01 10:01:01 +0000  Processing step: IDEDistributionStreamingZipItemStep
2017-12-01 10:01:01 +0000  Skipping step: IDEDistributionStreamingZipItemStep because it said so
2017-12-01 10:01:01 +0000  Skipping step: IDEDistributionStreamingZipItemStep because it said so
2017-12-01 10:01:01 +0000  Skipping step: IDEDistributionStreamingZipItemStep because it said so
2017-12-01 10:01:01 +0000  Processing step: IDEDistributionCreateIPAStep
2017-12-01 10:01:01 +0000  Running /usr/bin/ditto '-V' '-c' '-k' '--norsrc' '/var/folders/q2/hvdzjvrn7r10p1324bt7tq6h0000gn/T/XcodeDistPipeline.GZn/Root' '/var/folders/q2/hvdzjvrn7r10p1324bt7tq6h0000gn/T/XcodeDistPipeline.GZn/Packages/PoemRN.ipa'
2017-12-01 10:01:01 +0000  >>> Copying /var/folders/q2/hvdzjvrn7r10p1324bt7tq6h0000gn/T/XcodeDistPipeline.GZn/Root 
2017-12-01 10:01:01 +0000  copying file ./BCSymbolMaps/133A2F62-B3CA-3D6B-A61A-0257E1E1D572.bcsymbolmap ... 
2017-12-01 10:01:01 +0000  24053 bytes for ./BCSymbolMaps/133A2F62-B3CA-3D6B-A61A-0257E1E1D572.bcsymbolmap
copying file ./BCSymbolMaps/ED196DA0-2573-31A2-BF70-776E14060CAD.bcsymbolmap ... 
2017-12-01 10:01:01 +0000  27252 bytes for ./BCSymbolMaps/ED196DA0-2573-31A2-BF70-776E14060CAD.bcsymbolmap
copying file ./BCSymbolMaps/7A69FD3B-6D1D-3F24-AE2E-68C84E9A3209.bcsymbolmap ... 
2017-12-01 10:01:01 +0000  2300124 bytes for ./BCSymbolMaps/7A69FD3B-6D1D-3F24-AE2E-68C84E9A3209.bcsymbolmap
2017-12-01 10:01:01 +0000  copying file ./BCSymbolMaps/7D2997FE-A1B7-37C8-BA07-A8E5B6895EC7.bcsymbolmap ... 
2017-12-01 10:01:01 +0000  24825 bytes for ./BCSymbolMaps/7D2997FE-A1B7-37C8-BA07-A8E5B6895EC7.bcsymbolmap
2017-12-01 10:01:01 +0000  copying file ./BCSymbolMaps/17FE83D3-B85B-3833-8296-A7E442DFD68B.bcsymbolmap ... 
2017-12-01 10:01:01 +0000  2357946 bytes for ./BCSymbolMaps/17FE83D3-B85B-3833-8296-A7E442DFD68B.bcsymbolmap
copying file ./BCSymbolMaps/B428FADC-8622-373A-BD0B-21D4DC4595EE.bcsymbolmap ... 
2017-12-01 10:01:01 +0000  27851 bytes for ./BCSymbolMaps/B428FADC-8622-373A-BD0B-21D4DC4595EE.bcsymbolmap
2017-12-01 10:01:01 +0000  copying file ./Payload/PoemRN.app/_CodeSignature/CodeResources ... 
2017-12-01 10:01:01 +0000  43618 bytes for ./Payload/PoemRN.app/_CodeSignature/CodeResources
2017-12-01 10:01:01 +0000  copying file ./Payload/PoemRN.app/Octicons.ttf ... 
2017-12-01 10:01:01 +0000  27512 bytes for ./Payload/PoemRN.app/Octicons.ttf
2017-12-01 10:01:01 +0000  copying file ./Payload/PoemRN.app/Feather.ttf ... 
2017-12-01 10:01:01 +0000  55288 bytes for ./Payload/PoemRN.app/Feather.ttf
copying file ./Payload/PoemRN.app/LaunchImage-1100-Portrait-2436h@3x.png ... 
2017-12-01 10:01:01 +0000  30227 bytes for ./Payload/PoemRN.app/LaunchImage-1100-Portrait-2436h@3x.png
copying file ./Payload/PoemRN.app/LaunchImage@2x.png ... 
2017-12-01 10:01:01 +0000  7392 bytes for ./Payload/PoemRN.app/LaunchImage@2x.png
copying file ./Payload/PoemRN.app/AppIcon20x20@2x.png ... 
2017-12-01 10:01:01 +0000  1369 bytes for ./Payload/PoemRN.app/AppIcon20x20@2x.png
copying file ./Payload/PoemRN.app/Entypo.ttf ... 
2017-12-01 10:01:01 +0000  65584 bytes for ./Payload/PoemRN.app/Entypo.ttf
2017-12-01 10:01:01 +0000  copying file ./Payload/PoemRN.app/AppIcon20x20@3x.png ... 
2017-12-01 10:01:01 +0000  1753 bytes for ./Payload/PoemRN.app/AppIcon20x20@3x.png
copying file ./Payload/PoemRN.app/MaterialCommunityIcons.ttf ... 
2017-12-01 10:01:01 +0000  292556 bytes for ./Payload/PoemRN.app/MaterialCommunityIcons.ttf
copying file ./Payload/PoemRN.app/LaunchImage-568h@2x.png ... 
2017-12-01 10:01:01 +0000  8423 bytes for ./Payload/PoemRN.app/LaunchImage-568h@2x.png
copying file ./Payload/PoemRN.app/AppIcon60x60@2x.png ... 
2017-12-01 10:01:01 +0000  2349 bytes for ./Payload/PoemRN.app/AppIcon60x60@2x.png
copying file ./Payload/PoemRN.app/AppIcon29x29@2x.png ... 
2017-12-01 10:01:01 +0000  1940 bytes for ./Payload/PoemRN.app/AppIcon29x29@2x.png
copying file ./Payload/PoemRN.app/LaunchImage-1100-Landscape-2436h@3x.png ... 
2017-12-01 10:01:01 +0000  27236 bytes for ./Payload/PoemRN.app/LaunchImage-1100-Landscape-2436h@3x.png
copying file ./Payload/PoemRN.app/LaunchImage-800-667h@2x.png ... 
2017-12-01 10:01:01 +0000  10290 bytes for ./Payload/PoemRN.app/LaunchImage-800-667h@2x.png
copying file ./Payload/PoemRN.app/AppIcon40x40@3x.png ... 
2017-12-01 10:01:01 +0000  2055 bytes for ./Payload/PoemRN.app/AppIcon40x40@3x.png
copying file ./Payload/PoemRN.app/Foundation.ttf ... 
2017-12-01 10:01:01 +0000  56976 bytes for ./Payload/PoemRN.app/Foundation.ttf
copying file ./Payload/PoemRN.app/Ionicons.ttf ... 
2017-12-01 10:01:01 +0000  143936 bytes for ./Payload/PoemRN.app/Ionicons.ttf
copying file ./Payload/PoemRN.app/AppIcon40x40@2x.png ... 
2017-12-01 10:01:01 +0000  1611 bytes for ./Payload/PoemRN.app/AppIcon40x40@2x.png
copying file ./Payload/PoemRN.app/AppIcon29x29@3x.png ... 
2017-12-01 10:01:01 +0000  2767 bytes for ./Payload/PoemRN.app/AppIcon29x29@3x.png
2017-12-01 10:01:01 +0000  copying file ./Payload/PoemRN.app/AppIcon60x60@3x.png ... 
2017-12-01 10:01:01 +0000  3237 bytes for ./Payload/PoemRN.app/AppIcon60x60@3x.png
2017-12-01 10:01:01 +0000  copying file ./Payload/PoemRN.app/Base.lproj/LaunchScreen.nib ... 
2017-12-01 10:01:01 +0000  3101 bytes for ./Payload/PoemRN.app/Base.lproj/LaunchScreen.nib
2017-12-01 10:01:01 +0000  copying file ./Payload/PoemRN.app/FontAwesome.ttf ... 
2017-12-01 10:01:01 +0000  165548 bytes for ./Payload/PoemRN.app/FontAwesome.ttf
copying file ./Payload/PoemRN.app/archived-expanded-entitlements.xcent ... 
2017-12-01 10:01:01 +0000  246 bytes for ./Payload/PoemRN.app/archived-expanded-entitlements.xcent
copying file ./Payload/PoemRN.app/Zocial.ttf ... 
2017-12-01 10:01:01 +0000  25552 bytes for ./Payload/PoemRN.app/Zocial.ttf
copying file ./Payload/PoemRN.app/Assets.car ... 
2017-12-01 10:01:01 +0000  82280 bytes for ./Payload/PoemRN.app/Assets.car
copying file ./Payload/PoemRN.app/main.jsbundle.meta ... 
2017-12-01 10:01:01 +0000  21 bytes for ./Payload/PoemRN.app/main.jsbundle.meta
copying file ./Payload/PoemRN.app/EvilIcons.ttf ... 
2017-12-01 10:01:01 +0000  13128 bytes for ./Payload/PoemRN.app/EvilIcons.ttf
copying file ./Payload/PoemRN.app/LaunchImage-800-Portrait-736h@3x.png ... 
2017-12-01 10:01:01 +0000  28761 bytes for ./Payload/PoemRN.app/LaunchImage-800-Portrait-736h@3x.png
copying file ./Payload/PoemRN.app/main.jsbundle ... 
2017-12-01 10:01:01 +0000  1595511 bytes for ./Payload/PoemRN.app/main.jsbundle
copying file ./Payload/PoemRN.app/LaunchImage-700@2x.png ... 
2017-12-01 10:01:01 +0000  14471 bytes for ./Payload/PoemRN.app/LaunchImage-700@2x.png
copying file ./Payload/PoemRN.app/Default-568.png ... 
2017-12-01 10:01:01 +0000  6015 bytes for ./Payload/PoemRN.app/Default-568.png
copying file ./Payload/PoemRN.app/LaunchImage-700-568h@2x.png ... 
2017-12-01 10:01:01 +0000  8423 bytes for ./Payload/PoemRN.app/LaunchImage-700-568h@2x.png
2017-12-01 10:01:01 +0000  copying file ./Payload/PoemRN.app/Frameworks/QBImagePicker.framework/de.lproj/QBImagePicker.strings ... 
2017-12-01 10:01:01 +0000  641 bytes for ./Payload/PoemRN.app/Frameworks/QBImagePicker.framework/de.lproj/QBImagePicker.strings
2017-12-01 10:01:01 +0000  copying file ./Payload/PoemRN.app/Frameworks/QBImagePicker.framework/_CodeSignature/CodeResources ... 
2017-12-01 10:01:01 +0000  6950 bytes for ./Payload/PoemRN.app/Frameworks/QBImagePicker.framework/_CodeSignature/CodeResources
2017-12-01 10:01:01 +0000  copying file ./Payload/PoemRN.app/Frameworks/QBImagePicker.framework/zh-Hans.lproj/QBImagePicker.strings ... 
482 bytes for ./Payload/PoemRN.app/Frameworks/QBImagePicker.framework/zh-Hans.lproj/QBImagePicker.strings
2017-12-01 10:01:01 +0000  copying file ./Payload/PoemRN.app/Frameworks/QBImagePicker.framework/ja.lproj/QBImagePicker.strings ... 
2017-12-01 10:01:01 +0000  496 bytes for ./Payload/PoemRN.app/Frameworks/QBImagePicker.framework/ja.lproj/QBImagePicker.strings
2017-12-01 10:01:01 +0000  copying file ./Payload/PoemRN.app/Frameworks/QBImagePicker.framework/en.lproj/QBImagePicker.strings ... 
2017-12-01 10:01:01 +0000  593 bytes for ./Payload/PoemRN.app/Frameworks/QBImagePicker.framework/en.lproj/QBImagePicker.strings
copying file ./Payload/PoemRN.app/Frameworks/QBImagePicker.framework/QBImagePicker.storyboardc/QiH-NZ-ZGN-view-sD2-zK-ryo.nib ... 
2017-12-01 10:01:01 +0000  10622 bytes for ./Payload/PoemRN.app/Frameworks/QBImagePicker.framework/QBImagePicker.storyboardc/QiH-NZ-ZGN-view-sD2-zK-ryo.nib
2017-12-01 10:01:01 +0000  copying file ./Payload/PoemRN.app/Frameworks/QBImagePicker.framework/QBImagePicker.storyboardc/QBAlbumsViewController.nib ... 
2017-12-01 10:01:01 +0000  1793 bytes for ./Payload/PoemRN.app/Frameworks/QBImagePicker.framework/QBImagePicker.storyboardc/QBAlbumsViewController.nib
copying file ./Payload/PoemRN.app/Frameworks/QBImagePicker.framework/QBImagePicker.storyboardc/QBAssetsViewController.nib ... 
2017-12-01 10:01:01 +0000  1377 bytes for ./Payload/PoemRN.app/Frameworks/QBImagePicker.framework/QBImagePicker.storyboardc/QBAssetsViewController.nib
copying file ./Payload/PoemRN.app/Frameworks/QBImagePicker.framework/QBImagePicker.storyboardc/QL5-wR-LYt-view-66K-TS-Yoc.nib ... 
2017-12-01 10:01:01 +0000  6772 bytes for ./Payload/PoemRN.app/Frameworks/QBImagePicker.framework/QBImagePicker.storyboardc/QL5-wR-LYt-view-66K-TS-Yoc.nib
copying file ./Payload/PoemRN.app/Frameworks/QBImagePicker.framework/QBImagePicker.storyboardc/QBAlbumsNavigationController.nib ... 
2017-12-01 10:01:01 +0000  2568 bytes for ./Payload/PoemRN.app/Frameworks/QBImagePicker.framework/QBImagePicker.storyboardc/QBAlbumsNavigationController.nib
copying file ./Payload/PoemRN.app/Frameworks/QBImagePicker.framework/QBImagePicker.storyboardc/Info.plist ... 
2017-12-01 10:01:01 +0000  289 bytes for ./Payload/PoemRN.app/Frameworks/QBImagePicker.framework/QBImagePicker.storyboardc/Info.plist
2017-12-01 10:01:01 +0000  copying file ./Payload/PoemRN.app/Frameworks/QBImagePicker.framework/es.lproj/QBImagePicker.strings ... 
569 bytes for ./Payload/PoemRN.app/Frameworks/QBImagePicker.framework/es.lproj/QBImagePicker.strings
2017-12-01 10:01:01 +0000  copying file ./Payload/PoemRN.app/Frameworks/QBImagePicker.framework/pl.lproj/QBImagePicker.strings ... 
2017-12-01 10:01:01 +0000  625 bytes for ./Payload/PoemRN.app/Frameworks/QBImagePicker.framework/pl.lproj/QBImagePicker.strings
copying file ./Payload/PoemRN.app/Frameworks/QBImagePicker.framework/QBImagePicker ... 
2017-12-01 10:01:01 +0000  743792 bytes for ./Payload/PoemRN.app/Frameworks/QBImagePicker.framework/QBImagePicker
copying file ./Payload/PoemRN.app/Frameworks/QBImagePicker.framework/Info.plist ... 
2017-12-01 10:01:01 +0000  746 bytes for ./Payload/PoemRN.app/Frameworks/QBImagePicker.framework/Info.plist
2017-12-01 10:01:01 +0000  copying file ./Payload/PoemRN.app/Frameworks/RSKImageCropper.framework/_CodeSignature/CodeResources ... 
2017-12-01 10:01:01 +0000  17453 bytes for ./Payload/PoemRN.app/Frameworks/RSKImageCropper.framework/_CodeSignature/CodeResources
2017-12-01 10:01:01 +0000  copying file ./Payload/PoemRN.app/Frameworks/RSKImageCropper.framework/RSKImageCropperStrings.bundle/de.lproj/RSKImageCropper.strings ... 
2017-12-01 10:01:01 +0000  1340 bytes for ./Payload/PoemRN.app/Frameworks/RSKImageCropper.framework/RSKImageCropperStrings.bundle/de.lproj/RSKImageCropper.strings
2017-12-01 10:01:01 +0000  copying file ./Payload/PoemRN.app/Frameworks/RSKImageCropper.framework/RSKImageCropperStrings.bundle/he.lproj/RSKImageCropper.strings ... 
2017-12-01 10:01:01 +0000  1351 bytes for ./Payload/PoemRN.app/Frameworks/RSKImageCropper.framework/RSKImageCropperStrings.bundle/he.lproj/RSKImageCropper.strings
copying file ./Payload/PoemRN.app/Frameworks/RSKImageCropper.framework/RSKImageCropperStrings.bundle/ar.lproj/RSKImageCropper.strings ... 
2017-12-01 10:01:01 +0000  1339 bytes for ./Payload/PoemRN.app/Frameworks/RSKImageCropper.framework/RSKImageCropperStrings.bundle/ar.lproj/RSKImageCropper.strings
2017-12-01 10:01:01 +0000  copying file ./Payload/PoemRN.app/Frameworks/RSKImageCropper.framework/RSKImageCropperStrings.bundle/el.lproj/RSKImageCropper.strings ... 
2017-12-01 10:01:01 +0000  1370 bytes for ./Payload/PoemRN.app/Frameworks/RSKImageCropper.framework/RSKImageCropperStrings.bundle/el.lproj/RSKImageCropper.strings
2017-12-01 10:01:01 +0000  copying file ./Payload/PoemRN.app/Frameworks/RSKImageCropper.framework/RSKImageCropperStrings.bundle/zh-Hans.lproj/RSKImageCropper.strings ... 
1327 bytes for ./Payload/PoemRN.app/Frameworks/RSKImageCropper.framework/RSKImageCropperStrings.bundle/zh-Hans.lproj/RSKImageCropper.strings
2017-12-01 10:01:01 +0000  copying file ./Payload/PoemRN.app/Frameworks/RSKImageCropper.framework/RSKImageCropperStrings.bundle/ja.lproj/RSKImageCropper.strings ... 
2017-12-01 10:01:01 +0000  1342 bytes for ./Payload/PoemRN.app/Frameworks/RSKImageCropper.framework/RSKImageCropperStrings.bundle/ja.lproj/RSKImageCropper.strings
copying file ./Payload/PoemRN.app/Frameworks/RSKImageCropper.framework/RSKImageCropperStrings.bundle/en.lproj/RSKImageCropper.strings ... 
2017-12-01 10:01:01 +0000  1326 bytes for ./Payload/PoemRN.app/Frameworks/RSKImageCropper.framework/RSKImageCropperStrings.bundle/en.lproj/RSKImageCropper.strings
2017-12-01 10:01:01 +0000  copying file ./Payload/PoemRN.app/Frameworks/RSKImageCropper.framework/RSKImageCropperStrings.bundle/uk.lproj/RSKImageCropper.strings ... 
2017-12-01 10:01:01 +0000  1359 bytes for ./Payload/PoemRN.app/Frameworks/RSKImageCropper.framework/RSKImageCropperStrings.bundle/uk.lproj/RSKImageCropper.strings
2017-12-01 10:01:01 +0000  copying file ./Payload/PoemRN.app/Frameworks/RSKImageCropper.framework/RSKImageCropperStrings.bundle/nb.lproj/RSKImageCropper.strings ... 
1325 bytes for ./Payload/PoemRN.app/Frameworks/RSKImageCropper.framework/RSKImageCropperStrings.bundle/nb.lproj/RSKImageCropper.strings
2017-12-01 10:01:01 +0000  copying file ./Payload/PoemRN.app/Frameworks/RSKImageCropper.framework/RSKImageCropperStrings.bundle/es.lproj/RSKImageCropper.strings ... 
2017-12-01 10:01:01 +0000  1327 bytes for ./Payload/PoemRN.app/Frameworks/RSKImageCropper.framework/RSKImageCropperStrings.bundle/es.lproj/RSKImageCropper.strings
copying file ./Payload/PoemRN.app/Frameworks/RSKImageCropper.framework/RSKImageCropperStrings.bundle/sl.lproj/RSKImageCropper.strings ... 
2017-12-01 10:01:01 +0000  1336 bytes for ./Payload/PoemRN.app/Frameworks/RSKImageCropper.framework/RSKImageCropperStrings.bundle/sl.lproj/RSKImageCropper.strings
2017-12-01 10:01:01 +0000  copying file ./Payload/PoemRN.app/Frameworks/RSKImageCropper.framework/RSKImageCropperStrings.bundle/pt_BR.lproj/RSKImageCropper.strings ... 
2017-12-01 10:01:01 +0000  1337 bytes for ./Payload/PoemRN.app/Frameworks/RSKImageCropper.framework/RSKImageCropperStrings.bundle/pt_BR.lproj/RSKImageCropper.strings
2017-12-01 10:01:01 +0000  copying file ./Payload/PoemRN.app/Frameworks/RSKImageCropper.framework/RSKImageCropperStrings.bundle/da.lproj/RSKImageCropper.strings ... 
2017-12-01 10:01:01 +0000  1327 bytes for ./Payload/PoemRN.app/Frameworks/RSKImageCropper.framework/RSKImageCropperStrings.bundle/da.lproj/RSKImageCropper.strings
copying file ./Payload/PoemRN.app/Frameworks/RSKImageCropper.framework/RSKImageCropperStrings.bundle/it.lproj/RSKImageCropper.strings ... 
2017-12-01 10:01:01 +0000  1334 bytes for ./Payload/PoemRN.app/Frameworks/RSKImageCropper.framework/RSKImageCropperStrings.bundle/it.lproj/RSKImageCropper.strings
2017-12-01 10:01:01 +0000  copying file ./Payload/PoemRN.app/Frameworks/RSKImageCropper.framework/RSKImageCropperStrings.bundle/pt_PT.lproj/RSKImageCropper.strings ... 
2017-12-01 10:01:01 +0000  1335 bytes for ./Payload/PoemRN.app/Frameworks/RSKImageCropper.framework/RSKImageCropperStrings.bundle/pt_PT.lproj/RSKImageCropper.strings
copying file ./Payload/PoemRN.app/Frameworks/RSKImageCropper.framework/RSKImageCropperStrings.bundle/ms.lproj/RSKImageCropper.strings ... 
2017-12-01 10:01:01 +0000  1324 bytes for ./Payload/PoemRN.app/Frameworks/RSKImageCropper.framework/RSKImageCropperStrings.bundle/ms.lproj/RSKImageCropper.strings
2017-12-01 10:01:01 +0000  copying file ./Payload/PoemRN.app/Frameworks/RSKImageCropper.framework/RSKImageCropperStrings.bundle/sv.lproj/RSKImageCropper.strings ... 
2017-12-01 10:01:01 +0000  1333 bytes for ./Payload/PoemRN.app/Frameworks/RSKImageCropper.framework/RSKImageCropperStrings.bundle/sv.lproj/RSKImageCropper.strings
copying file ./Payload/PoemRN.app/Frameworks/RSKImageCropper.framework/RSKImageCropperStrings.bundle/cs.lproj/RSKImageCropper.strings ... 
2017-12-01 10:01:01 +0000  1328 bytes for ./Payload/PoemRN.app/Frameworks/RSKImageCropper.framework/RSKImageCropperStrings.bundle/cs.lproj/RSKImageCropper.strings
2017-12-01 10:01:01 +0000  copying file ./Payload/PoemRN.app/Frameworks/RSKImageCropper.framework/RSKImageCropperStrings.bundle/hu.lproj/RSKImageCropper.strings ... 
2017-12-01 10:01:01 +0000  1345 bytes for ./Payload/PoemRN.app/Frameworks/RSKImageCropper.framework/RSKImageCropperStrings.bundle/hu.lproj/RSKImageCropper.strings
copying file ./Payload/PoemRN.app/Frameworks/RSKImageCropper.framework/RSKImageCropperStrings.bundle/tr.lproj/RSKImageCropper.strings ... 
2017-12-01 10:01:01 +0000  1330 bytes for ./Payload/PoemRN.app/Frameworks/RSKImageCropper.framework/RSKImageCropperStrings.bundle/tr.lproj/RSKImageCropper.strings
2017-12-01 10:01:01 +0000  copying file ./Payload/PoemRN.app/Frameworks/RSKImageCropper.framework/RSKImageCropperStrings.bundle/pl.lproj/RSKImageCropper.strings ... 
1325 bytes for ./Payload/PoemRN.app/Frameworks/RSKImageCropper.framework/RSKImageCropperStrings.bundle/pl.lproj/RSKImageCropper.strings
2017-12-01 10:01:01 +0000  copying file ./Payload/PoemRN.app/Frameworks/RSKImageCropper.framework/RSKImageCropperStrings.bundle/vi.lproj/RSKImageCropper.strings ... 
2017-12-01 10:01:01 +0000  1342 bytes for ./Payload/PoemRN.app/Frameworks/RSKImageCropper.framework/RSKImageCropperStrings.bundle/vi.lproj/RSKImageCropper.strings
copying file ./Payload/PoemRN.app/Frameworks/RSKImageCropper.framework/RSKImageCropperStrings.bundle/ru.lproj/RSKImageCropper.strings ... 
2017-12-01 10:01:01 +0000  1358 bytes for ./Payload/PoemRN.app/Frameworks/RSKImageCropper.framework/RSKImageCropperStrings.bundle/ru.lproj/RSKImageCropper.strings
2017-12-01 10:01:01 +0000  copying file ./Payload/PoemRN.app/Frameworks/RSKImageCropper.framework/RSKImageCropperStrings.bundle/fr.lproj/RSKImageCropper.strings ... 
2017-12-01 10:01:01 +0000  1322 bytes for ./Payload/PoemRN.app/Frameworks/RSKImageCropper.framework/RSKImageCropperStrings.bundle/fr.lproj/RSKImageCropper.strings
2017-12-01 10:01:01 +0000  copying file ./Payload/PoemRN.app/Frameworks/RSKImageCropper.framework/RSKImageCropperStrings.bundle/fi.lproj/RSKImageCropper.strings ... 
2017-12-01 10:01:01 +0000  1330 bytes for ./Payload/PoemRN.app/Frameworks/RSKImageCropper.framework/RSKImageCropperStrings.bundle/fi.lproj/RSKImageCropper.strings
copying file ./Payload/PoemRN.app/Frameworks/RSKImageCropper.framework/RSKImageCropperStrings.bundle/id.lproj/RSKImageCropper.strings ... 
2017-12-01 10:01:01 +0000  1333 bytes for ./Payload/PoemRN.app/Frameworks/RSKImageCropper.framework/RSKImageCropperStrings.bundle/id.lproj/RSKImageCropper.strings
2017-12-01 10:01:01 +0000  copying file ./Payload/PoemRN.app/Frameworks/RSKImageCropper.framework/RSKImageCropperStrings.bundle/nl.lproj/RSKImageCropper.strings ... 
2017-12-01 10:01:01 +0000  1339 bytes for ./Payload/PoemRN.app/Frameworks/RSKImageCropper.framework/RSKImageCropperStrings.bundle/nl.lproj/RSKImageCropper.strings
2017-12-01 10:01:01 +0000  copying file ./Payload/PoemRN.app/Frameworks/RSKImageCropper.framework/RSKImageCropperStrings.bundle/ro.lproj/RSKImageCropper.strings ... 
2017-12-01 10:01:01 +0000  1345 bytes for ./Payload/PoemRN.app/Frameworks/RSKImageCropper.framework/RSKImageCropperStrings.bundle/ro.lproj/RSKImageCropper.strings
copying file ./Payload/PoemRN.app/Frameworks/RSKImageCropper.framework/RSKImageCropperStrings.bundle/hr.lproj/RSKImageCropper.strings ... 
2017-12-01 10:01:01 +0000  1335 bytes for ./Payload/PoemRN.app/Frameworks/RSKImageCropper.framework/RSKImageCropperStrings.bundle/hr.lproj/RSKImageCropper.strings
2017-12-01 10:01:01 +0000  copying file ./Payload/PoemRN.app/Frameworks/RSKImageCropper.framework/RSKImageCropperStrings.bundle/hi.lproj/RSKImageCropper.strings ... 
2017-12-01 10:01:01 +0000  1387 bytes for ./Payload/PoemRN.app/Frameworks/RSKImageCropper.framework/RSKImageCropperStrings.bundle/hi.lproj/RSKImageCropper.strings
copying file ./Payload/PoemRN.app/Frameworks/RSKImageCropper.framework/RSKImageCropperStrings.bundle/ca.lproj/RSKImageCropper.strings ... 
2017-12-01 10:01:01 +0000  1337 bytes for ./Payload/PoemRN.app/Frameworks/RSKImageCropper.framework/RSKImageCropperStrings.bundle/ca.lproj/RSKImageCropper.strings
2017-12-01 10:01:01 +0000  copying file ./Payload/PoemRN.app/Frameworks/RSKImageCropper.framework/Info.plist ... 
2017-12-01 10:01:01 +0000  751 bytes for ./Payload/PoemRN.app/Frameworks/RSKImageCropper.framework/Info.plist
copying file ./Payload/PoemRN.app/Frameworks/RSKImageCropper.framework/RSKImageCropper ... 
2017-12-01 10:01:01 +0000  649520 bytes for ./Payload/PoemRN.app/Frameworks/RSKImageCropper.framework/RSKImageCropper
2017-12-01 10:01:01 +0000  copying file ./Payload/PoemRN.app/SimpleLineIcons.ttf ... 
2017-12-01 10:01:01 +0000  54056 bytes for ./Payload/PoemRN.app/SimpleLineIcons.ttf
copying file ./Payload/PoemRN.app/LaunchImage.png ... 
2017-12-01 10:01:01 +0000  3496 bytes for ./Payload/PoemRN.app/LaunchImage.png
copying file ./Payload/PoemRN.app/embedded.mobileprovision ... 
2017-12-01 10:01:01 +0000  11370 bytes for ./Payload/PoemRN.app/embedded.mobileprovision
2017-12-01 10:01:01 +0000  copying file ./Payload/PoemRN.app/assets/app/images/notphoto.png ... 
2017-12-01 10:01:01 +0000  424 bytes for ./Payload/PoemRN.app/assets/app/images/notphoto.png
copying file ./Payload/PoemRN.app/assets/app/images/clear.png ... 
2017-12-01 10:01:01 +0000  309 bytes for ./Payload/PoemRN.app/assets/app/images/clear.png
copying file ./Payload/PoemRN.app/assets/app/images/zoom_in.png ... 
2017-12-01 10:01:01 +0000  705 bytes for ./Payload/PoemRN.app/assets/app/images/zoom_in.png
copying file ./Payload/PoemRN.app/assets/app/images/nothead.png ... 
2017-12-01 10:01:01 +0000  1701 bytes for ./Payload/PoemRN.app/assets/app/images/nothead.png
2017-12-01 10:01:01 +0000  copying file ./Payload/PoemRN.app/assets/app/images/modify.png ... 
204 bytes for ./Payload/PoemRN.app/assets/app/images/modify.png
2017-12-01 10:01:01 +0000  copying file ./Payload/PoemRN.app/assets/app/images/official.png ... 
2017-12-01 10:01:01 +0000  2124 bytes for ./Payload/PoemRN.app/assets/app/images/official.png
copying file ./Payload/PoemRN.app/assets/app/images/big_head.png ... 
2017-12-01 10:01:01 +0000  1495 bytes for ./Payload/PoemRN.app/assets/app/images/big_head.png
2017-12-01 10:01:01 +0000  copying file ./Payload/PoemRN.app/assets/node_modules/react-navigation/src/views/assets/back-icon@3x.png ... 
2017-12-01 10:01:01 +0000  732 bytes for ./Payload/PoemRN.app/assets/node_modules/react-navigation/src/views/assets/back-icon@3x.png
copying file ./Payload/PoemRN.app/assets/node_modules/react-navigation/src/views/assets/back-icon@2x.png ... 
2017-12-01 10:01:01 +0000  534 bytes for ./Payload/PoemRN.app/assets/node_modules/react-navigation/src/views/assets/back-icon@2x.png
2017-12-01 10:01:01 +0000  copying file ./Payload/PoemRN.app/assets/node_modules/react-navigation/src/views/assets/back-icon.png ... 
379 bytes for ./Payload/PoemRN.app/assets/node_modules/react-navigation/src/views/assets/back-icon.png
2017-12-01 10:01:01 +0000  copying file ./Payload/PoemRN.app/assets/node_modules/react-native-elements/src/rating/images/bell.png ... 
2017-12-01 10:01:01 +0000  2989 bytes for ./Payload/PoemRN.app/assets/node_modules/react-native-elements/src/rating/images/bell.png
copying file ./Payload/PoemRN.app/assets/node_modules/react-native-elements/src/rating/images/heart.png ... 
2017-12-01 10:01:01 +0000  1928 bytes for ./Payload/PoemRN.app/assets/node_modules/react-native-elements/src/rating/images/heart.png
copying file ./Payload/PoemRN.app/assets/node_modules/react-native-elements/src/rating/images/rocket.png ... 
2017-12-01 10:01:01 +0000  4050 bytes for ./Payload/PoemRN.app/assets/node_modules/react-native-elements/src/rating/images/rocket.png
copying file ./Payload/PoemRN.app/assets/node_modules/react-native-elements/src/rating/images/star.png ... 
2017-12-01 10:01:01 +0000  1961 bytes for ./Payload/PoemRN.app/assets/node_modules/react-native-elements/src/rating/images/star.png
2017-12-01 10:01:01 +0000  copying file ./Payload/PoemRN.app/LaunchImage-800-Landscape-736h@3x.png ... 
2017-12-01 10:01:01 +0000  26384 bytes for ./Payload/PoemRN.app/LaunchImage-800-Landscape-736h@3x.png
copying file ./Payload/PoemRN.app/Info.plist ... 
2017-12-01 10:01:01 +0000  2397 bytes for ./Payload/PoemRN.app/Info.plist
copying file ./Payload/PoemRN.app/PoemRN ... 
2017-12-01 10:01:04 +0000  56506480 bytes for ./Payload/PoemRN.app/PoemRN
copying file ./Payload/PoemRN.app/HYZhongSongJ.ttf ... 
2017-12-01 10:01:04 +0000  4346968 bytes for ./Payload/PoemRN.app/HYZhongSongJ.ttf
2017-12-01 10:01:04 +0000  copying file ./Payload/PoemRN.app/PkgInfo ... 
8 bytes for ./Payload/PoemRN.app/PkgInfo
copying file ./Payload/PoemRN.app/MaterialIcons.ttf ... 
2017-12-01 10:01:04 +0000  128180 bytes for ./Payload/PoemRN.app/MaterialIcons.ttf
2017-12-01 10:01:04 +0000  
2017-12-01 10:01:04 +0000  
2017-12-01 10:01:04 +0000  /usr/bin/ditto exited with 02017-12-01 10:01:04 +0000  

2017-12-01 10:01:04 +0000  2017-12-01 10:01:04 +0000  Processing step: IDEDistributionCreateManifestStep

2017-12-01 10:01:04 +0000  Skipping step: IDEDistributionCreateManifestStep because it said so
