2017-11-16 06:15:22 +0000  Initial pipeline context: <IDEDistributionProcessingPipelineContext: 0x7ffe9c72fb80; archive(resolved)='<IDEArchive: 0x7ffe97d46cc0>', distributionTask(resolved)='2', distributionMethod(resolved)='<IDEDistributionMethodiOSAppStoreExport: 0x7ffe928b2460>', team(resolved)='<IDEProvisioningBasicTeam 0x7ffe9b2a1500: teamID: ZERU4NU5ED, teamName: bingbing shen>'>
	Chain (11, self inclusive):
	<IDEDistributionProcessingPipelineContext: 0x7ffe9c72fb80; archive = '<IDEArchive: 0x7ffe97d46cc0>', distributionMethod='<IDEDistributionMethodiOSAppStoreExport: 0x7ffe928b2460>', team='<IDEProvisioningBasicTeam 0x7ffe9b2a1500: teamID: ZERU4NU5ED, teamName: bingbing shen>'>
	<IDEDistributionProcessingPipelineContext: 0x7ffe9b7b9ee0; archive = '<IDEArchive: 0x7ffe97d46cc0>', distributionMethod='<IDEDistributionMethodiOSAppStoreExport: 0x7ffe928b2460>', team='<IDEProvisioningBasicTeam 0x7ffe9b2a1500: teamID: ZERU4NU5ED, teamName: bingbing shen>'>
	<IDEDistributionContext: 0x7ffe9bfdec80; archive = '<IDEArchive: 0x7ffe97d46cc0>', distributionMethod='<IDEDistributionMethodiOSAppStoreExport: 0x7ffe928b2460>', team='<IDEProvisioningBasicTeam 0x7ffe9b2a1500: teamID: ZERU4NU5ED, teamName: bingbing shen>'>
	<IDEDistributionContext: 0x7ffe9ea754d0; archive = '<IDEArchive: 0x7ffe97d46cc0>', distributionMethod='<IDEDistributionMethodiOSAppStoreExport: 0x7ffe928b2460>', team='<IDEProvisioningBasicTeam 0x7ffe9b2a1500: teamID: ZERU4NU5ED, teamName: bingbing shen>'>
	<IDEDistributionContext: 0x7ffe9ea8af30; archive = '<IDEArchive: 0x7ffe97d46cc0>', distributionMethod='<IDEDistributionMethodiOSAppStoreExport: 0x7ffe928b2460>', team='<IDEProvisioningBasicTeam 0x7ffe9b2a1500: teamID: ZERU4NU5ED, teamName: bingbing shen>'>
	<IDEDistributionContext: 0x7ffe9ba03ae0; archive = '<IDEArchive: 0x7ffe97d46cc0>', distributionMethod='<IDEDistributionMethodiOSAppStoreExport: 0x7ffe928b2460>', team='<IDEProvisioningBasicTeam 0x7ffe9b2a1500: teamID: ZERU4NU5ED, teamName: bingbing shen>'>
	<IDEDistributionContext: 0x7ffe9987f560; archive = '<IDEArchive: 0x7ffe97d46cc0>', distributionMethod='<IDEDistributionMethodiOSAppStoreExport: 0x7ffe928b2460>', team='<IDEProvisioningBasicTeam 0x7ffe9b2a1500: teamID: ZERU4NU5ED, teamName: bingbing shen>'>
	<IDEDistributionContext: 0x7ffe99edd370; archive = '<IDEArchive: 0x7ffe97d46cc0>', distributionMethod='<IDEDistributionMethodiOSAppStoreExport: 0x7ffe928b2460>', team='<IDEProvisioningBasicTeam 0x7ffe9b2a1500: teamID: ZERU4NU5ED, teamName: bingbing shen>'>
	<IDEDistributionContext: 0x7ffe98b55320; archive = '<IDEArchive: 0x7ffe97d46cc0>', distributionMethod='<IDEDistributionMethodiOSAppStoreExport: 0x7ffe928b2460>', team='<IDEProvisioningBasicTeam 0x7ffe9b2a1500: teamID: ZERU4NU5ED, teamName: bingbing shen>'>
	<IDEDistributionContext: 0x7ffe98cd1d30; archive = '<IDEArchive: 0x7ffe97d46cc0>', distributionMethod='<IDEDistributionMethodiOSAppStoreExport: 0x7ffe928b2460>', team='(null)'>
	<IDEDistributionContext: 0x7ffe9b0c19e0; archive = '<IDEArchive: 0x7ffe97d46cc0>', distributionMethod='(null)', team='(null)'>
</IDEDistributionProcessingPipelineContext: 0x7ffe9c72fb80>
2017-11-16 06:15:22 +0000  Processing step: IDEDistributionCreateDestRootStep
2017-11-16 06:15:22 +0000  Processing step: IDEDistributionCopyItemStep
2017-11-16 06:15:22 +0000  Running /usr/bin/ditto '-V' '/Users/bingbing/Library/Developer/Xcode/Archives/2017-11-16/PoemRN 2017-11-16 下午2.14.xcarchive/Products/Applications/PoemRN.app' '/var/folders/97/x20qdk011sgf0mg8pqd7n4xw0000gn/T/XcodeDistPipeline.Iug/Root/Payload/PoemRN.app'
2017-11-16 06:15:22 +0000  >>> Copying /Users/bingbing/Library/Developer/Xcode/Archives/2017-11-16/PoemRN 2017-11-16 下午2.14.xcarchive/Products/Applications/PoemRN.app 
2017-11-16 06:15:22 +0000  copying file ./_CodeSignature/CodeResources ... 
2017-11-16 06:15:22 +0000  38456 bytes for ./_CodeSignature/CodeResources
2017-11-16 06:15:22 +0000  copying file ./AppIcon60x60@2x.png ... 
2017-11-16 06:15:22 +0000  2288 bytes for ./AppIcon60x60@2x.png
2017-11-16 06:15:22 +0000  copying file ./AppIcon60x60@3x.png ... 
2017-11-16 06:15:22 +0000  3024 bytes for ./AppIcon60x60@3x.png
2017-11-16 06:15:22 +0000  copying file ./archived-expanded-entitlements.xcent ... 
2017-11-16 06:15:22 +0000  246 bytes for ./archived-expanded-entitlements.xcent
2017-11-16 06:15:22 +0000  copying file ./assets/app/images/modify.png ... 
2017-11-16 06:15:22 +0000  204 bytes for ./assets/app/images/modify.png
copying file ./assets/app/images/nothead.png ... 
2017-11-16 06:15:22 +0000  633 bytes for ./assets/app/images/nothead.png
copying file ./assets/app/images/official.png ... 
2017-11-16 06:15:22 +0000  2179 bytes for ./assets/app/images/official.png
2017-11-16 06:15:22 +0000  copying file ./assets/node_modules/react-native-elements/src/rating/images/bell.png ... 
2017-11-16 06:15:22 +0000  2989 bytes for ./assets/node_modules/react-native-elements/src/rating/images/bell.png
2017-11-16 06:15:22 +0000  copying file ./assets/node_modules/react-native-elements/src/rating/images/heart.png ... 
2017-11-16 06:15:22 +0000  1928 bytes for ./assets/node_modules/react-native-elements/src/rating/images/heart.png
copying file ./assets/node_modules/react-native-elements/src/rating/images/rocket.png ... 
2017-11-16 06:15:22 +0000  4050 bytes for ./assets/node_modules/react-native-elements/src/rating/images/rocket.png
2017-11-16 06:15:22 +0000  copying file ./assets/node_modules/react-native-elements/src/rating/images/star.png ... 
2017-11-16 06:15:22 +0000  1961 bytes for ./assets/node_modules/react-native-elements/src/rating/images/star.png
2017-11-16 06:15:22 +0000  copying file ./assets/node_modules/react-navigation/src/views/assets/back-icon.png ... 
2017-11-16 06:15:22 +0000  379 bytes for ./assets/node_modules/react-navigation/src/views/assets/back-icon.png
2017-11-16 06:15:22 +0000  copying file ./assets/node_modules/react-navigation/src/views/assets/back-icon@2x.png ... 
2017-11-16 06:15:22 +0000  534 bytes for ./assets/node_modules/react-navigation/src/views/assets/back-icon@2x.png
2017-11-16 06:15:22 +0000  copying file ./assets/node_modules/react-navigation/src/views/assets/back-icon@3x.png ... 
2017-11-16 06:15:22 +0000  732 bytes for ./assets/node_modules/react-navigation/src/views/assets/back-icon@3x.png
2017-11-16 06:15:22 +0000  copying file ./Assets.car ... 
2017-11-16 06:15:22 +0000  142936 bytes for ./Assets.car
2017-11-16 06:15:22 +0000  copying file ./Base.lproj/LaunchScreen.nib ... 
2017-11-16 06:15:22 +0000  3099 bytes for ./Base.lproj/LaunchScreen.nib
2017-11-16 06:15:22 +0000  copying file ./Default-568.png ... 
2017-11-16 06:15:22 +0000  2098 bytes for ./Default-568.png
copying file ./embedded.mobileprovision ... 
2017-11-16 06:15:22 +0000  7607 bytes for ./embedded.mobileprovision
copying file ./Entypo.ttf ... 
2017-11-16 06:15:22 +0000  65584 bytes for ./Entypo.ttf
copying file ./EvilIcons.ttf ... 
2017-11-16 06:15:22 +0000  13128 bytes for ./EvilIcons.ttf
2017-11-16 06:15:22 +0000  copying file ./Feather.ttf ... 
2017-11-16 06:15:22 +0000  55288 bytes for ./Feather.ttf
copying file ./FontAwesome.ttf ... 
2017-11-16 06:15:22 +0000  165548 bytes for ./FontAwesome.ttf
2017-11-16 06:15:22 +0000  copying file ./Foundation.ttf ... 
2017-11-16 06:15:22 +0000  56976 bytes for ./Foundation.ttf
2017-11-16 06:15:22 +0000  copying file ./Frameworks/QBImagePicker.framework/_CodeSignature/CodeResources ... 
2017-11-16 06:15:22 +0000  6950 bytes for ./Frameworks/QBImagePicker.framework/_CodeSignature/CodeResources
2017-11-16 06:15:22 +0000  copying file ./Frameworks/QBImagePicker.framework/de.lproj/QBImagePicker.strings ... 
2017-11-16 06:15:22 +0000  641 bytes for ./Frameworks/QBImagePicker.framework/de.lproj/QBImagePicker.strings
2017-11-16 06:15:22 +0000  copying file ./Frameworks/QBImagePicker.framework/en.lproj/QBImagePicker.strings ... 
2017-11-16 06:15:22 +0000  593 bytes for ./Frameworks/QBImagePicker.framework/en.lproj/QBImagePicker.strings
2017-11-16 06:15:22 +0000  copying file ./Frameworks/QBImagePicker.framework/es.lproj/QBImagePicker.strings ... 
2017-11-16 06:15:22 +0000  569 bytes for ./Frameworks/QBImagePicker.framework/es.lproj/QBImagePicker.strings
2017-11-16 06:15:22 +0000  copying file ./Frameworks/QBImagePicker.framework/Info.plist ... 
2017-11-16 06:15:22 +0000  746 bytes for ./Frameworks/QBImagePicker.framework/Info.plist
2017-11-16 06:15:22 +0000  copying file ./Frameworks/QBImagePicker.framework/ja.lproj/QBImagePicker.strings ... 
2017-11-16 06:15:22 +0000  496 bytes for ./Frameworks/QBImagePicker.framework/ja.lproj/QBImagePicker.strings
2017-11-16 06:15:22 +0000  copying file ./Frameworks/QBImagePicker.framework/pl.lproj/QBImagePicker.strings ... 
2017-11-16 06:15:22 +0000  625 bytes for ./Frameworks/QBImagePicker.framework/pl.lproj/QBImagePicker.strings
2017-11-16 06:15:22 +0000  copying file ./Frameworks/QBImagePicker.framework/QBImagePicker ... 
2017-11-16 06:15:22 +0000  947936 bytes for ./Frameworks/QBImagePicker.framework/QBImagePicker
2017-11-16 06:15:22 +0000  copying file ./Frameworks/QBImagePicker.framework/QBImagePicker.storyboardc/Info.plist ... 
289 bytes for ./Frameworks/QBImagePicker.framework/QBImagePicker.storyboardc/Info.plist
copying file ./Frameworks/QBImagePicker.framework/QBImagePicker.storyboardc/QBAlbumsNavigationController.nib ... 
2568 bytes for ./Frameworks/QBImagePicker.framework/QBImagePicker.storyboardc/QBAlbumsNavigationController.nib
copying file ./Frameworks/QBImagePicker.framework/QBImagePicker.storyboardc/QBAlbumsViewController.nib ... 
2017-11-16 06:15:22 +0000  1793 bytes for ./Frameworks/QBImagePicker.framework/QBImagePicker.storyboardc/QBAlbumsViewController.nib
copying file ./Frameworks/QBImagePicker.framework/QBImagePicker.storyboardc/QBAssetsViewController.nib ... 
2017-11-16 06:15:22 +0000  1377 bytes for ./Frameworks/QBImagePicker.framework/QBImagePicker.storyboardc/QBAssetsViewController.nib
copying file ./Frameworks/QBImagePicker.framework/QBImagePicker.storyboardc/QiH-NZ-ZGN-view-sD2-zK-ryo.nib ... 
2017-11-16 06:15:22 +0000  10628 bytes for ./Frameworks/QBImagePicker.framework/QBImagePicker.storyboardc/QiH-NZ-ZGN-view-sD2-zK-ryo.nib
2017-11-16 06:15:22 +0000  copying file ./Frameworks/QBImagePicker.framework/QBImagePicker.storyboardc/QL5-wR-LYt-view-66K-TS-Yoc.nib ... 
2017-11-16 06:15:22 +0000  6769 bytes for ./Frameworks/QBImagePicker.framework/QBImagePicker.storyboardc/QL5-wR-LYt-view-66K-TS-Yoc.nib
2017-11-16 06:15:22 +0000  copying file ./Frameworks/QBImagePicker.framework/zh-Hans.lproj/QBImagePicker.strings ... 
2017-11-16 06:15:22 +0000  482 bytes for ./Frameworks/QBImagePicker.framework/zh-Hans.lproj/QBImagePicker.strings
2017-11-16 06:15:22 +0000  copying file ./Frameworks/RSKImageCropper.framework/_CodeSignature/CodeResources ... 
2017-11-16 06:15:22 +0000  17453 bytes for ./Frameworks/RSKImageCropper.framework/_CodeSignature/CodeResources
2017-11-16 06:15:22 +0000  copying file ./Frameworks/RSKImageCropper.framework/Info.plist ... 
2017-11-16 06:15:22 +0000  751 bytes for ./Frameworks/RSKImageCropper.framework/Info.plist
2017-11-16 06:15:22 +0000  copying file ./Frameworks/RSKImageCropper.framework/RSKImageCropper ... 
2017-11-16 06:15:22 +0000  867344 bytes for ./Frameworks/RSKImageCropper.framework/RSKImageCropper
2017-11-16 06:15:22 +0000  copying file ./Frameworks/RSKImageCropper.framework/RSKImageCropperStrings.bundle/ar.lproj/RSKImageCropper.strings ... 
1339 bytes for ./Frameworks/RSKImageCropper.framework/RSKImageCropperStrings.bundle/ar.lproj/RSKImageCropper.strings
copying file ./Frameworks/RSKImageCropper.framework/RSKImageCropperStrings.bundle/ca.lproj/RSKImageCropper.strings ... 
2017-11-16 06:15:22 +0000  1337 bytes for ./Frameworks/RSKImageCropper.framework/RSKImageCropperStrings.bundle/ca.lproj/RSKImageCropper.strings
2017-11-16 06:15:22 +0000  copying file ./Frameworks/RSKImageCropper.framework/RSKImageCropperStrings.bundle/cs.lproj/RSKImageCropper.strings ... 
2017-11-16 06:15:22 +0000  1328 bytes for ./Frameworks/RSKImageCropper.framework/RSKImageCropperStrings.bundle/cs.lproj/RSKImageCropper.strings
2017-11-16 06:15:22 +0000  copying file ./Frameworks/RSKImageCropper.framework/RSKImageCropperStrings.bundle/da.lproj/RSKImageCropper.strings ... 
2017-11-16 06:15:22 +0000  1327 bytes for ./Frameworks/RSKImageCropper.framework/RSKImageCropperStrings.bundle/da.lproj/RSKImageCropper.strings
2017-11-16 06:15:22 +0000  copying file ./Frameworks/RSKImageCropper.framework/RSKImageCropperStrings.bundle/de.lproj/RSKImageCropper.strings ... 
2017-11-16 06:15:22 +0000  1340 bytes for ./Frameworks/RSKImageCropper.framework/RSKImageCropperStrings.bundle/de.lproj/RSKImageCropper.strings
2017-11-16 06:15:22 +0000  copying file ./Frameworks/RSKImageCropper.framework/RSKImageCropperStrings.bundle/el.lproj/RSKImageCropper.strings ... 
2017-11-16 06:15:22 +0000  1370 bytes for ./Frameworks/RSKImageCropper.framework/RSKImageCropperStrings.bundle/el.lproj/RSKImageCropper.strings
2017-11-16 06:15:22 +0000  copying file ./Frameworks/RSKImageCropper.framework/RSKImageCropperStrings.bundle/en.lproj/RSKImageCropper.strings ... 
2017-11-16 06:15:22 +0000  1326 bytes for ./Frameworks/RSKImageCropper.framework/RSKImageCropperStrings.bundle/en.lproj/RSKImageCropper.strings
2017-11-16 06:15:22 +0000  copying file ./Frameworks/RSKImageCropper.framework/RSKImageCropperStrings.bundle/es.lproj/RSKImageCropper.strings ... 
2017-11-16 06:15:22 +0000  1327 bytes for ./Frameworks/RSKImageCropper.framework/RSKImageCropperStrings.bundle/es.lproj/RSKImageCropper.strings
2017-11-16 06:15:22 +0000  copying file ./Frameworks/RSKImageCropper.framework/RSKImageCropperStrings.bundle/fi.lproj/RSKImageCropper.strings ... 
2017-11-16 06:15:22 +0000  1330 bytes for ./Frameworks/RSKImageCropper.framework/RSKImageCropperStrings.bundle/fi.lproj/RSKImageCropper.strings
2017-11-16 06:15:22 +0000  copying file ./Frameworks/RSKImageCropper.framework/RSKImageCropperStrings.bundle/fr.lproj/RSKImageCropper.strings ... 
2017-11-16 06:15:22 +0000  1322 bytes for ./Frameworks/RSKImageCropper.framework/RSKImageCropperStrings.bundle/fr.lproj/RSKImageCropper.strings
2017-11-16 06:15:22 +0000  copying file ./Frameworks/RSKImageCropper.framework/RSKImageCropperStrings.bundle/he.lproj/RSKImageCropper.strings ... 
2017-11-16 06:15:22 +0000  1351 bytes for ./Frameworks/RSKImageCropper.framework/RSKImageCropperStrings.bundle/he.lproj/RSKImageCropper.strings
2017-11-16 06:15:22 +0000  copying file ./Frameworks/RSKImageCropper.framework/RSKImageCropperStrings.bundle/hi.lproj/RSKImageCropper.strings ... 
2017-11-16 06:15:22 +0000  1387 bytes for ./Frameworks/RSKImageCropper.framework/RSKImageCropperStrings.bundle/hi.lproj/RSKImageCropper.strings
2017-11-16 06:15:22 +0000  copying file ./Frameworks/RSKImageCropper.framework/RSKImageCropperStrings.bundle/hr.lproj/RSKImageCropper.strings ... 
2017-11-16 06:15:22 +0000  1335 bytes for ./Frameworks/RSKImageCropper.framework/RSKImageCropperStrings.bundle/hr.lproj/RSKImageCropper.strings
2017-11-16 06:15:22 +0000  copying file ./Frameworks/RSKImageCropper.framework/RSKImageCropperStrings.bundle/hu.lproj/RSKImageCropper.strings ... 
2017-11-16 06:15:22 +0000  1345 bytes for ./Frameworks/RSKImageCropper.framework/RSKImageCropperStrings.bundle/hu.lproj/RSKImageCropper.strings
2017-11-16 06:15:22 +0000  copying file ./Frameworks/RSKImageCropper.framework/RSKImageCropperStrings.bundle/id.lproj/RSKImageCropper.strings ... 
2017-11-16 06:15:22 +0000  1333 bytes for ./Frameworks/RSKImageCropper.framework/RSKImageCropperStrings.bundle/id.lproj/RSKImageCropper.strings
2017-11-16 06:15:22 +0000  copying file ./Frameworks/RSKImageCropper.framework/RSKImageCropperStrings.bundle/it.lproj/RSKImageCropper.strings ... 
2017-11-16 06:15:22 +0000  1334 bytes for ./Frameworks/RSKImageCropper.framework/RSKImageCropperStrings.bundle/it.lproj/RSKImageCropper.strings
2017-11-16 06:15:22 +0000  copying file ./Frameworks/RSKImageCropper.framework/RSKImageCropperStrings.bundle/ja.lproj/RSKImageCropper.strings ... 
2017-11-16 06:15:22 +0000  1342 bytes for ./Frameworks/RSKImageCropper.framework/RSKImageCropperStrings.bundle/ja.lproj/RSKImageCropper.strings
2017-11-16 06:15:22 +0000  copying file ./Frameworks/RSKImageCropper.framework/RSKImageCropperStrings.bundle/ms.lproj/RSKImageCropper.strings ... 
2017-11-16 06:15:22 +0000  1324 bytes for ./Frameworks/RSKImageCropper.framework/RSKImageCropperStrings.bundle/ms.lproj/RSKImageCropper.strings
2017-11-16 06:15:22 +0000  copying file ./Frameworks/RSKImageCropper.framework/RSKImageCropperStrings.bundle/nb.lproj/RSKImageCropper.strings ... 
2017-11-16 06:15:22 +0000  1325 bytes for ./Frameworks/RSKImageCropper.framework/RSKImageCropperStrings.bundle/nb.lproj/RSKImageCropper.strings
2017-11-16 06:15:22 +0000  copying file ./Frameworks/RSKImageCropper.framework/RSKImageCropperStrings.bundle/nl.lproj/RSKImageCropper.strings ... 
2017-11-16 06:15:22 +0000  1339 bytes for ./Frameworks/RSKImageCropper.framework/RSKImageCropperStrings.bundle/nl.lproj/RSKImageCropper.strings
2017-11-16 06:15:22 +0000  copying file ./Frameworks/RSKImageCropper.framework/RSKImageCropperStrings.bundle/pl.lproj/RSKImageCropper.strings ... 
2017-11-16 06:15:22 +0000  1325 bytes for ./Frameworks/RSKImageCropper.framework/RSKImageCropperStrings.bundle/pl.lproj/RSKImageCropper.strings
2017-11-16 06:15:22 +0000  copying file ./Frameworks/RSKImageCropper.framework/RSKImageCropperStrings.bundle/pt_BR.lproj/RSKImageCropper.strings ... 
2017-11-16 06:15:22 +0000  1337 bytes for ./Frameworks/RSKImageCropper.framework/RSKImageCropperStrings.bundle/pt_BR.lproj/RSKImageCropper.strings
2017-11-16 06:15:22 +0000  copying file ./Frameworks/RSKImageCropper.framework/RSKImageCropperStrings.bundle/pt_PT.lproj/RSKImageCropper.strings ... 
2017-11-16 06:15:22 +0000  1335 bytes for ./Frameworks/RSKImageCropper.framework/RSKImageCropperStrings.bundle/pt_PT.lproj/RSKImageCropper.strings
2017-11-16 06:15:22 +0000  copying file ./Frameworks/RSKImageCropper.framework/RSKImageCropperStrings.bundle/ro.lproj/RSKImageCropper.strings ... 
2017-11-16 06:15:22 +0000  1345 bytes for ./Frameworks/RSKImageCropper.framework/RSKImageCropperStrings.bundle/ro.lproj/RSKImageCropper.strings
2017-11-16 06:15:22 +0000  copying file ./Frameworks/RSKImageCropper.framework/RSKImageCropperStrings.bundle/ru.lproj/RSKImageCropper.strings ... 
2017-11-16 06:15:22 +0000  1358 bytes for ./Frameworks/RSKImageCropper.framework/RSKImageCropperStrings.bundle/ru.lproj/RSKImageCropper.strings
2017-11-16 06:15:22 +0000  copying file ./Frameworks/RSKImageCropper.framework/RSKImageCropperStrings.bundle/sl.lproj/RSKImageCropper.strings ... 
2017-11-16 06:15:22 +0000  1336 bytes for ./Frameworks/RSKImageCropper.framework/RSKImageCropperStrings.bundle/sl.lproj/RSKImageCropper.strings
2017-11-16 06:15:22 +0000  copying file ./Frameworks/RSKImageCropper.framework/RSKImageCropperStrings.bundle/sv.lproj/RSKImageCropper.strings ... 
2017-11-16 06:15:22 +0000  1333 bytes for ./Frameworks/RSKImageCropper.framework/RSKImageCropperStrings.bundle/sv.lproj/RSKImageCropper.strings
2017-11-16 06:15:22 +0000  copying file ./Frameworks/RSKImageCropper.framework/RSKImageCropperStrings.bundle/tr.lproj/RSKImageCropper.strings ... 
2017-11-16 06:15:22 +0000  1330 bytes for ./Frameworks/RSKImageCropper.framework/RSKImageCropperStrings.bundle/tr.lproj/RSKImageCropper.strings
2017-11-16 06:15:22 +0000  copying file ./Frameworks/RSKImageCropper.framework/RSKImageCropperStrings.bundle/uk.lproj/RSKImageCropper.strings ... 
2017-11-16 06:15:22 +0000  1359 bytes for ./Frameworks/RSKImageCropper.framework/RSKImageCropperStrings.bundle/uk.lproj/RSKImageCropper.strings
2017-11-16 06:15:22 +0000  copying file ./Frameworks/RSKImageCropper.framework/RSKImageCropperStrings.bundle/vi.lproj/RSKImageCropper.strings ... 
2017-11-16 06:15:22 +0000  1342 bytes for ./Frameworks/RSKImageCropper.framework/RSKImageCropperStrings.bundle/vi.lproj/RSKImageCropper.strings
2017-11-16 06:15:22 +0000  copying file ./Frameworks/RSKImageCropper.framework/RSKImageCropperStrings.bundle/zh-Hans.lproj/RSKImageCropper.strings ... 
2017-11-16 06:15:22 +0000  1327 bytes for ./Frameworks/RSKImageCropper.framework/RSKImageCropperStrings.bundle/zh-Hans.lproj/RSKImageCropper.strings
2017-11-16 06:15:22 +0000  copying file ./Info.plist ... 
2017-11-16 06:15:22 +0000  2356 bytes for ./Info.plist
2017-11-16 06:15:22 +0000  copying file ./Ionicons.ttf ... 
2017-11-16 06:15:22 +0000  143936 bytes for ./Ionicons.ttf
2017-11-16 06:15:22 +0000  copying file ./LaunchImage-1100-Landscape-2436h@3x.png ... 
2017-11-16 06:15:22 +0000  287145 bytes for ./LaunchImage-1100-Landscape-2436h@3x.png
2017-11-16 06:15:22 +0000  copying file ./LaunchImage-1100-Portrait-2436h@3x.png ... 
2017-11-16 06:15:22 +0000  280013 bytes for ./LaunchImage-1100-Portrait-2436h@3x.png
2017-11-16 06:15:22 +0000  copying file ./LaunchImage-800-667h@2x.png ... 
2017-11-16 06:15:22 +0000  88978 bytes for ./LaunchImage-800-667h@2x.png
2017-11-16 06:15:22 +0000  copying file ./LaunchImage-800-Portrait-736h@3x.png ... 
2017-11-16 06:15:22 +0000  24232 bytes for ./LaunchImage-800-Portrait-736h@3x.png
2017-11-16 06:15:22 +0000  copying file ./main.jsbundle ... 
2017-11-16 06:15:22 +0000  1507284 bytes for ./main.jsbundle
2017-11-16 06:15:22 +0000  copying file ./main.jsbundle.meta ... 
21 bytes for ./main.jsbundle.meta
copying file ./MaterialCommunityIcons.ttf ... 
2017-11-16 06:15:22 +0000  292556 bytes for ./MaterialCommunityIcons.ttf
copying file ./MaterialIcons.ttf ... 
2017-11-16 06:15:22 +0000  128180 bytes for ./MaterialIcons.ttf
copying file ./Octicons.ttf ... 
2017-11-16 06:15:22 +0000  27512 bytes for ./Octicons.ttf
2017-11-16 06:15:22 +0000  copying file ./PkgInfo ... 
2017-11-16 06:15:22 +0000  8 bytes for ./PkgInfo
2017-11-16 06:15:22 +0000  copying file ./PoemRN ... 
2017-11-16 06:15:22 +0000  68906560 bytes for ./PoemRN
2017-11-16 06:15:22 +0000  copying file ./SimpleLineIcons.ttf ... 
2017-11-16 06:15:22 +0000  54056 bytes for ./SimpleLineIcons.ttf
2017-11-16 06:15:22 +0000  copying file ./Zocial.ttf ... 
2017-11-16 06:15:22 +0000  25552 bytes for ./Zocial.ttf
2017-11-16 06:15:22 +0000  /usr/bin/ditto exited with 0
2017-11-16 06:15:22 +0000  Processing step: IDEDistributionEmbedProfileStep
2017-11-16 06:15:22 +0000  Skipping profile for item: <IDEDistributionItem: 0x7ffea2b02520 'jp.questbeat.QBImagePicker' '<DVTFilePath:0x7ffe9c402980:'/Users/bingbing/Library/Developer/Xcode/Archives/2017-11-16/PoemRN 2017-11-16 下午2.14.xcarchive/Products/Applications/PoemRN.app/Frameworks/QBImagePicker.framework'>'>
2017-11-16 06:15:22 +0000  Skipping profile for item: <IDEDistributionItem: 0x7ffe97c6f330 'com.ruslanskorb.RSKImageCropper' '<DVTFilePath:0x7ffe9c478700:'/Users/bingbing/Library/Developer/Xcode/Archives/2017-11-16/PoemRN 2017-11-16 下午2.14.xcarchive/Products/Applications/PoemRN.app/Frameworks/RSKImageCropper.framework'>'>
2017-11-16 06:15:22 +0000  Processing step: IDEDistributionItemRemovalStep
2017-11-16 06:15:22 +0000  Processing step: IDEDistributionAppThinningPlistStep
2017-11-16 06:15:22 +0000  Skipping step: IDEDistributionAppThinningPlistStep because it said so
2017-11-16 06:15:22 +0000  Processing step: IDEDistributionCompileBitcodeStep
2017-11-16 06:15:22 +0000  Skipping step: IDEDistributionCompileBitcodeStep because it said so
2017-11-16 06:15:22 +0000  Processing step: IDEDistributionCodeSlimmingStep
2017-11-16 06:15:23 +0000  Processing step: IDEDistributionCopyBCSymbolMapsStep
2017-11-16 06:15:23 +0000  Running /usr/bin/ditto '-V' '/Users/bingbing/Library/Developer/Xcode/Archives/2017-11-16/PoemRN 2017-11-16 下午2.14.xcarchive/BCSymbolMaps/4C7BC7B6-A2AE-30AD-9EE9-896CB6264C85.bcsymbolmap' '/var/folders/97/x20qdk011sgf0mg8pqd7n4xw0000gn/T/XcodeDistPipeline.Iug/Root/BCSymbolMaps/4C7BC7B6-A2AE-30AD-9EE9-896CB6264C85.bcsymbolmap'
2017-11-16 06:15:23 +0000  >>> Copying /Users/bingbing/Library/Developer/Xcode/Archives/2017-11-16/PoemRN 2017-11-16 下午2.14.xcarchive/BCSymbolMaps/4C7BC7B6-A2AE-30AD-9EE9-896CB6264C85.bcsymbolmap 
2017-11-16 06:15:23 +0000  copying file ./4C7BC7B6-A2AE-30AD-9EE9-896CB6264C85.bcsymbolmap ... 
2017-11-16 06:15:23 +0000  27352 bytes for ./4C7BC7B6-A2AE-30AD-9EE9-896CB6264C85.bcsymbolmap
2017-11-16 06:15:23 +0000  /usr/bin/ditto exited with 0
2017-11-16 06:15:23 +0000  Running /usr/bin/ditto '-V' '/Users/bingbing/Library/Developer/Xcode/Archives/2017-11-16/PoemRN 2017-11-16 下午2.14.xcarchive/BCSymbolMaps/92608371-D354-3D8F-8482-5B2D42B2DE1F.bcsymbolmap' '/var/folders/97/x20qdk011sgf0mg8pqd7n4xw0000gn/T/XcodeDistPipeline.Iug/Root/BCSymbolMaps/92608371-D354-3D8F-8482-5B2D42B2DE1F.bcsymbolmap'
2017-11-16 06:15:23 +0000  >>> Copying /Users/bingbing/Library/Developer/Xcode/Archives/2017-11-16/PoemRN 2017-11-16 下午2.14.xcarchive/BCSymbolMaps/92608371-D354-3D8F-8482-5B2D42B2DE1F.bcsymbolmap 
2017-11-16 06:15:23 +0000  copying file ./92608371-D354-3D8F-8482-5B2D42B2DE1F.bcsymbolmap ... 
2017-11-16 06:15:23 +0000  24153 bytes for ./92608371-D354-3D8F-8482-5B2D42B2DE1F.bcsymbolmap
2017-11-16 06:15:23 +0000  /usr/bin/ditto exited with 0
2017-11-16 06:15:23 +0000  Running /usr/bin/ditto '-V' '/Users/bingbing/Library/Developer/Xcode/Archives/2017-11-16/PoemRN 2017-11-16 下午2.14.xcarchive/BCSymbolMaps/B5B67267-E433-34F5-8573-0B62778C26D5.bcsymbolmap' '/var/folders/97/x20qdk011sgf0mg8pqd7n4xw0000gn/T/XcodeDistPipeline.Iug/Root/BCSymbolMaps/B5B67267-E433-34F5-8573-0B62778C26D5.bcsymbolmap'
2017-11-16 06:15:23 +0000  >>> Copying /Users/bingbing/Library/Developer/Xcode/Archives/2017-11-16/PoemRN 2017-11-16 下午2.14.xcarchive/BCSymbolMaps/B5B67267-E433-34F5-8573-0B62778C26D5.bcsymbolmap 
2017-11-16 06:15:23 +0000  copying file ./B5B67267-E433-34F5-8573-0B62778C26D5.bcsymbolmap ... 
2017-11-16 06:15:23 +0000  27911 bytes for ./B5B67267-E433-34F5-8573-0B62778C26D5.bcsymbolmap
2017-11-16 06:15:23 +0000  /usr/bin/ditto exited with 0
2017-11-16 06:15:23 +0000  Running /usr/bin/ditto '-V' '/Users/bingbing/Library/Developer/Xcode/Archives/2017-11-16/PoemRN 2017-11-16 下午2.14.xcarchive/BCSymbolMaps/C141EAB5-6498-37D9-B5FF-81853357C0DD.bcsymbolmap' '/var/folders/97/x20qdk011sgf0mg8pqd7n4xw0000gn/T/XcodeDistPipeline.Iug/Root/BCSymbolMaps/C141EAB5-6498-37D9-B5FF-81853357C0DD.bcsymbolmap'
2017-11-16 06:15:23 +0000  >>> Copying /Users/bingbing/Library/Developer/Xcode/Archives/2017-11-16/PoemRN 2017-11-16 下午2.14.xcarchive/BCSymbolMaps/C141EAB5-6498-37D9-B5FF-81853357C0DD.bcsymbolmap 
2017-11-16 06:15:23 +0000  copying file ./C141EAB5-6498-37D9-B5FF-81853357C0DD.bcsymbolmap ... 
2017-11-16 06:15:23 +0000  24885 bytes for ./C141EAB5-6498-37D9-B5FF-81853357C0DD.bcsymbolmap
2017-11-16 06:15:23 +0000  /usr/bin/ditto exited with 0
2017-11-16 06:15:23 +0000  Running /usr/bin/ditto '-V' '/Users/bingbing/Library/Developer/Xcode/Archives/2017-11-16/PoemRN 2017-11-16 下午2.14.xcarchive/BCSymbolMaps/8007B450-4AFD-36AE-81D6-DCE8DA1675D2.bcsymbolmap' '/var/folders/97/x20qdk011sgf0mg8pqd7n4xw0000gn/T/XcodeDistPipeline.Iug/Root/BCSymbolMaps/8007B450-4AFD-36AE-81D6-DCE8DA1675D2.bcsymbolmap'
2017-11-16 06:15:23 +0000  >>> Copying /Users/bingbing/Library/Developer/Xcode/Archives/2017-11-16/PoemRN 2017-11-16 下午2.14.xcarchive/BCSymbolMaps/8007B450-4AFD-36AE-81D6-DCE8DA1675D2.bcsymbolmap 
2017-11-16 06:15:23 +0000  
2017-11-16 06:15:23 +0000  copying file ./8007B450-4AFD-36AE-81D6-DCE8DA1675D2.bcsymbolmap ... 
2017-11-16 06:15:23 +0000  2317010 bytes for ./8007B450-4AFD-36AE-81D6-DCE8DA1675D2.bcsymbolmap
2017-11-16 06:15:23 +0000  /usr/bin/ditto exited with 0
2017-11-16 06:15:23 +0000  Running /usr/bin/ditto '-V' '/Users/bingbing/Library/Developer/Xcode/Archives/2017-11-16/PoemRN 2017-11-16 下午2.14.xcarchive/BCSymbolMaps/EAF9B5CE-6F02-310B-9B93-6B2696ECC583.bcsymbolmap' '/var/folders/97/x20qdk011sgf0mg8pqd7n4xw0000gn/T/XcodeDistPipeline.Iug/Root/BCSymbolMaps/EAF9B5CE-6F02-310B-9B93-6B2696ECC583.bcsymbolmap'
2017-11-16 06:15:23 +0000  >>> Copying /Users/bingbing/Library/Developer/Xcode/Archives/2017-11-16/PoemRN 2017-11-16 下午2.14.xcarchive/BCSymbolMaps/EAF9B5CE-6F02-310B-9B93-6B2696ECC583.bcsymbolmap 
2017-11-16 06:15:23 +0000  
2017-11-16 06:15:23 +0000  copying file ./EAF9B5CE-6F02-310B-9B93-6B2696ECC583.bcsymbolmap ... 
2017-11-16 06:15:23 +0000  2375114 bytes for ./EAF9B5CE-6F02-310B-9B93-6B2696ECC583.bcsymbolmap
2017-11-16 06:15:23 +0000  /usr/bin/ditto exited with 0
2017-11-16 06:15:23 +0000  Processing step: IDEDistributionSymbolsStep
2017-11-16 06:15:23 +0000  Excluding symbols for QBImagePicker.framework
2017-11-16 06:15:23 +0000  Excluding symbols for RSKImageCropper.framework
2017-11-16 06:15:23 +0000  Excluding symbols for PoemRN.app
2017-11-16 06:15:23 +0000  Processing step: IDEDistributionCopyAppleProvidedContentStep
2017-11-16 06:15:23 +0000  Processing step: IDEDistributionAppThinningStep
2017-11-16 06:15:23 +0000  Skipping step: IDEDistributionAppThinningStep because it said so
2017-11-16 06:15:23 +0000  Processing step: IDEDistributionODRStep
2017-11-16 06:15:23 +0000  Processing step: IDEDistributionStripXattrsStep
2017-11-16 06:15:23 +0000  Skipping stripping extended attributes of item: <IDEDistributionItem: 0x7ffea2b02520 'jp.questbeat.QBImagePicker' '<DVTFilePath:0x7ffe9c402980:'/Users/bingbing/Library/Developer/Xcode/Archives/2017-11-16/PoemRN 2017-11-16 下午2.14.xcarchive/Products/Applications/PoemRN.app/Frameworks/QBImagePicker.framework'>'>
2017-11-16 06:15:23 +0000  Skipping stripping extended attributes of item: <IDEDistributionItem: 0x7ffe97c6f330 'com.ruslanskorb.RSKImageCropper' '<DVTFilePath:0x7ffe9c478700:'/Users/bingbing/Library/Developer/Xcode/Archives/2017-11-16/PoemRN 2017-11-16 下午2.14.xcarchive/Products/Applications/PoemRN.app/Frameworks/RSKImageCropper.framework'>'>
2017-11-16 06:15:23 +0000  Running /usr/bin/xattr '-crs' '/var/folders/97/x20qdk011sgf0mg8pqd7n4xw0000gn/T/XcodeDistPipeline.Iug/Root/Payload/PoemRN.app'
2017-11-16 06:15:23 +0000  /usr/bin/xattr exited with 0
2017-11-16 06:15:23 +0000  Processing step: IDEDistributionCodesignStep
2017-11-16 06:15:23 +0000  Applying entitlements delta for <IDEDistributionItem: 0x7ffea2b02520 'jp.questbeat.QBImagePicker' '<DVTFilePath:0x7ffe9c402980:'/Users/bingbing/Library/Developer/Xcode/Archives/2017-11-16/PoemRN 2017-11-16 下午2.14.xcarchive/Products/Applications/PoemRN.app/Frameworks/QBImagePicker.framework'>'> from <IDEiCloudEntitlementsProcessor: 0x7ffe99134fd0>: {
}
2017-11-16 06:15:23 +0000  Entitlements for <IDEDistributionItem: 0x7ffea2b02520 'jp.questbeat.QBImagePicker' '<DVTFilePath:0x7ffe9c402980:'/Users/bingbing/Library/Developer/Xcode/Archives/2017-11-16/PoemRN 2017-11-16 下午2.14.xcarchive/Products/Applications/PoemRN.app/Frameworks/QBImagePicker.framework'>'>: {
}
2017-11-16 06:15:23 +0000  Writing entitlements for <IDEDistributionItem: 0x7ffea2b02520 'jp.questbeat.QBImagePicker' '<DVTFilePath:0x7ffe9c402980:'/Users/bingbing/Library/Developer/Xcode/Archives/2017-11-16/PoemRN 2017-11-16 下午2.14.xcarchive/Products/Applications/PoemRN.app/Frameworks/QBImagePicker.framework'>'> to: /var/folders/97/x20qdk011sgf0mg8pqd7n4xw0000gn/T/XcodeDistPipeline.Iug/entitlementslwQzLN
2017-11-16 06:15:23 +0000  Running /usr/bin/codesign '-vvv' '--force' '--sign' 'C1B39C1B815AFC0F05B65207D87987C7E7CBCE78' '--preserve-metadata=identifier,flags' '--entitlements' '/var/folders/97/x20qdk011sgf0mg8pqd7n4xw0000gn/T/XcodeDistPipeline.Iug/entitlementslwQzLN' '/var/folders/97/x20qdk011sgf0mg8pqd7n4xw0000gn/T/XcodeDistPipeline.Iug/Root/Payload/PoemRN.app/Frameworks/QBImagePicker.framework'
2017-11-16 06:15:24 +0000  /var/folders/97/x20qdk011sgf0mg8pqd7n4xw0000gn/T/XcodeDistPipeline.Iug/Root/Payload/PoemRN.app/Frameworks/QBImagePicker.framework: signed bundle with Mach-O universal (armv7 arm64) [jp.questbeat.QBImagePicker]
2017-11-16 06:15:24 +0000  /usr/bin/codesign exited with 0
2017-11-16 06:15:24 +0000  Applying entitlements delta for <IDEDistributionItem: 0x7ffe97c6f330 'com.ruslanskorb.RSKImageCropper' '<DVTFilePath:0x7ffe9c478700:'/Users/bingbing/Library/Developer/Xcode/Archives/2017-11-16/PoemRN 2017-11-16 下午2.14.xcarchive/Products/Applications/PoemRN.app/Frameworks/RSKImageCropper.framework'>'> from <IDEiCloudEntitlementsProcessor: 0x7ffe95a22d80>: {
}
2017-11-16 06:15:24 +0000  Entitlements for <IDEDistributionItem: 0x7ffe97c6f330 'com.ruslanskorb.RSKImageCropper' '<DVTFilePath:0x7ffe9c478700:'/Users/bingbing/Library/Developer/Xcode/Archives/2017-11-16/PoemRN 2017-11-16 下午2.14.xcarchive/Products/Applications/PoemRN.app/Frameworks/RSKImageCropper.framework'>'>: {
}
2017-11-16 06:15:24 +0000  Writing entitlements for <IDEDistributionItem: 0x7ffe97c6f330 'com.ruslanskorb.RSKImageCropper' '<DVTFilePath:0x7ffe9c478700:'/Users/bingbing/Library/Developer/Xcode/Archives/2017-11-16/PoemRN 2017-11-16 下午2.14.xcarchive/Products/Applications/PoemRN.app/Frameworks/RSKImageCropper.framework'>'> to: /var/folders/97/x20qdk011sgf0mg8pqd7n4xw0000gn/T/XcodeDistPipeline.Iug/entitlementsPhBxmV
2017-11-16 06:15:24 +0000  Running /usr/bin/codesign '-vvv' '--force' '--sign' 'C1B39C1B815AFC0F05B65207D87987C7E7CBCE78' '--preserve-metadata=identifier,flags' '--entitlements' '/var/folders/97/x20qdk011sgf0mg8pqd7n4xw0000gn/T/XcodeDistPipeline.Iug/entitlementsPhBxmV' '/var/folders/97/x20qdk011sgf0mg8pqd7n4xw0000gn/T/XcodeDistPipeline.Iug/Root/Payload/PoemRN.app/Frameworks/RSKImageCropper.framework'
2017-11-16 06:15:24 +0000  /var/folders/97/x20qdk011sgf0mg8pqd7n4xw0000gn/T/XcodeDistPipeline.Iug/Root/Payload/PoemRN.app/Frameworks/RSKImageCropper.framework: signed bundle with Mach-O universal (armv7 arm64) [com.ruslanskorb.RSKImageCropper]
2017-11-16 06:15:24 +0000  /usr/bin/codesign exited with 0
2017-11-16 06:15:24 +0000  Applying entitlements delta for <IDEDistributionItem: 0x7ffe80916510 'com.sbb.poem' '<DVTFilePath:0x7ffe98940220:'/Users/bingbing/Library/Developer/Xcode/Archives/2017-11-16/PoemRN 2017-11-16 下午2.14.xcarchive/Products/Applications/PoemRN.app'>'> from <IDEiCloudEntitlementsProcessor: 0x7ffe9b419950>: {
}
2017-11-16 06:15:24 +0000  Entitlements for <IDEDistributionItem: 0x7ffe80916510 'com.sbb.poem' '<DVTFilePath:0x7ffe98940220:'/Users/bingbing/Library/Developer/Xcode/Archives/2017-11-16/PoemRN 2017-11-16 下午2.14.xcarchive/Products/Applications/PoemRN.app'>'>: {
    "application-identifier" = "ZERU4NU5ED.com.sbb.poem";
    "aps-environment" = production;
    "beta-reports-active" = 1;
    "com.apple.developer.team-identifier" = ZERU4NU5ED;
    "get-task-allow" = 0;
}
2017-11-16 06:15:24 +0000  Writing entitlements for <IDEDistributionItem: 0x7ffe80916510 'com.sbb.poem' '<DVTFilePath:0x7ffe98940220:'/Users/bingbing/Library/Developer/Xcode/Archives/2017-11-16/PoemRN 2017-11-16 下午2.14.xcarchive/Products/Applications/PoemRN.app'>'> to: /var/folders/97/x20qdk011sgf0mg8pqd7n4xw0000gn/T/XcodeDistPipeline.Iug/entitlementskrak77
2017-11-16 06:15:24 +0000  Running /usr/bin/codesign '-vvv' '--force' '--sign' 'C1B39C1B815AFC0F05B65207D87987C7E7CBCE78' '--preserve-metadata=identifier,flags' '--entitlements' '/var/folders/97/x20qdk011sgf0mg8pqd7n4xw0000gn/T/XcodeDistPipeline.Iug/entitlementskrak77' '/var/folders/97/x20qdk011sgf0mg8pqd7n4xw0000gn/T/XcodeDistPipeline.Iug/Root/Payload/PoemRN.app'
2017-11-16 06:15:25 +0000  /var/folders/97/x20qdk011sgf0mg8pqd7n4xw0000gn/T/XcodeDistPipeline.Iug/Root/Payload/PoemRN.app: signed app bundle with Mach-O universal (armv7 arm64) [com.sbb.poem]
2017-11-16 06:15:25 +0000  /usr/bin/codesign exited with 0
2017-11-16 06:15:25 +0000  Processing step: IDEDistributionStreamingZipItemStep
2017-11-16 06:15:25 +0000  Skipping step: IDEDistributionStreamingZipItemStep because it said so
2017-11-16 06:15:25 +0000  Skipping step: IDEDistributionStreamingZipItemStep because it said so
2017-11-16 06:15:25 +0000  Skipping step: IDEDistributionStreamingZipItemStep because it said so
2017-11-16 06:15:25 +0000  Processing step: IDEDistributionCreateIPAStep
2017-11-16 06:15:25 +0000  Running /usr/bin/ditto '-V' '-c' '-k' '--norsrc' '/var/folders/97/x20qdk011sgf0mg8pqd7n4xw0000gn/T/XcodeDistPipeline.Iug/Root' '/var/folders/97/x20qdk011sgf0mg8pqd7n4xw0000gn/T/XcodeDistPipeline.Iug/Packages/PoemRN.ipa'
2017-11-16 06:15:25 +0000  >>> Copying /var/folders/97/x20qdk011sgf0mg8pqd7n4xw0000gn/T/XcodeDistPipeline.Iug/Root 
2017-11-16 06:15:25 +0000  copying file ./BCSymbolMaps/4C7BC7B6-A2AE-30AD-9EE9-896CB6264C85.bcsymbolmap ... 
2017-11-16 06:15:25 +0000  27352 bytes for ./BCSymbolMaps/4C7BC7B6-A2AE-30AD-9EE9-896CB6264C85.bcsymbolmap
copying file ./BCSymbolMaps/8007B450-4AFD-36AE-81D6-DCE8DA1675D2.bcsymbolmap ... 
2017-11-16 06:15:25 +0000  2317010 bytes for ./BCSymbolMaps/8007B450-4AFD-36AE-81D6-DCE8DA1675D2.bcsymbolmap
copying file ./BCSymbolMaps/92608371-D354-3D8F-8482-5B2D42B2DE1F.bcsymbolmap ... 
2017-11-16 06:15:25 +0000  24153 bytes for ./BCSymbolMaps/92608371-D354-3D8F-8482-5B2D42B2DE1F.bcsymbolmap
2017-11-16 06:15:25 +0000  copying file ./BCSymbolMaps/B5B67267-E433-34F5-8573-0B62778C26D5.bcsymbolmap ... 
2017-11-16 06:15:25 +0000  27911 bytes for ./BCSymbolMaps/B5B67267-E433-34F5-8573-0B62778C26D5.bcsymbolmap
copying file ./BCSymbolMaps/C141EAB5-6498-37D9-B5FF-81853357C0DD.bcsymbolmap ... 
2017-11-16 06:15:25 +0000  24885 bytes for ./BCSymbolMaps/C141EAB5-6498-37D9-B5FF-81853357C0DD.bcsymbolmap
copying file ./BCSymbolMaps/EAF9B5CE-6F02-310B-9B93-6B2696ECC583.bcsymbolmap ... 
2017-11-16 06:15:25 +0000  2375114 bytes for ./BCSymbolMaps/EAF9B5CE-6F02-310B-9B93-6B2696ECC583.bcsymbolmap
2017-11-16 06:15:25 +0000  copying file ./Payload/PoemRN.app/_CodeSignature/CodeResources ... 
2017-11-16 06:15:25 +0000  38456 bytes for ./Payload/PoemRN.app/_CodeSignature/CodeResources
2017-11-16 06:15:25 +0000  copying file ./Payload/PoemRN.app/AppIcon60x60@2x.png ... 
2017-11-16 06:15:25 +0000  2288 bytes for ./Payload/PoemRN.app/AppIcon60x60@2x.png
2017-11-16 06:15:25 +0000  copying file ./Payload/PoemRN.app/AppIcon60x60@3x.png ... 
2017-11-16 06:15:25 +0000  3024 bytes for ./Payload/PoemRN.app/AppIcon60x60@3x.png
copying file ./Payload/PoemRN.app/archived-expanded-entitlements.xcent ... 
2017-11-16 06:15:25 +0000  246 bytes for ./Payload/PoemRN.app/archived-expanded-entitlements.xcent
2017-11-16 06:15:25 +0000  copying file ./Payload/PoemRN.app/assets/app/images/modify.png ... 
2017-11-16 06:15:25 +0000  204 bytes for ./Payload/PoemRN.app/assets/app/images/modify.png
copying file ./Payload/PoemRN.app/assets/app/images/nothead.png ... 
2017-11-16 06:15:25 +0000  633 bytes for ./Payload/PoemRN.app/assets/app/images/nothead.png
copying file ./Payload/PoemRN.app/assets/app/images/official.png ... 
2017-11-16 06:15:25 +0000  2179 bytes for ./Payload/PoemRN.app/assets/app/images/official.png
2017-11-16 06:15:25 +0000  copying file ./Payload/PoemRN.app/assets/node_modules/react-native-elements/src/rating/images/bell.png ... 
2017-11-16 06:15:25 +0000  2989 bytes for ./Payload/PoemRN.app/assets/node_modules/react-native-elements/src/rating/images/bell.png
copying file ./Payload/PoemRN.app/assets/node_modules/react-native-elements/src/rating/images/heart.png ... 
1928 bytes for ./Payload/PoemRN.app/assets/node_modules/react-native-elements/src/rating/images/heart.png
copying file ./Payload/PoemRN.app/assets/node_modules/react-native-elements/src/rating/images/rocket.png ... 
4050 bytes for ./Payload/PoemRN.app/assets/node_modules/react-native-elements/src/rating/images/rocket.png
copying file ./Payload/PoemRN.app/assets/node_modules/react-native-elements/src/rating/images/star.png ... 
2017-11-16 06:15:25 +0000  1961 bytes for ./Payload/PoemRN.app/assets/node_modules/react-native-elements/src/rating/images/star.png
2017-11-16 06:15:25 +0000  copying file ./Payload/PoemRN.app/assets/node_modules/react-navigation/src/views/assets/back-icon.png ... 
2017-11-16 06:15:25 +0000  379 bytes for ./Payload/PoemRN.app/assets/node_modules/react-navigation/src/views/assets/back-icon.png
copying file ./Payload/PoemRN.app/assets/node_modules/react-navigation/src/views/assets/back-icon@2x.png ... 
534 bytes for ./Payload/PoemRN.app/assets/node_modules/react-navigation/src/views/assets/back-icon@2x.png
copying file ./Payload/PoemRN.app/assets/node_modules/react-navigation/src/views/assets/back-icon@3x.png ... 
2017-11-16 06:15:25 +0000  732 bytes for ./Payload/PoemRN.app/assets/node_modules/react-navigation/src/views/assets/back-icon@3x.png
2017-11-16 06:15:25 +0000  copying file ./Payload/PoemRN.app/Assets.car ... 
2017-11-16 06:15:25 +0000  142936 bytes for ./Payload/PoemRN.app/Assets.car
2017-11-16 06:15:25 +0000  copying file ./Payload/PoemRN.app/Base.lproj/LaunchScreen.nib ... 
2017-11-16 06:15:25 +0000  3099 bytes for ./Payload/PoemRN.app/Base.lproj/LaunchScreen.nib
copying file ./Payload/PoemRN.app/Default-568.png ... 
2017-11-16 06:15:25 +0000  2098 bytes for ./Payload/PoemRN.app/Default-568.png
copying file ./Payload/PoemRN.app/embedded.mobileprovision ... 
2017-11-16 06:15:25 +0000  9430 bytes for ./Payload/PoemRN.app/embedded.mobileprovision
copying file ./Payload/PoemRN.app/Entypo.ttf ... 
2017-11-16 06:15:25 +0000  65584 bytes for ./Payload/PoemRN.app/Entypo.ttf
copying file ./Payload/PoemRN.app/EvilIcons.ttf ... 
2017-11-16 06:15:25 +0000  13128 bytes for ./Payload/PoemRN.app/EvilIcons.ttf
copying file ./Payload/PoemRN.app/Feather.ttf ... 
2017-11-16 06:15:25 +0000  55288 bytes for ./Payload/PoemRN.app/Feather.ttf
copying file ./Payload/PoemRN.app/FontAwesome.ttf ... 
2017-11-16 06:15:25 +0000  165548 bytes for ./Payload/PoemRN.app/FontAwesome.ttf
copying file ./Payload/PoemRN.app/Foundation.ttf ... 
2017-11-16 06:15:25 +0000  56976 bytes for ./Payload/PoemRN.app/Foundation.ttf
2017-11-16 06:15:25 +0000  copying file ./Payload/PoemRN.app/Frameworks/QBImagePicker.framework/_CodeSignature/CodeResources ... 
2017-11-16 06:15:25 +0000  6950 bytes for ./Payload/PoemRN.app/Frameworks/QBImagePicker.framework/_CodeSignature/CodeResources
2017-11-16 06:15:25 +0000  copying file ./Payload/PoemRN.app/Frameworks/QBImagePicker.framework/de.lproj/QBImagePicker.strings ... 
2017-11-16 06:15:25 +0000  641 bytes for ./Payload/PoemRN.app/Frameworks/QBImagePicker.framework/de.lproj/QBImagePicker.strings
copying file ./Payload/PoemRN.app/Frameworks/QBImagePicker.framework/en.lproj/QBImagePicker.strings ... 
2017-11-16 06:15:25 +0000  593 bytes for ./Payload/PoemRN.app/Frameworks/QBImagePicker.framework/en.lproj/QBImagePicker.strings
copying file ./Payload/PoemRN.app/Frameworks/QBImagePicker.framework/es.lproj/QBImagePicker.strings ... 
2017-11-16 06:15:25 +0000  569 bytes for ./Payload/PoemRN.app/Frameworks/QBImagePicker.framework/es.lproj/QBImagePicker.strings
copying file ./Payload/PoemRN.app/Frameworks/QBImagePicker.framework/Info.plist ... 
2017-11-16 06:15:25 +0000  746 bytes for ./Payload/PoemRN.app/Frameworks/QBImagePicker.framework/Info.plist
copying file ./Payload/PoemRN.app/Frameworks/QBImagePicker.framework/ja.lproj/QBImagePicker.strings ... 
2017-11-16 06:15:25 +0000  496 bytes for ./Payload/PoemRN.app/Frameworks/QBImagePicker.framework/ja.lproj/QBImagePicker.strings
copying file ./Payload/PoemRN.app/Frameworks/QBImagePicker.framework/pl.lproj/QBImagePicker.strings ... 
2017-11-16 06:15:25 +0000  625 bytes for ./Payload/PoemRN.app/Frameworks/QBImagePicker.framework/pl.lproj/QBImagePicker.strings
copying file ./Payload/PoemRN.app/Frameworks/QBImagePicker.framework/QBImagePicker ... 
2017-11-16 06:15:25 +0000  743744 bytes for ./Payload/PoemRN.app/Frameworks/QBImagePicker.framework/QBImagePicker
2017-11-16 06:15:25 +0000  copying file ./Payload/PoemRN.app/Frameworks/QBImagePicker.framework/QBImagePicker.storyboardc/Info.plist ... 
289 bytes for ./Payload/PoemRN.app/Frameworks/QBImagePicker.framework/QBImagePicker.storyboardc/Info.plist
copying file ./Payload/PoemRN.app/Frameworks/QBImagePicker.framework/QBImagePicker.storyboardc/QBAlbumsNavigationController.nib ... 
2017-11-16 06:15:25 +0000  2568 bytes for ./Payload/PoemRN.app/Frameworks/QBImagePicker.framework/QBImagePicker.storyboardc/QBAlbumsNavigationController.nib
copying file ./Payload/PoemRN.app/Frameworks/QBImagePicker.framework/QBImagePicker.storyboardc/QBAlbumsViewController.nib ... 
2017-11-16 06:15:25 +0000  1793 bytes for ./Payload/PoemRN.app/Frameworks/QBImagePicker.framework/QBImagePicker.storyboardc/QBAlbumsViewController.nib
copying file ./Payload/PoemRN.app/Frameworks/QBImagePicker.framework/QBImagePicker.storyboardc/QBAssetsViewController.nib ... 
2017-11-16 06:15:25 +0000  1377 bytes for ./Payload/PoemRN.app/Frameworks/QBImagePicker.framework/QBImagePicker.storyboardc/QBAssetsViewController.nib
copying file ./Payload/PoemRN.app/Frameworks/QBImagePicker.framework/QBImagePicker.storyboardc/QiH-NZ-ZGN-view-sD2-zK-ryo.nib ... 
2017-11-16 06:15:25 +0000  10628 bytes for ./Payload/PoemRN.app/Frameworks/QBImagePicker.framework/QBImagePicker.storyboardc/QiH-NZ-ZGN-view-sD2-zK-ryo.nib
copying file ./Payload/PoemRN.app/Frameworks/QBImagePicker.framework/QBImagePicker.storyboardc/QL5-wR-LYt-view-66K-TS-Yoc.nib ... 
2017-11-16 06:15:25 +0000  6769 bytes for ./Payload/PoemRN.app/Frameworks/QBImagePicker.framework/QBImagePicker.storyboardc/QL5-wR-LYt-view-66K-TS-Yoc.nib
2017-11-16 06:15:25 +0000  copying file ./Payload/PoemRN.app/Frameworks/QBImagePicker.framework/zh-Hans.lproj/QBImagePicker.strings ... 
482 bytes for ./Payload/PoemRN.app/Frameworks/QBImagePicker.framework/zh-Hans.lproj/QBImagePicker.strings
2017-11-16 06:15:25 +0000  copying file ./Payload/PoemRN.app/Frameworks/RSKImageCropper.framework/_CodeSignature/CodeResources ... 
2017-11-16 06:15:25 +0000  17453 bytes for ./Payload/PoemRN.app/Frameworks/RSKImageCropper.framework/_CodeSignature/CodeResources
2017-11-16 06:15:25 +0000  copying file ./Payload/PoemRN.app/Frameworks/RSKImageCropper.framework/Info.plist ... 
2017-11-16 06:15:25 +0000  751 bytes for ./Payload/PoemRN.app/Frameworks/RSKImageCropper.framework/Info.plist
copying file ./Payload/PoemRN.app/Frameworks/RSKImageCropper.framework/RSKImageCropper ... 
2017-11-16 06:15:25 +0000  649472 bytes for ./Payload/PoemRN.app/Frameworks/RSKImageCropper.framework/RSKImageCropper
2017-11-16 06:15:25 +0000  copying file ./Payload/PoemRN.app/Frameworks/RSKImageCropper.framework/RSKImageCropperStrings.bundle/ar.lproj/RSKImageCropper.strings ... 
1339 bytes for ./Payload/PoemRN.app/Frameworks/RSKImageCropper.framework/RSKImageCropperStrings.bundle/ar.lproj/RSKImageCropper.strings
2017-11-16 06:15:25 +0000  copying file ./Payload/PoemRN.app/Frameworks/RSKImageCropper.framework/RSKImageCropperStrings.bundle/ca.lproj/RSKImageCropper.strings ... 
2017-11-16 06:15:25 +0000  1337 bytes for ./Payload/PoemRN.app/Frameworks/RSKImageCropper.framework/RSKImageCropperStrings.bundle/ca.lproj/RSKImageCropper.strings
copying file ./Payload/PoemRN.app/Frameworks/RSKImageCropper.framework/RSKImageCropperStrings.bundle/cs.lproj/RSKImageCropper.strings ... 
2017-11-16 06:15:25 +0000  1328 bytes for ./Payload/PoemRN.app/Frameworks/RSKImageCropper.framework/RSKImageCropperStrings.bundle/cs.lproj/RSKImageCropper.strings
copying file ./Payload/PoemRN.app/Frameworks/RSKImageCropper.framework/RSKImageCropperStrings.bundle/da.lproj/RSKImageCropper.strings ... 
2017-11-16 06:15:25 +0000  1327 bytes for ./Payload/PoemRN.app/Frameworks/RSKImageCropper.framework/RSKImageCropperStrings.bundle/da.lproj/RSKImageCropper.strings
copying file ./Payload/PoemRN.app/Frameworks/RSKImageCropper.framework/RSKImageCropperStrings.bundle/de.lproj/RSKImageCropper.strings ... 
2017-11-16 06:15:25 +0000  1340 bytes for ./Payload/PoemRN.app/Frameworks/RSKImageCropper.framework/RSKImageCropperStrings.bundle/de.lproj/RSKImageCropper.strings
2017-11-16 06:15:25 +0000  copying file ./Payload/PoemRN.app/Frameworks/RSKImageCropper.framework/RSKImageCropperStrings.bundle/el.lproj/RSKImageCropper.strings ... 
2017-11-16 06:15:25 +0000  1370 bytes for ./Payload/PoemRN.app/Frameworks/RSKImageCropper.framework/RSKImageCropperStrings.bundle/el.lproj/RSKImageCropper.strings
copying file ./Payload/PoemRN.app/Frameworks/RSKImageCropper.framework/RSKImageCropperStrings.bundle/en.lproj/RSKImageCropper.strings ... 
2017-11-16 06:15:25 +0000  1326 bytes for ./Payload/PoemRN.app/Frameworks/RSKImageCropper.framework/RSKImageCropperStrings.bundle/en.lproj/RSKImageCropper.strings
copying file ./Payload/PoemRN.app/Frameworks/RSKImageCropper.framework/RSKImageCropperStrings.bundle/es.lproj/RSKImageCropper.strings ... 
2017-11-16 06:15:25 +0000  1327 bytes for ./Payload/PoemRN.app/Frameworks/RSKImageCropper.framework/RSKImageCropperStrings.bundle/es.lproj/RSKImageCropper.strings
copying file ./Payload/PoemRN.app/Frameworks/RSKImageCropper.framework/RSKImageCropperStrings.bundle/fi.lproj/RSKImageCropper.strings ... 
2017-11-16 06:15:25 +0000  1330 bytes for ./Payload/PoemRN.app/Frameworks/RSKImageCropper.framework/RSKImageCropperStrings.bundle/fi.lproj/RSKImageCropper.strings
copying file ./Payload/PoemRN.app/Frameworks/RSKImageCropper.framework/RSKImageCropperStrings.bundle/fr.lproj/RSKImageCropper.strings ... 
2017-11-16 06:15:25 +0000  1322 bytes for ./Payload/PoemRN.app/Frameworks/RSKImageCropper.framework/RSKImageCropperStrings.bundle/fr.lproj/RSKImageCropper.strings
copying file ./Payload/PoemRN.app/Frameworks/RSKImageCropper.framework/RSKImageCropperStrings.bundle/he.lproj/RSKImageCropper.strings ... 
2017-11-16 06:15:25 +0000  1351 bytes for ./Payload/PoemRN.app/Frameworks/RSKImageCropper.framework/RSKImageCropperStrings.bundle/he.lproj/RSKImageCropper.strings
copying file ./Payload/PoemRN.app/Frameworks/RSKImageCropper.framework/RSKImageCropperStrings.bundle/hi.lproj/RSKImageCropper.strings ... 
2017-11-16 06:15:25 +0000  1387 bytes for ./Payload/PoemRN.app/Frameworks/RSKImageCropper.framework/RSKImageCropperStrings.bundle/hi.lproj/RSKImageCropper.strings
2017-11-16 06:15:25 +0000  copying file ./Payload/PoemRN.app/Frameworks/RSKImageCropper.framework/RSKImageCropperStrings.bundle/hr.lproj/RSKImageCropper.strings ... 
2017-11-16 06:15:25 +0000  1335 bytes for ./Payload/PoemRN.app/Frameworks/RSKImageCropper.framework/RSKImageCropperStrings.bundle/hr.lproj/RSKImageCropper.strings
copying file ./Payload/PoemRN.app/Frameworks/RSKImageCropper.framework/RSKImageCropperStrings.bundle/hu.lproj/RSKImageCropper.strings ... 
2017-11-16 06:15:25 +0000  1345 bytes for ./Payload/PoemRN.app/Frameworks/RSKImageCropper.framework/RSKImageCropperStrings.bundle/hu.lproj/RSKImageCropper.strings
copying file ./Payload/PoemRN.app/Frameworks/RSKImageCropper.framework/RSKImageCropperStrings.bundle/id.lproj/RSKImageCropper.strings ... 
2017-11-16 06:15:25 +0000  1333 bytes for ./Payload/PoemRN.app/Frameworks/RSKImageCropper.framework/RSKImageCropperStrings.bundle/id.lproj/RSKImageCropper.strings
copying file ./Payload/PoemRN.app/Frameworks/RSKImageCropper.framework/RSKImageCropperStrings.bundle/it.lproj/RSKImageCropper.strings ... 
2017-11-16 06:15:25 +0000  1334 bytes for ./Payload/PoemRN.app/Frameworks/RSKImageCropper.framework/RSKImageCropperStrings.bundle/it.lproj/RSKImageCropper.strings
2017-11-16 06:15:25 +0000  copying file ./Payload/PoemRN.app/Frameworks/RSKImageCropper.framework/RSKImageCropperStrings.bundle/ja.lproj/RSKImageCropper.strings ... 
1342 bytes for ./Payload/PoemRN.app/Frameworks/RSKImageCropper.framework/RSKImageCropperStrings.bundle/ja.lproj/RSKImageCropper.strings
2017-11-16 06:15:25 +0000  copying file ./Payload/PoemRN.app/Frameworks/RSKImageCropper.framework/RSKImageCropperStrings.bundle/ms.lproj/RSKImageCropper.strings ... 
2017-11-16 06:15:25 +0000  1324 bytes for ./Payload/PoemRN.app/Frameworks/RSKImageCropper.framework/RSKImageCropperStrings.bundle/ms.lproj/RSKImageCropper.strings
copying file ./Payload/PoemRN.app/Frameworks/RSKImageCropper.framework/RSKImageCropperStrings.bundle/nb.lproj/RSKImageCropper.strings ... 
2017-11-16 06:15:25 +0000  1325 bytes for ./Payload/PoemRN.app/Frameworks/RSKImageCropper.framework/RSKImageCropperStrings.bundle/nb.lproj/RSKImageCropper.strings
copying file ./Payload/PoemRN.app/Frameworks/RSKImageCropper.framework/RSKImageCropperStrings.bundle/nl.lproj/RSKImageCropper.strings ... 
2017-11-16 06:15:25 +0000  1339 bytes for ./Payload/PoemRN.app/Frameworks/RSKImageCropper.framework/RSKImageCropperStrings.bundle/nl.lproj/RSKImageCropper.strings
copying file ./Payload/PoemRN.app/Frameworks/RSKImageCropper.framework/RSKImageCropperStrings.bundle/pl.lproj/RSKImageCropper.strings ... 
2017-11-16 06:15:25 +0000  1325 bytes for ./Payload/PoemRN.app/Frameworks/RSKImageCropper.framework/RSKImageCropperStrings.bundle/pl.lproj/RSKImageCropper.strings
copying file ./Payload/PoemRN.app/Frameworks/RSKImageCropper.framework/RSKImageCropperStrings.bundle/pt_BR.lproj/RSKImageCropper.strings ... 
2017-11-16 06:15:25 +0000  1337 bytes for ./Payload/PoemRN.app/Frameworks/RSKImageCropper.framework/RSKImageCropperStrings.bundle/pt_BR.lproj/RSKImageCropper.strings
2017-11-16 06:15:25 +0000  copying file ./Payload/PoemRN.app/Frameworks/RSKImageCropper.framework/RSKImageCropperStrings.bundle/pt_PT.lproj/RSKImageCropper.strings ... 
2017-11-16 06:15:25 +0000  1335 bytes for ./Payload/PoemRN.app/Frameworks/RSKImageCropper.framework/RSKImageCropperStrings.bundle/pt_PT.lproj/RSKImageCropper.strings
copying file ./Payload/PoemRN.app/Frameworks/RSKImageCropper.framework/RSKImageCropperStrings.bundle/ro.lproj/RSKImageCropper.strings ... 
2017-11-16 06:15:25 +0000  1345 bytes for ./Payload/PoemRN.app/Frameworks/RSKImageCropper.framework/RSKImageCropperStrings.bundle/ro.lproj/RSKImageCropper.strings
copying file ./Payload/PoemRN.app/Frameworks/RSKImageCropper.framework/RSKImageCropperStrings.bundle/ru.lproj/RSKImageCropper.strings ... 
2017-11-16 06:15:25 +0000  1358 bytes for ./Payload/PoemRN.app/Frameworks/RSKImageCropper.framework/RSKImageCropperStrings.bundle/ru.lproj/RSKImageCropper.strings
copying file ./Payload/PoemRN.app/Frameworks/RSKImageCropper.framework/RSKImageCropperStrings.bundle/sl.lproj/RSKImageCropper.strings ... 
2017-11-16 06:15:25 +0000  1336 bytes for ./Payload/PoemRN.app/Frameworks/RSKImageCropper.framework/RSKImageCropperStrings.bundle/sl.lproj/RSKImageCropper.strings
copying file ./Payload/PoemRN.app/Frameworks/RSKImageCropper.framework/RSKImageCropperStrings.bundle/sv.lproj/RSKImageCropper.strings ... 
2017-11-16 06:15:25 +0000  1333 bytes for ./Payload/PoemRN.app/Frameworks/RSKImageCropper.framework/RSKImageCropperStrings.bundle/sv.lproj/RSKImageCropper.strings
2017-11-16 06:15:25 +0000  copying file ./Payload/PoemRN.app/Frameworks/RSKImageCropper.framework/RSKImageCropperStrings.bundle/tr.lproj/RSKImageCropper.strings ... 
1330 bytes for ./Payload/PoemRN.app/Frameworks/RSKImageCropper.framework/RSKImageCropperStrings.bundle/tr.lproj/RSKImageCropper.strings
2017-11-16 06:15:25 +0000  copying file ./Payload/PoemRN.app/Frameworks/RSKImageCropper.framework/RSKImageCropperStrings.bundle/uk.lproj/RSKImageCropper.strings ... 
2017-11-16 06:15:25 +0000  1359 bytes for ./Payload/PoemRN.app/Frameworks/RSKImageCropper.framework/RSKImageCropperStrings.bundle/uk.lproj/RSKImageCropper.strings
copying file ./Payload/PoemRN.app/Frameworks/RSKImageCropper.framework/RSKImageCropperStrings.bundle/vi.lproj/RSKImageCropper.strings ... 
2017-11-16 06:15:25 +0000  1342 bytes for ./Payload/PoemRN.app/Frameworks/RSKImageCropper.framework/RSKImageCropperStrings.bundle/vi.lproj/RSKImageCropper.strings
copying file ./Payload/PoemRN.app/Frameworks/RSKImageCropper.framework/RSKImageCropperStrings.bundle/zh-Hans.lproj/RSKImageCropper.strings ... 
2017-11-16 06:15:25 +0000  1327 bytes for ./Payload/PoemRN.app/Frameworks/RSKImageCropper.framework/RSKImageCropperStrings.bundle/zh-Hans.lproj/RSKImageCropper.strings
2017-11-16 06:15:25 +0000  copying file ./Payload/PoemRN.app/Info.plist ... 
2017-11-16 06:15:25 +0000  2356 bytes for ./Payload/PoemRN.app/Info.plist
copying file ./Payload/PoemRN.app/Ionicons.ttf ... 
2017-11-16 06:15:25 +0000  143936 bytes for ./Payload/PoemRN.app/Ionicons.ttf
copying file ./Payload/PoemRN.app/LaunchImage-1100-Landscape-2436h@3x.png ... 
2017-11-16 06:15:25 +0000  287145 bytes for ./Payload/PoemRN.app/LaunchImage-1100-Landscape-2436h@3x.png
copying file ./Payload/PoemRN.app/LaunchImage-1100-Portrait-2436h@3x.png ... 
2017-11-16 06:15:25 +0000  280013 bytes for ./Payload/PoemRN.app/LaunchImage-1100-Portrait-2436h@3x.png
copying file ./Payload/PoemRN.app/LaunchImage-800-667h@2x.png ... 
2017-11-16 06:15:25 +0000  88978 bytes for ./Payload/PoemRN.app/LaunchImage-800-667h@2x.png
copying file ./Payload/PoemRN.app/LaunchImage-800-Portrait-736h@3x.png ... 
2017-11-16 06:15:25 +0000  24232 bytes for ./Payload/PoemRN.app/LaunchImage-800-Portrait-736h@3x.png
copying file ./Payload/PoemRN.app/main.jsbundle ... 
2017-11-16 06:15:25 +0000  1507284 bytes for ./Payload/PoemRN.app/main.jsbundle
copying file ./Payload/PoemRN.app/main.jsbundle.meta ... 
2017-11-16 06:15:25 +0000  21 bytes for ./Payload/PoemRN.app/main.jsbundle.meta
copying file ./Payload/PoemRN.app/MaterialCommunityIcons.ttf ... 
2017-11-16 06:15:25 +0000  292556 bytes for ./Payload/PoemRN.app/MaterialCommunityIcons.ttf
copying file ./Payload/PoemRN.app/MaterialIcons.ttf ... 
2017-11-16 06:15:25 +0000  128180 bytes for ./Payload/PoemRN.app/MaterialIcons.ttf
copying file ./Payload/PoemRN.app/Octicons.ttf ... 
2017-11-16 06:15:25 +0000  27512 bytes for ./Payload/PoemRN.app/Octicons.ttf
copying file ./Payload/PoemRN.app/PkgInfo ... 
2017-11-16 06:15:25 +0000  8 bytes for ./Payload/PoemRN.app/PkgInfo
copying file ./Payload/PoemRN.app/PoemRN ... 
2017-11-16 06:15:27 +0000  57132400 bytes for ./Payload/PoemRN.app/PoemRN
copying file ./Payload/PoemRN.app/SimpleLineIcons.ttf ... 
2017-11-16 06:15:27 +0000  54056 bytes for ./Payload/PoemRN.app/SimpleLineIcons.ttf
copying file ./Payload/PoemRN.app/Zocial.ttf ... 
2017-11-16 06:15:27 +0000  25552 bytes for ./Payload/PoemRN.app/Zocial.ttf
2017-11-16 06:15:27 +0000  /usr/bin/ditto exited with 0
2017-11-16 06:15:27 +0000  Processing step: IDEDistributionCreateManifestStep
2017-11-16 06:15:27 +0000  Skipping step: IDEDistributionCreateManifestStep because it said so
