[2017-11-06 22:56:49.054] [DEBUG] logInfo - GET /feedback 404
[2017-11-06 23:12:32.753] [DEBUG] logInfo - POST /feedback/send 200
[2017-11-06 23:12:37.100] [DEBUG] logInfo - POST /feedback/send 200
[2017-11-06 23:15:13.275] [DEBUG] logInfo - POST /feedback/send 200
[2017-11-06 23:15:22.466] [DEBUG] logInfo - POST /feedback/send 200
[2017-11-06 23:15:41.954] [DEBUG] logInfo - POST /feedback/send 200
[2017-11-06 23:16:14.032] [DEBUG] logInfo - POST /feedback/send 200
[2017-11-06 23:16:25.692] [DEBUG] logInfo - POST /feedback/send 200
[2017-11-06 23:16:53.016] [DEBUG] logInfo - POST /feedback/send 200
[2017-11-06 23:17:53.873] [DEBUG] logInfo - POST /feedback/send 200
[2017-11-06 23:20:16.253] [DEBUG] logInfo - POST /feedback/send 200
[2017-11-06 23:23:50.697] [DEBUG] logInfo - POST /feedback/send 200
[2017-11-06 23:24:05.614] [DEBUG] logInfo - POST /feedback/send 200
[2017-11-06 23:24:59.216] [DEBUG] logInfo - GET / 200
[2017-11-06 23:24:59.847] [DEBUG] logInfo - GET /bootstrap/js/bootstrap.min.js 304
[2017-11-06 23:24:59.851] [DEBUG] logInfo - GET /bootstrap/css/bootstrap.min.css 304
[2017-11-06 23:25:00.794] [DEBUG] logInfo - GET /favicon.ico 404
[2017-11-06 23:26:27.493] [DEBUG] logInfo - GET / 200
[2017-11-06 23:26:27.527] [DEBUG] logInfo - GET /bootstrap/css/bootstrap.min.css 304
[2017-11-06 23:26:27.531] [DEBUG] logInfo - GET /bootstrap/js/bootstrap.min.js 304
[2017-11-06 23:26:28.530] [DEBUG] logInfo - GET /feedback 200
[2017-11-06 23:27:39.531] [DEBUG] logInfo - GET /feedback 200
[2017-11-06 23:27:39.567] [DEBUG] logInfo - GET /bootstrap/css/bootstrap.min.css 304
[2017-11-06 23:27:39.587] [DEBUG] logInfo - GET /bootstrap/js/bootstrap.min.js 304
[2017-11-06 23:34:19.427] [DEBUG] logInfo - GET /feedback 500
[2017-11-06 23:34:19.462] [DEBUG] logInfo - GET /bootstrap/css/bootstrap.min.css 304
[2017-11-06 23:34:19.476] [DEBUG] logInfo - GET /bootstrap/js/bootstrap.min.js 304
[2017-11-06 23:34:35.780] [DEBUG] logInfo - GET /feedback 500
[2017-11-06 23:34:35.802] [DEBUG] logInfo - GET /bootstrap/css/bootstrap.min.css 304
[2017-11-06 23:34:35.806] [DEBUG] logInfo - GET /bootstrap/js/bootstrap.min.js 304
[2017-11-06 23:35:18.072] [DEBUG] logInfo - GET /feedback 200
[2017-11-06 23:35:18.095] [DEBUG] logInfo - GET /bootstrap/css/bootstrap.min.css 304
[2017-11-06 23:35:18.098] [DEBUG] logInfo - GET /bootstrap/js/bootstrap.min.js 304
[2017-11-06 23:35:45.720] [DEBUG] logInfo - GET /feedback 304
[2017-11-06 23:35:45.764] [DEBUG] logInfo - GET /bootstrap/css/bootstrap.min.css 304
[2017-11-06 23:35:45.774] [DEBUG] logInfo - GET /bootstrap/js/bootstrap.min.js 304
[2017-11-06 23:35:51.042] [DEBUG] logInfo - GET /feedback 304
[2017-11-06 23:35:51.063] [DEBUG] logInfo - GET /bootstrap/css/bootstrap.min.css 304
[2017-11-06 23:35:51.067] [DEBUG] logInfo - GET /bootstrap/js/bootstrap.min.js 304
[2017-11-06 23:36:17.027] [DEBUG] logInfo - GET /feedback 304
[2017-11-06 23:36:17.082] [DEBUG] logInfo - GET /bootstrap/css/bootstrap.min.css 304
[2017-11-06 23:36:17.085] [DEBUG] logInfo - GET /bootstrap/js/bootstrap.min.js 304
[2017-11-06 23:37:14.555] [DEBUG] logInfo - POST /feedback/send 200
[2017-11-06 23:37:17.003] [DEBUG] logInfo - POST /feedback/send 200
[2017-11-06 23:37:19.089] [DEBUG] logInfo - POST /feedback/send 200
[2017-11-06 23:37:30.959] [DEBUG] logInfo - GET /feedback 304
[2017-11-06 23:37:30.977] [DEBUG] logInfo - GET /bootstrap/css/bootstrap.min.css 304
[2017-11-06 23:37:30.990] [DEBUG] logInfo - GET /bootstrap/js/bootstrap.min.js 304
[2017-11-06 23:42:16.080] [DEBUG] logInfo - GET /feedback 200
[2017-11-06 23:42:16.158] [DEBUG] logInfo - GET /bootstrap/css/bootstrap.min.css 304
[2017-11-06 23:42:16.164] [DEBUG] logInfo - GET /bootstrap/js/bootstrap.min.js 304
[2017-11-06 23:43:11.650] [DEBUG] logInfo - GET /feedback 200
[2017-11-06 23:43:11.667] [DEBUG] logInfo - GET /bootstrap/css/bootstrap.min.css 304
[2017-11-06 23:43:11.671] [DEBUG] logInfo - GET /bootstrap/js/bootstrap.min.js 304
[2017-11-06 23:43:41.497] [DEBUG] logInfo - GET /feedback 200
[2017-11-06 23:43:41.520] [DEBUG] logInfo - GET /bootstrap/css/bootstrap.min.css 304
[2017-11-06 23:43:41.522] [DEBUG] logInfo - GET /bootstrap/js/bootstrap.min.js 304
[2017-11-06 23:44:52.247] [DEBUG] logInfo - GET /feedback 200
[2017-11-06 23:44:52.264] [DEBUG] logInfo - GET /bootstrap/css/bootstrap.min.css 304
[2017-11-06 23:44:52.265] [DEBUG] logInfo - GET /bootstrap/js/bootstrap.min.js 304
[2017-11-06 23:44:55.271] [DEBUG] logInfo - GET /feedback 304
[2017-11-06 23:44:55.286] [DEBUG] logInfo - GET /bootstrap/css/bootstrap.min.css 304
[2017-11-06 23:44:55.292] [DEBUG] logInfo - GET /bootstrap/js/bootstrap.min.js 304
[2017-11-06 23:44:59.918] [DEBUG] logInfo - GET /feedback 304
[2017-11-06 23:44:59.938] [DEBUG] logInfo - GET /bootstrap/css/bootstrap.min.css 304
[2017-11-06 23:44:59.939] [DEBUG] logInfo - GET /bootstrap/js/bootstrap.min.js 304
[2017-11-06 23:45:11.627] [DEBUG] logInfo - POST /feedback/send 200
[2017-11-06 23:45:14.739] [DEBUG] logInfo - POST /feedback/send 200
[2017-11-06 23:45:17.167] [DEBUG] logInfo - GET /feedback 200
[2017-11-06 23:45:17.194] [DEBUG] logInfo - GET /bootstrap/css/bootstrap.min.css 304
[2017-11-06 23:45:17.196] [DEBUG] logInfo - GET /bootstrap/js/bootstrap.min.js 304
[2017-11-06 23:46:11.496] [DEBUG] logInfo - GET /feedback 200
[2017-11-06 23:46:11.528] [DEBUG] logInfo - GET /bootstrap/css/bootstrap.min.css 304
[2017-11-06 23:46:11.540] [DEBUG] logInfo - GET /bootstrap/js/bootstrap.min.js 304
[2017-11-06 23:46:23.190] [DEBUG] logInfo - GET /feedback 200
[2017-11-06 23:46:23.210] [DEBUG] logInfo - GET /bootstrap/css/bootstrap.min.css 304
[2017-11-06 23:46:23.211] [DEBUG] logInfo - GET /bootstrap/js/bootstrap.min.js 304
[2017-11-06 23:48:13.758] [DEBUG] logInfo - GET /feedback 200
[2017-11-06 23:48:13.785] [DEBUG] logInfo - GET /bootstrap/css/bootstrap.min.css 304
[2017-11-06 23:48:13.787] [DEBUG] logInfo - GET /bootstrap/js/bootstrap.min.js 304
[2017-11-06 23:49:23.484] [DEBUG] logInfo - GET /feedback 200
[2017-11-06 23:49:23.509] [DEBUG] logInfo - GET /bootstrap/css/bootstrap.min.css 304
[2017-11-06 23:49:23.517] [DEBUG] logInfo - GET /bootstrap/js/bootstrap.min.js 304
[2017-11-06 23:49:43.349] [DEBUG] logInfo - POST /feedback/send 200
[2017-11-06 23:49:46.031] [DEBUG] logInfo - GET /feedback 200
[2017-11-06 23:49:46.047] [DEBUG] logInfo - GET /bootstrap/css/bootstrap.min.css 304
[2017-11-06 23:49:46.048] [DEBUG] logInfo - GET /bootstrap/js/bootstrap.min.js 304
[2017-11-06 23:51:10.360] [DEBUG] logInfo - GET /feedback 200
[2017-11-06 23:51:10.377] [DEBUG] logInfo - GET /bootstrap/css/bootstrap.min.css 304
[2017-11-06 23:51:10.378] [DEBUG] logInfo - GET /bootstrap/js/bootstrap.min.js 304
[2017-11-06 23:52:12.019] [DEBUG] logInfo - GET /message 200
[2017-11-06 23:52:12.049] [DEBUG] logInfo - GET /bootstrap/css/bootstrap.min.css 304
[2017-11-06 23:52:12.053] [DEBUG] logInfo - GET /bootstrap/js/bootstrap.min.js 304
[2017-11-06 23:52:13.301] [DEBUG] logInfo - GET /user 200
[2017-11-06 23:52:13.317] [DEBUG] logInfo - GET /bootstrap/css/bootstrap.min.css 304
[2017-11-06 23:52:13.323] [DEBUG] logInfo - GET /bootstrap/js/bootstrap.min.js 304
[2017-11-06 23:52:18.701] [DEBUG] logInfo - GET /message 304
[2017-11-06 23:52:18.723] [DEBUG] logInfo - GET /bootstrap/css/bootstrap.min.css 304
[2017-11-06 23:52:18.725] [DEBUG] logInfo - GET /bootstrap/js/bootstrap.min.js 304
[2017-11-06 23:52:20.633] [DEBUG] logInfo - GET /message/send 200
[2017-11-06 23:52:20.653] [DEBUG] logInfo - GET /bootstrap/css/bootstrap.min.css 304
[2017-11-06 23:52:20.654] [DEBUG] logInfo - GET /bootstrap/js/bootstrap.min.js 304
[2017-11-06 23:52:23.337] [DEBUG] logInfo - GET / 304
[2017-11-06 23:52:23.349] [DEBUG] logInfo - GET /bootstrap/css/bootstrap.min.css 304
[2017-11-06 23:52:23.351] [DEBUG] logInfo - GET /bootstrap/js/bootstrap.min.js 304
[2017-11-06 23:53:27.284] [DEBUG] logInfo - GET /feedback 200
[2017-11-06 23:53:27.310] [DEBUG] logInfo - GET /bootstrap/css/bootstrap.min.css 304
[2017-11-06 23:53:27.311] [DEBUG] logInfo - GET /bootstrap/js/bootstrap.min.js 304
[2017-11-06 23:54:06.648] [DEBUG] logInfo - GET /feedback 200
[2017-11-06 23:54:06.664] [DEBUG] logInfo - GET /bootstrap/css/bootstrap.min.css 304
[2017-11-06 23:54:06.665] [DEBUG] logInfo - GET /bootstrap/js/bootstrap.min.js 304
[2017-11-06 23:54:23.793] [DEBUG] logInfo - GET /feedback 200
[2017-11-06 23:54:23.838] [DEBUG] logInfo - GET /bootstrap/css/bootstrap.min.css 304
[2017-11-06 23:54:23.849] [DEBUG] logInfo - GET /bootstrap/js/bootstrap.min.js 304
[2017-11-06 23:54:33.802] [DEBUG] logInfo - GET /feedback 200
[2017-11-06 23:54:33.826] [DEBUG] logInfo - GET /bootstrap/css/bootstrap.min.css 304
[2017-11-06 23:54:33.835] [DEBUG] logInfo - GET /bootstrap/js/bootstrap.min.js 304
[2017-11-06 23:54:50.824] [DEBUG] logInfo - GET /feedback 200
[2017-11-06 23:54:50.852] [DEBUG] logInfo - GET /bootstrap/css/bootstrap.min.css 304
[2017-11-06 23:54:50.853] [DEBUG] logInfo - GET /bootstrap/js/bootstrap.min.js 304
[2017-11-06 23:55:20.199] [DEBUG] logInfo - GET /feedback 200
[2017-11-06 23:55:20.216] [DEBUG] logInfo - GET /bootstrap/css/bootstrap.min.css 304
[2017-11-06 23:55:20.217] [DEBUG] logInfo - GET /bootstrap/js/bootstrap.min.js 304
[2017-11-06 23:55:51.802] [DEBUG] logInfo - GET /feedback 200
[2017-11-06 23:55:51.817] [DEBUG] logInfo - GET /bootstrap/css/bootstrap.min.css 304
[2017-11-06 23:55:51.818] [DEBUG] logInfo - GET /bootstrap/js/bootstrap.min.js 304
[2017-11-06 23:57:01.882] [DEBUG] logInfo - GET /feedback 200
[2017-11-06 23:57:02.033] [DEBUG] logInfo - GET /bootstrap/css/bootstrap.min.css 304
[2017-11-06 23:57:02.038] [DEBUG] logInfo - GET /bootstrap/js/bootstrap.min.js 304
[2017-11-06 23:57:03.054] [DEBUG] logInfo - GET / 304
[2017-11-06 23:57:03.082] [DEBUG] logInfo - GET /bootstrap/css/bootstrap.min.css 304
[2017-11-06 23:57:03.085] [DEBUG] logInfo - GET /bootstrap/js/bootstrap.min.js 304
[2017-11-06 23:58:19.616] [DEBUG] logInfo - GET /feedback 200
[2017-11-06 23:58:19.680] [DEBUG] logInfo - GET /bootstrap/css/bootstrap.min.css 304
[2017-11-06 23:58:19.693] [DEBUG] logInfo - GET /bootstrap/js/bootstrap.min.js 304
[2017-11-06 23:58:21.066] [DEBUG] logInfo - GET /feedback?op=del&id=9 200
[2017-11-06 23:58:21.084] [DEBUG] logInfo - GET /bootstrap/css/bootstrap.min.css 304
[2017-11-06 23:58:21.085] [DEBUG] logInfo - GET /bootstrap/js/bootstrap.min.js 304
[2017-11-06 23:58:23.068] [DEBUG] logInfo - GET /feedback?op=del&id=8 200
[2017-11-06 23:58:23.085] [DEBUG] logInfo - GET /bootstrap/css/bootstrap.min.css 304
[2017-11-06 23:58:23.086] [DEBUG] logInfo - GET /bootstrap/js/bootstrap.min.js 304
[2017-11-06 23:58:24.349] [DEBUG] logInfo - GET /feedback?op=del&id=7 200
[2017-11-06 23:58:24.366] [DEBUG] logInfo - GET /bootstrap/css/bootstrap.min.css 304
[2017-11-06 23:58:24.368] [DEBUG] logInfo - GET /bootstrap/js/bootstrap.min.js 304
[2017-11-06 23:58:25.370] [DEBUG] logInfo - GET /feedback?op=del&id=6 200
[2017-11-06 23:58:25.386] [DEBUG] logInfo - GET /bootstrap/css/bootstrap.min.css 304
[2017-11-06 23:58:25.387] [DEBUG] logInfo - GET /bootstrap/js/bootstrap.min.js 304
[2017-11-06 23:58:25.977] [DEBUG] logInfo - GET /feedback?op=del&id=5 200
[2017-11-06 23:58:25.997] [DEBUG] logInfo - GET /bootstrap/css/bootstrap.min.css 304
[2017-11-06 23:58:25.998] [DEBUG] logInfo - GET /bootstrap/js/bootstrap.min.js 304
[2017-11-06 23:58:26.749] [DEBUG] logInfo - GET /feedback?op=del&id=4 200
[2017-11-06 23:58:26.772] [DEBUG] logInfo - GET /bootstrap/css/bootstrap.min.css 304
[2017-11-06 23:58:26.773] [DEBUG] logInfo - GET /bootstrap/js/bootstrap.min.js 304
[2017-11-06 23:58:40.795] [DEBUG] logInfo - GET /feedback?op=del&id=4 200
[2017-11-06 23:58:40.818] [DEBUG] logInfo - GET /bootstrap/css/bootstrap.min.css 304
[2017-11-06 23:58:40.820] [DEBUG] logInfo - GET /bootstrap/js/bootstrap.min.js 304
[2017-11-06 23:59:31.494] [DEBUG] logInfo - GET /feedback?op=del&id=9 200
[2017-11-06 23:59:31.540] [DEBUG] logInfo - GET /bootstrap/css/bootstrap.min.css 304
[2017-11-06 23:59:31.548] [DEBUG] logInfo - GET /bootstrap/js/bootstrap.min.js 304
[2017-11-06 23:59:54.710] [DEBUG] logInfo - GET /feedback?op=del&id=9 304
[2017-11-06 23:59:54.739] [DEBUG] logInfo - GET /bootstrap/css/bootstrap.min.css 304
[2017-11-06 23:59:54.743] [DEBUG] logInfo - GET /bootstrap/js/bootstrap.min.js 304
