0 info it worked if it ends with ok
1 verbose cli [ '/usr/local/Cellar/node/7.3.0/bin/node',
1 verbose cli   '/usr/local/bin/npm',
1 verbose cli   'start' ]
2 info using npm@3.10.10
3 info using node@v7.3.0
4 verbose run-script [ 'prestart', 'start', 'poststart' ]
5 info lifecycle poemweb@0.0.0~prestart: poemweb@0.0.0
6 silly lifecycle poemweb@0.0.0~prestart: no script for prestart, continuing
7 info lifecycle poemweb@0.0.0~start: poemweb@0.0.0
8 verbose lifecycle poemweb@0.0.0~start: unsafe-perm in lifecycle true
9 verbose lifecycle poemweb@0.0.0~start: PATH: /usr/local/lib/node_modules/npm/bin/node-gyp-bin:/Users/bingbing/Poem/PoemWeb/node_modules/.bin:/usr/local/Cellar/node/7.3.0/bin:/Users/bingbing/Documents/adt-bundle-mac-x86_64-20140702/sdk/tools:/Users/bingbing/Documents/adt-bundle-mac-x86_64-20140702/sdk/platform-tools:/Users/bingbing/Documents/adt-bundle-mac-x86_64-20140702/sdk:/Users/bingbing/.rvm/gems/ruby-2.2.2/bin:/Users/bingbing/.rvm/gems/ruby-2.2.2@global/bin:/Users/bingbing/.rvm/rubies/ruby-2.2.2/bin:/Users/bingbing/Documents/android-ndk-r9d:/Applications/Cocos/tools/ant/bin:/Applications/Cocos/frameworks:/Users/bingbing/cocos2d-x-3.13.1/tools/cocos2d-console/bin:/Users/bingbing/cocos2d-x-3.13.1/templates:/usr/local/git/bin:/Users/bingbing:/usr/local/bin:/usr/bin:/bin:/usr/sbin:/sbin:/usr/local/go/bin:/Users/bingbing/gopath/bin:/Users/bingbing/gopath/bin:/Users/bingbing/Documents/adt-bundle-mac-x86_64-20140702/sdk/tools:/Users/bingbing/Documents/adt-bundle-mac-x86_64-20140702/sdk/platform-tools:/Users/bingbing/.rvm/bin:/Applications/Android Studio.app/Contents/gradle/gradle-3.2/bin
10 verbose lifecycle poemweb@0.0.0~start: CWD: /Users/bingbing/Poem/PoemWeb
11 silly lifecycle poemweb@0.0.0~start: Args: [ '-c', 'node ./bin/www' ]
12 silly lifecycle poemweb@0.0.0~start: Returned: code: 1  signal: null
13 info lifecycle poemweb@0.0.0~start: Failed to exec start script
14 verbose stack Error: poemweb@0.0.0 start: `node ./bin/www`
14 verbose stack Exit status 1
14 verbose stack     at EventEmitter.<anonymous> (/usr/local/lib/node_modules/npm/lib/utils/lifecycle.js:255:16)
14 verbose stack     at emitTwo (events.js:106:13)
14 verbose stack     at EventEmitter.emit (events.js:191:7)
14 verbose stack     at ChildProcess.<anonymous> (/usr/local/lib/node_modules/npm/lib/utils/spawn.js:40:14)
14 verbose stack     at emitTwo (events.js:106:13)
14 verbose stack     at ChildProcess.emit (events.js:191:7)
14 verbose stack     at maybeClose (internal/child_process.js:885:16)
14 verbose stack     at Process.ChildProcess._handle.onexit (internal/child_process.js:226:5)
15 verbose pkgid poemweb@0.0.0
16 verbose cwd /Users/bingbing/Poem/PoemWeb
17 error Darwin 16.7.0
18 error argv "/usr/local/Cellar/node/7.3.0/bin/node" "/usr/local/bin/npm" "start"
19 error node v7.3.0
20 error npm  v3.10.10
21 error code ELIFECYCLE
22 error poemweb@0.0.0 start: `node ./bin/www`
22 error Exit status 1
23 error Failed at the poemweb@0.0.0 start script 'node ./bin/www'.
23 error Make sure you have the latest version of node.js and npm installed.
23 error If you do, this is most likely a problem with the poemweb package,
23 error not with npm itself.
23 error Tell the author that this fails on your system:
23 error     node ./bin/www
23 error You can get information on how to open an issue for this project with:
23 error     npm bugs poemweb
23 error Or if that isn't available, you can get their info via:
23 error     npm owner ls poemweb
23 error There is likely additional logging output above.
24 verbose exit [ 1, true ]
